[22:16:45.079] Global cache location 'C:/Users/raisa/AppData/Local/Microsoft/TypeScript/4.6', safe file path 'c:/charicha dev/charicha institute/ci-website/node_modules/typescript/lib/typingsafelist.json', types map path c:/charicha dev/charicha institute/ci-website/node_modules/typescript/lib/typesmap.json
[22:16:45.081] Processing cache location 'C:/Users/raisa/AppData/Local/Microsoft/TypeScript/4.6'
[22:16:45.082] Trying to find 'C:/Users/raisa/AppData/Local/Microsoft/TypeScript/4.6/package.json'...
[22:16:45.089] Loaded content of 'C:/Users/raisa/AppData/Local/Microsoft/TypeScript/4.6/package.json': {"private":true,"dependencies":{"types-registry":"^0.1.596"},"devDependencies":{"@types/asap":"^2.0.0","@types/babel__code-frame":"^7.0.3","@types/babel__core":"^7.1.19","@types/babel__generator":"^7.6.4","@types/babel__template":"^7.4.1","@types/babel__traverse":"^7.17.1","@types/balanced-match":"^1.0.2","@types/bcrypt":"^5.0.0","@types/bluebird":"^3.5.36","@types/body-parser":"^1.19.2","@types/brace-expansion":"^1.1.0","@types/bytes":"^3.1.1","@types/call-bind":"^1.0.0","@types/caniuse-lite":"^1.0.1","@types/chai":"^4.3.1","@types/co":"^4.6.3","@types/concat-map":"^0.0.1","@types/config":"^0.0.41","@types/content-disposition":"^0.5.5","@types/content-type":"^1.1.5","@types/cookie":"^0.5.1","@types/cookie-parser":"^1.4.3","@types/cookie-signature":"^1.0.4","@types/cors":"^2.8.12","@types/craco__craco":"^6.4.0","@types/d":"^1.0.1","@types/debug":"^4.1.7","@types/depd":"^1.1.32","@types/destroy":"^1.0.0","@types/detective":"^5.1.2","@types/dom-parser":"^0.1.1","@types/ee-first":"^1.1.0","@types/encodeurl":"^1.0.0","@types/escape-html":"^1.0.2","@types/eslint":"^8.4.3","@types/etag":"^1.8.1","@types/express":"^4.17.13","@types/express-fileupload":"^1.2.2","@types/express-session":"^1.17.4","@types/finalhandler":"^1.1.1","@types/fluent":"^0.11.4","@types/fluent-ffmpeg":"^2.1.20","@types/forwarded":"^0.1.0","@types/fresh":"^0.5.0","@types/function-bind":"^1.1.6","@types/glob":"^7.2.0","@types/has":"^1.0.0","@types/http-errors":"^1.8.2","@types/imagemin":"^8.0.0","@types/imagemin-jpegtran":"^5.0.1","@types/imagemin-mozjpeg":"^8.0.1","@types/imagemin-optipng":"^5.2.1","@types/imagemin-webp":"^7.0.0","@types/immediate":"^3.2.0","@types/inherits":"^0.0.30","@types/isarray":"^2.0.0","@types/jade":"^0.0.31","@types/jsonwebtoken":"^8.5.8","@types/jws":"^3.2.4","@types/lodash":"^4.14.180","@types/lodash.foreach":"^4.5.7","@types/lodash.get":"^4.4.7","@types/lodash.includes":"^4.3.7","@types/lodash.isboolean":"^3.0.7","@types/lodash.isinteger":"^4.0.7","@types/lodash.isnumber":"^3.0.7","@types/lodash.isplainobject":"^4.0.7","@types/lodash.isstring":"^4.0.7","@types/lodash.once":"^4.1.7","@types/media-typer":"^1.1.1","@types/merge-descriptors":"^1.0.1","@types/methods":"^1.1.1","@types/mime":"^2.0.3","@types/mime-db":"^1.43.1","@types/mime-types":"^2.1.1","@types/min-document":"^2.19.0","@types/minimatch":"^3.0.5","@types/mocha":"^9.1.1","@types/mongoose-unique-validator":"^1.0.6","@types/morgan":"^1.9.3","@types/mozjpeg":"^5.0.0","@types/ms":"^0.7.31","@types/node":"^17.0.21","@types/node-fetch":"^2.6.1","@types/nopt":"^3.0.29","@types/npmlog":"^4.1.4","@types/object-assign":"^4.0.30","@types/on-finished":"^2.3.1","@types/once":"^1.4.0","@types/pako":"^2.0.0","@types/parseurl":"^1.3.1","@types/passport":"^1.0.8","@types/passport-jwt":"^3.0.6","@types/passport-local":"^1.0.34","@types/passport-strategy":"^0.2.35","@types/path-is-absolute":"^1.0.0","@types/pause":"^0.1.0","@types/pify":"^5.0.1","@types/prettier":"^2.6.1","@types/proxy-addr":"^2.0.0","@types/puppeteer":"^5.4.6","@types/q":"^1.5.5","@types/qs":"^6.9.7","@types/range-parser":"^1.2.4","@types/react":"^18.0.14","@types/react-burger-menu":"^2.8.3","@types/react-dom":"^18.0.5","@types/react-redux":"^7.1.24","@types/react-router-dom":"^5.3.3","@types/react-spinner":"^0.2.0","@types/readable-stream":"^2.3.13","@types/regenerator-runtime":"^0.13.1","@types/replace-ext":"^2.0.0","@types/rimraf":"^3.0.2","@types/safer-buffer":"^2.1.0","@types/selenium-webdriver":"^4.1.0","@types/semver":"^7.3.9","@types/sequelize":"^4.28.13","@types/serve-static":"^1.13.10","@types/sqlite3":"^3.1.8","@types/statuses":"^2.0.0","@types/strict-uri-encode":"^2.0.0","@types/styled-components":"^5.1.25","@types/tailwindcss":"^3.0.10","@types/testing-library__jest-dom":"^5.14.3","@types/tmp":"^0.2.3","@types/type-is":"^1.6.3","@types/util-deprecate":"^1.0.0","@types/utils-merge":"^0.0.28","@types/vary":"^1.1.0","@types/video-react":"^0.15.0","@types/video.js":"^7.3.40","@types/webpack":"^5.28.0","@types/ws":"^8.5.3","@types/xmldom":"^0.1.31","@types/youtube-player":"^5.5.6"}}
[22:16:45.090] Loaded content of 'C:/Users/raisa/AppData/Local/Microsoft/TypeScript/4.6/package-lock.json'
[22:16:45.104] Adding entry into typings cache: 'asap' => 'C:/Users/raisa/AppData/Local/Microsoft/TypeScript/4.6/node_modules/@types/asap/index.d.ts'
[22:16:45.108] Adding entry into typings cache: 'babel__code-frame' => 'C:/Users/raisa/AppData/Local/Microsoft/TypeScript/4.6/node_modules/@types/babel__code-frame/index.d.ts'
[22:16:45.113] Adding entry into typings cache: 'babel__core' => 'C:/Users/raisa/AppData/Local/Microsoft/TypeScript/4.6/node_modules/@types/babel__core/index.d.ts'
[22:16:45.116] Adding entry into typings cache: 'babel__generator' => 'C:/Users/raisa/AppData/Local/Microsoft/TypeScript/4.6/node_modules/@types/babel__generator/index.d.ts'
[22:16:45.118] Adding entry into typings cache: 'babel__template' => 'C:/Users/raisa/AppData/Local/Microsoft/TypeScript/4.6/node_modules/@types/babel__template/index.d.ts'
[22:16:45.122] Adding entry into typings cache: 'babel__traverse' => 'C:/Users/raisa/AppData/Local/Microsoft/TypeScript/4.6/node_modules/@types/babel__traverse/index.d.ts'
[22:16:45.127] Adding entry into typings cache: 'balanced-match' => 'C:/Users/raisa/AppData/Local/Microsoft/TypeScript/4.6/node_modules/@types/balanced-match/index.d.ts'
[22:16:45.129] Adding entry into typings cache: 'bcrypt' => 'C:/Users/raisa/AppData/Local/Microsoft/TypeScript/4.6/node_modules/@types/bcrypt/index.d.ts'
[22:16:45.132] Adding entry into typings cache: 'bluebird' => 'C:/Users/raisa/AppData/Local/Microsoft/TypeScript/4.6/node_modules/@types/bluebird/index.d.ts'
[22:16:45.136] Adding entry into typings cache: 'body-parser' => 'C:/Users/raisa/AppData/Local/Microsoft/TypeScript/4.6/node_modules/@types/body-parser/index.d.ts'
[22:16:45.139] Adding entry into typings cache: 'brace-expansion' => 'C:/Users/raisa/AppData/Local/Microsoft/TypeScript/4.6/node_modules/@types/brace-expansion/index.d.ts'
[22:16:45.142] Adding entry into typings cache: 'bytes' => 'C:/Users/raisa/AppData/Local/Microsoft/TypeScript/4.6/node_modules/@types/bytes/index.d.ts'
[22:16:45.146] Adding entry into typings cache: 'call-bind' => 'C:/Users/raisa/AppData/Local/Microsoft/TypeScript/4.6/node_modules/@types/call-bind/index.d.ts'
[22:16:45.154] Adding entry into typings cache: 'caniuse-lite' => 'C:/Users/raisa/AppData/Local/Microsoft/TypeScript/4.6/node_modules/@types/caniuse-lite/index.d.ts'
[22:16:45.156] Adding entry into typings cache: 'chai' => 'C:/Users/raisa/AppData/Local/Microsoft/TypeScript/4.6/node_modules/@types/chai/index.d.ts'
[22:16:45.159] Adding entry into typings cache: 'co' => 'C:/Users/raisa/AppData/Local/Microsoft/TypeScript/4.6/node_modules/@types/co/index.d.ts'
[22:16:45.161] Adding entry into typings cache: 'concat-map' => 'C:/Users/raisa/AppData/Local/Microsoft/TypeScript/4.6/node_modules/@types/concat-map/index.d.ts'
[22:16:45.164] Adding entry into typings cache: 'config' => 'C:/Users/raisa/AppData/Local/Microsoft/TypeScript/4.6/node_modules/@types/config/index.d.ts'
[22:16:45.166] Adding entry into typings cache: 'content-disposition' => 'C:/Users/raisa/AppData/Local/Microsoft/TypeScript/4.6/node_modules/@types/content-disposition/index.d.ts'
[22:16:45.170] Adding entry into typings cache: 'content-type' => 'C:/Users/raisa/AppData/Local/Microsoft/TypeScript/4.6/node_modules/@types/content-type/index.d.ts'
[22:16:45.172] Adding entry into typings cache: 'cookie' => 'C:/Users/raisa/AppData/Local/Microsoft/TypeScript/4.6/node_modules/@types/cookie/index.d.ts'
[22:16:45.174] Adding entry into typings cache: 'cookie-parser' => 'C:/Users/raisa/AppData/Local/Microsoft/TypeScript/4.6/node_modules/@types/cookie-parser/index.d.ts'
[22:16:45.175] Adding entry into typings cache: 'cookie-signature' => 'C:/Users/raisa/AppData/Local/Microsoft/TypeScript/4.6/node_modules/@types/cookie-signature/index.d.ts'
[22:16:45.178] Adding entry into typings cache: 'cors' => 'C:/Users/raisa/AppData/Local/Microsoft/TypeScript/4.6/node_modules/@types/cors/index.d.ts'
[22:16:45.180] Adding entry into typings cache: 'craco__craco' => 'C:/Users/raisa/AppData/Local/Microsoft/TypeScript/4.6/node_modules/@types/craco__craco/index.d.ts'
[22:16:45.182] Adding entry into typings cache: 'd' => 'C:/Users/raisa/AppData/Local/Microsoft/TypeScript/4.6/node_modules/@types/d/index.d.ts'
[22:16:45.190] Adding entry into typings cache: 'debug' => 'C:/Users/raisa/AppData/Local/Microsoft/TypeScript/4.6/node_modules/@types/debug/index.d.ts'
[22:16:45.192] Adding entry into typings cache: 'depd' => 'C:/Users/raisa/AppData/Local/Microsoft/TypeScript/4.6/node_modules/@types/depd/index.d.ts'
[22:16:45.194] Adding entry into typings cache: 'destroy' => 'C:/Users/raisa/AppData/Local/Microsoft/TypeScript/4.6/node_modules/@types/destroy/index.d.ts'
[22:16:45.196] Adding entry into typings cache: 'detective' => 'C:/Users/raisa/AppData/Local/Microsoft/TypeScript/4.6/node_modules/@types/detective/index.d.ts'
[22:16:45.199] Adding entry into typings cache: 'dom-parser' => 'C:/Users/raisa/AppData/Local/Microsoft/TypeScript/4.6/node_modules/@types/dom-parser/index.d.ts'
[22:16:45.201] Adding entry into typings cache: 'ee-first' => 'C:/Users/raisa/AppData/Local/Microsoft/TypeScript/4.6/node_modules/@types/ee-first/index.d.ts'
[22:16:45.204] Adding entry into typings cache: 'encodeurl' => 'C:/Users/raisa/AppData/Local/Microsoft/TypeScript/4.6/node_modules/@types/encodeurl/index.d.ts'
[22:16:45.206] Adding entry into typings cache: 'escape-html' => 'C:/Users/raisa/AppData/Local/Microsoft/TypeScript/4.6/node_modules/@types/escape-html/index.d.ts'
[22:16:45.209] Adding entry into typings cache: 'eslint' => 'C:/Users/raisa/AppData/Local/Microsoft/TypeScript/4.6/node_modules/@types/eslint/index.d.ts'
[22:16:45.211] Adding entry into typings cache: 'etag' => 'C:/Users/raisa/AppData/Local/Microsoft/TypeScript/4.6/node_modules/@types/etag/index.d.ts'
[22:16:45.213] Adding entry into typings cache: 'express' => 'C:/Users/raisa/AppData/Local/Microsoft/TypeScript/4.6/node_modules/@types/express/index.d.ts'
[22:16:45.216] Adding entry into typings cache: 'express-fileupload' => 'C:/Users/raisa/AppData/Local/Microsoft/TypeScript/4.6/node_modules/@types/express-fileupload/index.d.ts'
[22:16:45.219] Adding entry into typings cache: 'express-session' => 'C:/Users/raisa/AppData/Local/Microsoft/TypeScript/4.6/node_modules/@types/express-session/index.d.ts'
[22:16:45.223] Adding entry into typings cache: 'finalhandler' => 'C:/Users/raisa/AppData/Local/Microsoft/TypeScript/4.6/node_modules/@types/finalhandler/index.d.ts'
[22:16:45.225] Adding entry into typings cache: 'fluent' => 'C:/Users/raisa/AppData/Local/Microsoft/TypeScript/4.6/node_modules/@types/fluent/index.d.ts'
[22:16:45.227] Adding entry into typings cache: 'fluent-ffmpeg' => 'C:/Users/raisa/AppData/Local/Microsoft/TypeScript/4.6/node_modules/@types/fluent-ffmpeg/index.d.ts'
[22:16:45.230] Adding entry into typings cache: 'forwarded' => 'C:/Users/raisa/AppData/Local/Microsoft/TypeScript/4.6/node_modules/@types/forwarded/index.d.ts'
[22:16:45.231] Adding entry into typings cache: 'fresh' => 'C:/Users/raisa/AppData/Local/Microsoft/TypeScript/4.6/node_modules/@types/fresh/index.d.ts'
[22:16:45.233] Adding entry into typings cache: 'function-bind' => 'C:/Users/raisa/AppData/Local/Microsoft/TypeScript/4.6/node_modules/@types/function-bind/index.d.ts'
[22:16:45.236] Adding entry into typings cache: 'glob' => 'C:/Users/raisa/AppData/Local/Microsoft/TypeScript/4.6/node_modules/@types/glob/index.d.ts'
[22:16:45.238] Adding entry into typings cache: 'has' => 'C:/Users/raisa/AppData/Local/Microsoft/TypeScript/4.6/node_modules/@types/has/index.d.ts'
[22:16:45.240] Adding entry into typings cache: 'http-errors' => 'C:/Users/raisa/AppData/Local/Microsoft/TypeScript/4.6/node_modules/@types/http-errors/index.d.ts'
[22:16:45.242] Adding entry into typings cache: 'imagemin' => 'C:/Users/raisa/AppData/Local/Microsoft/TypeScript/4.6/node_modules/@types/imagemin/index.d.ts'
[22:16:45.245] Adding entry into typings cache: 'imagemin-jpegtran' => 'C:/Users/raisa/AppData/Local/Microsoft/TypeScript/4.6/node_modules/@types/imagemin-jpegtran/index.d.ts'
[22:16:45.248] Adding entry into typings cache: 'imagemin-mozjpeg' => 'C:/Users/raisa/AppData/Local/Microsoft/TypeScript/4.6/node_modules/@types/imagemin-mozjpeg/index.d.ts'
[22:16:45.251] Adding entry into typings cache: 'imagemin-optipng' => 'C:/Users/raisa/AppData/Local/Microsoft/TypeScript/4.6/node_modules/@types/imagemin-optipng/index.d.ts'
[22:16:45.255] Adding entry into typings cache: 'imagemin-webp' => 'C:/Users/raisa/AppData/Local/Microsoft/TypeScript/4.6/node_modules/@types/imagemin-webp/index.d.ts'
[22:16:45.258] Adding entry into typings cache: 'immediate' => 'C:/Users/raisa/AppData/Local/Microsoft/TypeScript/4.6/node_modules/@types/immediate/index.d.ts'
[22:16:45.259] Adding entry into typings cache: 'inherits' => 'C:/Users/raisa/AppData/Local/Microsoft/TypeScript/4.6/node_modules/@types/inherits/index.d.ts'
[22:16:45.261] Adding entry into typings cache: 'isarray' => 'C:/Users/raisa/AppData/Local/Microsoft/TypeScript/4.6/node_modules/@types/isarray/index.d.ts'
[22:16:45.264] Adding entry into typings cache: 'jade' => 'C:/Users/raisa/AppData/Local/Microsoft/TypeScript/4.6/node_modules/@types/jade/index.d.ts'
[22:16:45.267] Adding entry into typings cache: 'jsonwebtoken' => 'C:/Users/raisa/AppData/Local/Microsoft/TypeScript/4.6/node_modules/@types/jsonwebtoken/index.d.ts'
[22:16:45.269] Adding entry into typings cache: 'jws' => 'C:/Users/raisa/AppData/Local/Microsoft/TypeScript/4.6/node_modules/@types/jws/index.d.ts'
[22:16:45.272] Adding entry into typings cache: 'lodash' => 'C:/Users/raisa/AppData/Local/Microsoft/TypeScript/4.6/node_modules/@types/lodash/index.d.ts'
[22:16:45.274] Adding entry into typings cache: 'lodash.foreach' => 'C:/Users/raisa/AppData/Local/Microsoft/TypeScript/4.6/node_modules/@types/lodash.foreach/index.d.ts'
[22:16:45.278] Adding entry into typings cache: 'lodash.get' => 'C:/Users/raisa/AppData/Local/Microsoft/TypeScript/4.6/node_modules/@types/lodash.get/index.d.ts'
[22:16:45.280] Adding entry into typings cache: 'lodash.includes' => 'C:/Users/raisa/AppData/Local/Microsoft/TypeScript/4.6/node_modules/@types/lodash.includes/index.d.ts'
[22:16:45.284] Adding entry into typings cache: 'lodash.isboolean' => 'C:/Users/raisa/AppData/Local/Microsoft/TypeScript/4.6/node_modules/@types/lodash.isboolean/index.d.ts'
[22:16:45.288] Adding entry into typings cache: 'lodash.isinteger' => 'C:/Users/raisa/AppData/Local/Microsoft/TypeScript/4.6/node_modules/@types/lodash.isinteger/index.d.ts'
[22:16:45.291] Adding entry into typings cache: 'lodash.isnumber' => 'C:/Users/raisa/AppData/Local/Microsoft/TypeScript/4.6/node_modules/@types/lodash.isnumber/index.d.ts'
[22:16:45.293] Adding entry into typings cache: 'lodash.isplainobject' => 'C:/Users/raisa/AppData/Local/Microsoft/TypeScript/4.6/node_modules/@types/lodash.isplainobject/index.d.ts'
[22:16:45.296] Adding entry into typings cache: 'lodash.isstring' => 'C:/Users/raisa/AppData/Local/Microsoft/TypeScript/4.6/node_modules/@types/lodash.isstring/index.d.ts'
[22:16:45.300] Adding entry into typings cache: 'lodash.once' => 'C:/Users/raisa/AppData/Local/Microsoft/TypeScript/4.6/node_modules/@types/lodash.once/index.d.ts'
[22:16:45.305] Adding entry into typings cache: 'media-typer' => 'C:/Users/raisa/AppData/Local/Microsoft/TypeScript/4.6/node_modules/@types/media-typer/index.d.ts'
[22:16:45.307] Adding entry into typings cache: 'merge-descriptors' => 'C:/Users/raisa/AppData/Local/Microsoft/TypeScript/4.6/node_modules/@types/merge-descriptors/index.d.ts'
[22:16:45.310] Adding entry into typings cache: 'methods' => 'C:/Users/raisa/AppData/Local/Microsoft/TypeScript/4.6/node_modules/@types/methods/index.d.ts'
[22:16:45.313] Adding entry into typings cache: 'mime' => 'C:/Users/raisa/AppData/Local/Microsoft/TypeScript/4.6/node_modules/@types/mime/index.d.ts'
[22:16:45.318] Adding entry into typings cache: 'mime-db' => 'C:/Users/raisa/AppData/Local/Microsoft/TypeScript/4.6/node_modules/@types/mime-db/index.d.ts'
[22:16:45.322] Adding entry into typings cache: 'mime-types' => 'C:/Users/raisa/AppData/Local/Microsoft/TypeScript/4.6/node_modules/@types/mime-types/index.d.ts'
[22:16:45.325] Adding entry into typings cache: 'min-document' => 'C:/Users/raisa/AppData/Local/Microsoft/TypeScript/4.6/node_modules/@types/min-document/index.d.ts'
[22:16:45.328] Adding entry into typings cache: 'minimatch' => 'C:/Users/raisa/AppData/Local/Microsoft/TypeScript/4.6/node_modules/@types/minimatch/index.d.ts'
[22:16:45.331] Adding entry into typings cache: 'mocha' => 'C:/Users/raisa/AppData/Local/Microsoft/TypeScript/4.6/node_modules/@types/mocha/index.d.ts'
[22:16:45.334] Adding entry into typings cache: 'mongoose-unique-validator' => 'C:/Users/raisa/AppData/Local/Microsoft/TypeScript/4.6/node_modules/@types/mongoose-unique-validator/index.d.ts'
[22:16:45.337] Adding entry into typings cache: 'morgan' => 'C:/Users/raisa/AppData/Local/Microsoft/TypeScript/4.6/node_modules/@types/morgan/index.d.ts'
[22:16:45.340] Adding entry into typings cache: 'mozjpeg' => 'C:/Users/raisa/AppData/Local/Microsoft/TypeScript/4.6/node_modules/@types/mozjpeg/index.d.ts'
[22:16:45.346] Adding entry into typings cache: 'ms' => 'C:/Users/raisa/AppData/Local/Microsoft/TypeScript/4.6/node_modules/@types/ms/index.d.ts'
[22:16:45.352] Adding entry into typings cache: 'node' => 'C:/Users/raisa/AppData/Local/Microsoft/TypeScript/4.6/node_modules/@types/node/index.d.ts'
[22:16:45.356] Adding entry into typings cache: 'node-fetch' => 'C:/Users/raisa/AppData/Local/Microsoft/TypeScript/4.6/node_modules/@types/node-fetch/index.d.ts'
[22:16:45.361] Adding entry into typings cache: 'nopt' => 'C:/Users/raisa/AppData/Local/Microsoft/TypeScript/4.6/node_modules/@types/nopt/index.d.ts'
[22:16:45.364] Adding entry into typings cache: 'npmlog' => 'C:/Users/raisa/AppData/Local/Microsoft/TypeScript/4.6/node_modules/@types/npmlog/index.d.ts'
[22:16:45.366] Adding entry into typings cache: 'object-assign' => 'C:/Users/raisa/AppData/Local/Microsoft/TypeScript/4.6/node_modules/@types/object-assign/index.d.ts'
[22:16:45.368] Adding entry into typings cache: 'on-finished' => 'C:/Users/raisa/AppData/Local/Microsoft/TypeScript/4.6/node_modules/@types/on-finished/index.d.ts'
[22:16:45.371] Adding entry into typings cache: 'once' => 'C:/Users/raisa/AppData/Local/Microsoft/TypeScript/4.6/node_modules/@types/once/index.d.ts'
[22:16:45.374] Adding entry into typings cache: 'pako' => 'C:/Users/raisa/AppData/Local/Microsoft/TypeScript/4.6/node_modules/@types/pako/index.d.ts'
[22:16:45.377] Adding entry into typings cache: 'parseurl' => 'C:/Users/raisa/AppData/Local/Microsoft/TypeScript/4.6/node_modules/@types/parseurl/index.d.ts'
[22:16:45.381] Adding entry into typings cache: 'passport' => 'C:/Users/raisa/AppData/Local/Microsoft/TypeScript/4.6/node_modules/@types/passport/index.d.ts'
[22:16:45.383] Adding entry into typings cache: 'passport-jwt' => 'C:/Users/raisa/AppData/Local/Microsoft/TypeScript/4.6/node_modules/@types/passport-jwt/index.d.ts'
[22:16:45.385] Adding entry into typings cache: 'passport-local' => 'C:/Users/raisa/AppData/Local/Microsoft/TypeScript/4.6/node_modules/@types/passport-local/index.d.ts'
[22:16:45.389] Adding entry into typings cache: 'passport-strategy' => 'C:/Users/raisa/AppData/Local/Microsoft/TypeScript/4.6/node_modules/@types/passport-strategy/index.d.ts'
[22:16:45.393] Adding entry into typings cache: 'path-is-absolute' => 'C:/Users/raisa/AppData/Local/Microsoft/TypeScript/4.6/node_modules/@types/path-is-absolute/index.d.ts'
[22:16:45.396] Adding entry into typings cache: 'pause' => 'C:/Users/raisa/AppData/Local/Microsoft/TypeScript/4.6/node_modules/@types/pause/index.d.ts'
[22:16:45.399] Adding entry into typings cache: 'pify' => 'C:/Users/raisa/AppData/Local/Microsoft/TypeScript/4.6/node_modules/@types/pify/index.d.ts'
[22:16:45.403] Adding entry into typings cache: 'prettier' => 'C:/Users/raisa/AppData/Local/Microsoft/TypeScript/4.6/node_modules/@types/prettier/index.d.ts'
[22:16:45.406] Adding entry into typings cache: 'proxy-addr' => 'C:/Users/raisa/AppData/Local/Microsoft/TypeScript/4.6/node_modules/@types/proxy-addr/index.d.ts'
[22:16:45.409] Adding entry into typings cache: 'puppeteer' => 'C:/Users/raisa/AppData/Local/Microsoft/TypeScript/4.6/node_modules/@types/puppeteer/index.d.ts'
[22:16:45.412] Adding entry into typings cache: 'q' => 'C:/Users/raisa/AppData/Local/Microsoft/TypeScript/4.6/node_modules/@types/q/index.d.ts'
[22:16:45.415] Adding entry into typings cache: 'qs' => 'C:/Users/raisa/AppData/Local/Microsoft/TypeScript/4.6/node_modules/@types/qs/index.d.ts'
[22:16:45.419] Adding entry into typings cache: 'range-parser' => 'C:/Users/raisa/AppData/Local/Microsoft/TypeScript/4.6/node_modules/@types/range-parser/index.d.ts'
[22:16:45.425] Adding entry into typings cache: 'react' => 'C:/Users/raisa/AppData/Local/Microsoft/TypeScript/4.6/node_modules/@types/react/index.d.ts'
[22:16:45.429] Adding entry into typings cache: 'react-burger-menu' => 'C:/Users/raisa/AppData/Local/Microsoft/TypeScript/4.6/node_modules/@types/react-burger-menu/index.d.ts'
[22:16:45.432] Adding entry into typings cache: 'react-dom' => 'C:/Users/raisa/AppData/Local/Microsoft/TypeScript/4.6/node_modules/@types/react-dom/index.d.ts'
[22:16:45.435] Adding entry into typings cache: 'react-redux' => 'C:/Users/raisa/AppData/Local/Microsoft/TypeScript/4.6/node_modules/@types/react-redux/index.d.ts'
[22:16:45.440] Adding entry into typings cache: 'react-router-dom' => 'C:/Users/raisa/AppData/Local/Microsoft/TypeScript/4.6/node_modules/@types/react-router-dom/index.d.ts'
[22:16:45.443] Adding entry into typings cache: 'react-spinner' => 'C:/Users/raisa/AppData/Local/Microsoft/TypeScript/4.6/node_modules/@types/react-spinner/index.d.ts'
[22:16:45.446] Adding entry into typings cache: 'readable-stream' => 'C:/Users/raisa/AppData/Local/Microsoft/TypeScript/4.6/node_modules/@types/readable-stream/index.d.ts'
[22:16:45.450] Adding entry into typings cache: 'regenerator-runtime' => 'C:/Users/raisa/AppData/Local/Microsoft/TypeScript/4.6/node_modules/@types/regenerator-runtime/index.d.ts'
[22:16:45.454] Adding entry into typings cache: 'replace-ext' => 'C:/Users/raisa/AppData/Local/Microsoft/TypeScript/4.6/node_modules/@types/replace-ext/index.d.ts'
[22:16:45.457] Adding entry into typings cache: 'rimraf' => 'C:/Users/raisa/AppData/Local/Microsoft/TypeScript/4.6/node_modules/@types/rimraf/index.d.ts'
[22:16:45.460] Adding entry into typings cache: 'safer-buffer' => 'C:/Users/raisa/AppData/Local/Microsoft/TypeScript/4.6/node_modules/@types/safer-buffer/index.d.ts'
[22:16:45.463] Adding entry into typings cache: 'selenium-webdriver' => 'C:/Users/raisa/AppData/Local/Microsoft/TypeScript/4.6/node_modules/@types/selenium-webdriver/index.d.ts'
[22:16:45.466] Adding entry into typings cache: 'semver' => 'C:/Users/raisa/AppData/Local/Microsoft/TypeScript/4.6/node_modules/@types/semver/index.d.ts'
[22:16:45.469] Adding entry into typings cache: 'sequelize' => 'C:/Users/raisa/AppData/Local/Microsoft/TypeScript/4.6/node_modules/@types/sequelize/index.d.ts'
[22:16:45.472] Adding entry into typings cache: 'serve-static' => 'C:/Users/raisa/AppData/Local/Microsoft/TypeScript/4.6/node_modules/@types/serve-static/index.d.ts'
[22:16:45.474] Adding entry into typings cache: 'sqlite3' => 'C:/Users/raisa/AppData/Local/Microsoft/TypeScript/4.6/node_modules/@types/sqlite3/index.d.ts'
[22:16:45.477] Adding entry into typings cache: 'statuses' => 'C:/Users/raisa/AppData/Local/Microsoft/TypeScript/4.6/node_modules/@types/statuses/index.d.ts'
[22:16:45.479] Adding entry into typings cache: 'strict-uri-encode' => 'C:/Users/raisa/AppData/Local/Microsoft/TypeScript/4.6/node_modules/@types/strict-uri-encode/index.d.ts'
[22:16:45.482] Adding entry into typings cache: 'styled-components' => 'C:/Users/raisa/AppData/Local/Microsoft/TypeScript/4.6/node_modules/@types/styled-components/index.d.ts'
[22:16:45.485] Adding entry into typings cache: 'tailwindcss' => 'C:/Users/raisa/AppData/Local/Microsoft/TypeScript/4.6/node_modules/@types/tailwindcss/index.d.ts'
[22:16:45.488] Adding entry into typings cache: 'testing-library__jest-dom' => 'C:/Users/raisa/AppData/Local/Microsoft/TypeScript/4.6/node_modules/@types/testing-library__jest-dom/index.d.ts'
[22:16:45.490] Adding entry into typings cache: 'tmp' => 'C:/Users/raisa/AppData/Local/Microsoft/TypeScript/4.6/node_modules/@types/tmp/index.d.ts'
[22:16:45.492] Adding entry into typings cache: 'type-is' => 'C:/Users/raisa/AppData/Local/Microsoft/TypeScript/4.6/node_modules/@types/type-is/index.d.ts'
[22:16:45.496] Adding entry into typings cache: 'util-deprecate' => 'C:/Users/raisa/AppData/Local/Microsoft/TypeScript/4.6/node_modules/@types/util-deprecate/index.d.ts'
[22:16:45.503] Adding entry into typings cache: 'utils-merge' => 'C:/Users/raisa/AppData/Local/Microsoft/TypeScript/4.6/node_modules/@types/utils-merge/index.d.ts'
[22:16:45.505] Adding entry into typings cache: 'vary' => 'C:/Users/raisa/AppData/Local/Microsoft/TypeScript/4.6/node_modules/@types/vary/index.d.ts'
[22:16:45.507] Adding entry into typings cache: 'video-react' => 'C:/Users/raisa/AppData/Local/Microsoft/TypeScript/4.6/node_modules/@types/video-react/index.d.ts'
[22:16:45.511] Adding entry into typings cache: 'video.js' => 'C:/Users/raisa/AppData/Local/Microsoft/TypeScript/4.6/node_modules/@types/video.js/index.d.ts'
[22:16:45.518] Adding entry into typings cache: 'webpack' => 'C:/Users/raisa/AppData/Local/Microsoft/TypeScript/4.6/node_modules/webpack/types.d.ts'
[22:16:45.522] Adding entry into typings cache: 'ws' => 'C:/Users/raisa/AppData/Local/Microsoft/TypeScript/4.6/node_modules/@types/ws/index.d.ts'
[22:16:45.525] Adding entry into typings cache: 'xmldom' => 'C:/Users/raisa/AppData/Local/Microsoft/TypeScript/4.6/node_modules/@types/xmldom/index.d.ts'
[22:16:45.530] Adding entry into typings cache: 'youtube-player' => 'C:/Users/raisa/AppData/Local/Microsoft/TypeScript/4.6/node_modules/@types/youtube-player/index.d.ts'
[22:16:45.530] Finished processing cache location 'C:/Users/raisa/AppData/Local/Microsoft/TypeScript/4.6'
[22:16:45.531] Process id: 9596
[22:16:45.531] NPM location: "C:\Program Files\nodejs\npm" (explicit '--npmLocation' not  provided)
[22:16:45.531] validateDefaultNpmLocation: false
[22:16:45.532] Npm config file: C:/Users/raisa/AppData/Local/Microsoft/TypeScript/4.6/package.json
[22:16:45.532] Updating types-registry npm package...
[22:16:45.532] Exec: "C:\Program Files\nodejs\npm" install --ignore-scripts types-registry@latest
[22:16:47.916]     Succeeded. stdout:
    
    up to date, audited 320 packages in 2s

19 packages are looking for funding
  run `npm fund` for details

found 0 vulnerabilities

[22:16:47.916] Updated types-registry npm package
[22:16:49.321] Got install request {"projectName":"/dev/null/inferredProject1*","fileNames":["c:/Charicha Dev/Charicha Institute/ci-website/node_modules/typescript/lib/lib.es5.d.ts","c:/Charicha Dev/Charicha Institute/ci-website/node_modules/typescript/lib/lib.es2015.d.ts","c:/Charicha Dev/Charicha Institute/ci-website/node_modules/typescript/lib/lib.es2016.d.ts","c:/Charicha Dev/Charicha Institute/ci-website/node_modules/typescript/lib/lib.dom.d.ts","c:/Charicha Dev/Charicha Institute/ci-website/node_modules/typescript/lib/lib.dom.iterable.d.ts","c:/Charicha Dev/Charicha Institute/ci-website/node_modules/typescript/lib/lib.webworker.importscripts.d.ts","c:/Charicha Dev/Charicha Institute/ci-website/node_modules/typescript/lib/lib.scripthost.d.ts","c:/Charicha Dev/Charicha Institute/ci-website/node_modules/typescript/lib/lib.es2015.core.d.ts","c:/Charicha Dev/Charicha Institute/ci-website/node_modules/typescript/lib/lib.es2015.collection.d.ts","c:/Charicha Dev/Charicha Institute/ci-website/node_modules/typescript/lib/lib.es2015.generator.d.ts","c:/Charicha Dev/Charicha Institute/ci-website/node_modules/typescript/lib/lib.es2015.iterable.d.ts","c:/Charicha Dev/Charicha Institute/ci-website/node_modules/typescript/lib/lib.es2015.promise.d.ts","c:/Charicha Dev/Charicha Institute/ci-website/node_modules/typescript/lib/lib.es2015.proxy.d.ts","c:/Charicha Dev/Charicha Institute/ci-website/node_modules/typescript/lib/lib.es2015.reflect.d.ts","c:/Charicha Dev/Charicha Institute/ci-website/node_modules/typescript/lib/lib.es2015.symbol.d.ts","c:/Charicha Dev/Charicha Institute/ci-website/node_modules/typescript/lib/lib.es2015.symbol.wellknown.d.ts","c:/Charicha Dev/Charicha Institute/ci-website/node_modules/typescript/lib/lib.es2016.array.include.d.ts","c:/Charicha Dev/Charicha Institute/ci-website/node_modules/typescript/lib/lib.es2016.full.d.ts","c:/Charicha Dev/Charicha Institute/ci-website/components/utils/Marginer.js","c:/Charicha Dev/Charicha Institute/ci-website/lib/utils/Responsive.js","c:/Charicha Dev/Charicha Institute/ci-website/components/DropdownMenu/index.js","c:/Charicha Dev/Charicha Institute/ci-website/lib/firebaseConfig.js","c:/Charicha Dev/Charicha Institute/ci-website/lib/firebase.js","c:/Charicha Dev/Charicha Institute/ci-website/lib/service/AuthService.js","c:/Charicha Dev/Charicha Institute/ci-website/lib/service/UserService.js","c:/Charicha Dev/Charicha Institute/ci-website/lib/hooks/Auth.js","c:/Charicha Dev/Charicha Institute/ci-website/components/Navbar.js","c:/Charicha Dev/Charicha Institute/ci-website/components/course/coursesList.js","c:/Charicha Dev/Charicha Institute/ci-website/components/buttons/PrimaryButton.js","c:/Charicha Dev/Charicha Institute/ci-website/pages/courses/[id].js"],"compilerOptions":{"module":1,"target":3,"jsx":1,"allowJs":true,"allowSyntheticDefaultImports":true,"allowNonTsExtensions":true,"noEmitForJsFiles":true,"maxNodeModuleJsDepth":2},"typeAcquisition":{"enable":true,"include":[],"exclude":[]},"unresolvedImports":[],"projectRootPath":"c:/Charicha Dev/Charicha Institute/ci-website/pages/courses","kind":"discover"}
[22:16:49.340] Loaded safelist from types map file 'c:/charicha dev/charicha institute/ci-website/node_modules/typescript/lib/typesmap.json'
[22:16:49.341] Explicitly included types: []
[22:16:49.346] Inferred typings from unresolved imports: []
[22:16:49.346] Result: {"cachedTypingPaths":[],"newTypingNames":[],"filesToWatch":["c:/Charicha Dev/Charicha Institute/ci-website/components/utils/bower_components","c:/Charicha Dev/Charicha Institute/ci-website/components/utils/node_modules","c:/Charicha Dev/Charicha Institute/ci-website/lib/utils/bower_components","c:/Charicha Dev/Charicha Institute/ci-website/lib/utils/node_modules","c:/Charicha Dev/Charicha Institute/ci-website/components/DropdownMenu/bower_components","c:/Charicha Dev/Charicha Institute/ci-website/components/DropdownMenu/node_modules","c:/Charicha Dev/Charicha Institute/ci-website/lib/bower_components","c:/Charicha Dev/Charicha Institute/ci-website/lib/node_modules","c:/Charicha Dev/Charicha Institute/ci-website/lib/service/bower_components","c:/Charicha Dev/Charicha Institute/ci-website/lib/service/node_modules","c:/Charicha Dev/Charicha Institute/ci-website/lib/hooks/bower_components","c:/Charicha Dev/Charicha Institute/ci-website/lib/hooks/node_modules","c:/Charicha Dev/Charicha Institute/ci-website/components/bower_components","c:/Charicha Dev/Charicha Institute/ci-website/components/node_modules","c:/Charicha Dev/Charicha Institute/ci-website/components/course/bower_components","c:/Charicha Dev/Charicha Institute/ci-website/components/course/node_modules","c:/Charicha Dev/Charicha Institute/ci-website/components/buttons/bower_components","c:/Charicha Dev/Charicha Institute/ci-website/components/buttons/node_modules","c:/Charicha Dev/Charicha Institute/ci-website/pages/courses/bower_components","c:/Charicha Dev/Charicha Institute/ci-website/pages/courses/node_modules"]}
[22:16:49.347] Finished typings discovery: {"cachedTypingPaths":[],"newTypingNames":[],"filesToWatch":["c:/Charicha Dev/Charicha Institute/ci-website/components/utils/bower_components","c:/Charicha Dev/Charicha Institute/ci-website/components/utils/node_modules","c:/Charicha Dev/Charicha Institute/ci-website/lib/utils/bower_components","c:/Charicha Dev/Charicha Institute/ci-website/lib/utils/node_modules","c:/Charicha Dev/Charicha Institute/ci-website/components/DropdownMenu/bower_components","c:/Charicha Dev/Charicha Institute/ci-website/components/DropdownMenu/node_modules","c:/Charicha Dev/Charicha Institute/ci-website/lib/bower_components","c:/Charicha Dev/Charicha Institute/ci-website/lib/node_modules","c:/Charicha Dev/Charicha Institute/ci-website/lib/service/bower_components","c:/Charicha Dev/Charicha Institute/ci-website/lib/service/node_modules","c:/Charicha Dev/Charicha Institute/ci-website/lib/hooks/bower_components","c:/Charicha Dev/Charicha Institute/ci-website/lib/hooks/node_modules","c:/Charicha Dev/Charicha Institute/ci-website/components/bower_components","c:/Charicha Dev/Charicha Institute/ci-website/components/node_modules","c:/Charicha Dev/Charicha Institute/ci-website/components/course/bower_components","c:/Charicha Dev/Charicha Institute/ci-website/components/course/node_modules","c:/Charicha Dev/Charicha Institute/ci-website/components/buttons/bower_components","c:/Charicha Dev/Charicha Institute/ci-website/components/buttons/node_modules","c:/Charicha Dev/Charicha Institute/ci-website/pages/courses/bower_components","c:/Charicha Dev/Charicha Institute/ci-website/pages/courses/node_modules"]}
[22:16:49.348] DirectoryWatcher:: Added:: WatchInfo: c:/Charicha Dev/Charicha Institute/ci-website/components/utils/bower_components
[22:16:49.350] DirectoryWatcher:: Added:: WatchInfo: c:/Charicha Dev/Charicha Institute/ci-website/components/utils/bower_components 1 undefined Project: /dev/null/inferredProject1* watcher already invoked: false
[22:16:49.354] Elapsed:: 1.9943000078201294ms DirectoryWatcher:: Added:: WatchInfo: c:/Charicha Dev/Charicha Institute/ci-website/components/utils/bower_components 1 undefined Project: /dev/null/inferredProject1* watcher already invoked: false
[22:16:49.354] DirectoryWatcher:: Added:: WatchInfo: c:/Charicha Dev/Charicha Institute/ci-website/components/utils/node_modules
[22:16:49.355] DirectoryWatcher:: Added:: WatchInfo: c:/Charicha Dev/Charicha Institute/ci-website/components/utils/node_modules 1 undefined Project: /dev/null/inferredProject1* watcher already invoked: false
[22:16:49.356] Elapsed:: 0.6229000091552734ms DirectoryWatcher:: Added:: WatchInfo: c:/Charicha Dev/Charicha Institute/ci-website/components/utils/node_modules 1 undefined Project: /dev/null/inferredProject1* watcher already invoked: false
[22:16:49.357] DirectoryWatcher:: Added:: WatchInfo: c:/Charicha Dev/Charicha Institute/ci-website/lib/utils/bower_components
[22:16:49.358] DirectoryWatcher:: Added:: WatchInfo: c:/Charicha Dev/Charicha Institute/ci-website/lib/utils/bower_components 1 undefined Project: /dev/null/inferredProject1* watcher already invoked: false
[22:16:49.359] Elapsed:: 0.4366000294685364ms DirectoryWatcher:: Added:: WatchInfo: c:/Charicha Dev/Charicha Institute/ci-website/lib/utils/bower_components 1 undefined Project: /dev/null/inferredProject1* watcher already invoked: false
[22:16:49.360] DirectoryWatcher:: Added:: WatchInfo: c:/Charicha Dev/Charicha Institute/ci-website/lib/utils/node_modules
[22:16:49.360] DirectoryWatcher:: Added:: WatchInfo: c:/Charicha Dev/Charicha Institute/ci-website/lib/utils/node_modules 1 undefined Project: /dev/null/inferredProject1* watcher already invoked: false
[22:16:49.361] Elapsed:: 0.1658000349998474ms DirectoryWatcher:: Added:: WatchInfo: c:/Charicha Dev/Charicha Institute/ci-website/lib/utils/node_modules 1 undefined Project: /dev/null/inferredProject1* watcher already invoked: false
[22:16:49.361] DirectoryWatcher:: Added:: WatchInfo: c:/Charicha Dev/Charicha Institute/ci-website/components/DropdownMenu/bower_components
[22:16:49.361] DirectoryWatcher:: Added:: WatchInfo: c:/Charicha Dev/Charicha Institute/ci-website/components/DropdownMenu/bower_components 1 undefined Project: /dev/null/inferredProject1* watcher already invoked: false
[22:16:49.362] Elapsed:: 0.1581999659538269ms DirectoryWatcher:: Added:: WatchInfo: c:/Charicha Dev/Charicha Institute/ci-website/components/DropdownMenu/bower_components 1 undefined Project: /dev/null/inferredProject1* watcher already invoked: false
[22:16:49.362] DirectoryWatcher:: Added:: WatchInfo: c:/Charicha Dev/Charicha Institute/ci-website/components/DropdownMenu/node_modules
[22:16:49.362] DirectoryWatcher:: Added:: WatchInfo: c:/Charicha Dev/Charicha Institute/ci-website/components/DropdownMenu/node_modules 1 undefined Project: /dev/null/inferredProject1* watcher already invoked: false
[22:16:49.363] Elapsed:: 0.20389997959136963ms DirectoryWatcher:: Added:: WatchInfo: c:/Charicha Dev/Charicha Institute/ci-website/components/DropdownMenu/node_modules 1 undefined Project: /dev/null/inferredProject1* watcher already invoked: false
[22:16:49.363] DirectoryWatcher:: Added:: WatchInfo: c:/Charicha Dev/Charicha Institute/ci-website/lib/bower_components
[22:16:49.363] DirectoryWatcher:: Added:: WatchInfo: c:/Charicha Dev/Charicha Institute/ci-website/lib/bower_components 1 undefined Project: /dev/null/inferredProject1* watcher already invoked: false
[22:16:49.364] Elapsed:: 0.4787999987602234ms DirectoryWatcher:: Added:: WatchInfo: c:/Charicha Dev/Charicha Institute/ci-website/lib/bower_components 1 undefined Project: /dev/null/inferredProject1* watcher already invoked: false
[22:16:49.366] DirectoryWatcher:: Added:: WatchInfo: c:/Charicha Dev/Charicha Institute/ci-website/lib/node_modules
[22:16:49.368] DirectoryWatcher:: Added:: WatchInfo: c:/Charicha Dev/Charicha Institute/ci-website/lib/node_modules 1 undefined Project: /dev/null/inferredProject1* watcher already invoked: false
[22:16:49.369] Elapsed:: 0.2808000445365906ms DirectoryWatcher:: Added:: WatchInfo: c:/Charicha Dev/Charicha Institute/ci-website/lib/node_modules 1 undefined Project: /dev/null/inferredProject1* watcher already invoked: false
[22:16:49.369] DirectoryWatcher:: Added:: WatchInfo: c:/Charicha Dev/Charicha Institute/ci-website/lib/service/bower_components
[22:16:49.370] DirectoryWatcher:: Added:: WatchInfo: c:/Charicha Dev/Charicha Institute/ci-website/lib/service/bower_components 1 undefined Project: /dev/null/inferredProject1* watcher already invoked: false
[22:16:49.370] Elapsed:: 0.46240001916885376ms DirectoryWatcher:: Added:: WatchInfo: c:/Charicha Dev/Charicha Institute/ci-website/lib/service/bower_components 1 undefined Project: /dev/null/inferredProject1* watcher already invoked: false
[22:16:49.371] DirectoryWatcher:: Added:: WatchInfo: c:/Charicha Dev/Charicha Institute/ci-website/lib/service/node_modules
[22:16:49.372] DirectoryWatcher:: Added:: WatchInfo: c:/Charicha Dev/Charicha Institute/ci-website/lib/service/node_modules 1 undefined Project: /dev/null/inferredProject1* watcher already invoked: false
[22:16:49.374] Elapsed:: 0.9424999952316284ms DirectoryWatcher:: Added:: WatchInfo: c:/Charicha Dev/Charicha Institute/ci-website/lib/service/node_modules 1 undefined Project: /dev/null/inferredProject1* watcher already invoked: false
[22:16:49.374] DirectoryWatcher:: Added:: WatchInfo: c:/Charicha Dev/Charicha Institute/ci-website/lib/hooks/bower_components
[22:16:49.374] DirectoryWatcher:: Added:: WatchInfo: c:/Charicha Dev/Charicha Institute/ci-website/lib/hooks/bower_components 1 undefined Project: /dev/null/inferredProject1* watcher already invoked: false
[22:16:49.375] Elapsed:: 0.1753000020980835ms DirectoryWatcher:: Added:: WatchInfo: c:/Charicha Dev/Charicha Institute/ci-website/lib/hooks/bower_components 1 undefined Project: /dev/null/inferredProject1* watcher already invoked: false
[22:16:49.375] DirectoryWatcher:: Added:: WatchInfo: c:/Charicha Dev/Charicha Institute/ci-website/lib/hooks/node_modules
[22:16:49.376] DirectoryWatcher:: Added:: WatchInfo: c:/Charicha Dev/Charicha Institute/ci-website/lib/hooks/node_modules 1 undefined Project: /dev/null/inferredProject1* watcher already invoked: false
[22:16:49.376] Elapsed:: 0.20429998636245728ms DirectoryWatcher:: Added:: WatchInfo: c:/Charicha Dev/Charicha Institute/ci-website/lib/hooks/node_modules 1 undefined Project: /dev/null/inferredProject1* watcher already invoked: false
[22:16:49.377] DirectoryWatcher:: Added:: WatchInfo: c:/Charicha Dev/Charicha Institute/ci-website/components/bower_components
[22:16:49.377] DirectoryWatcher:: Added:: WatchInfo: c:/Charicha Dev/Charicha Institute/ci-website/components/bower_components 1 undefined Project: /dev/null/inferredProject1* watcher already invoked: false
[22:16:49.377] Elapsed:: 0.301300048828125ms DirectoryWatcher:: Added:: WatchInfo: c:/Charicha Dev/Charicha Institute/ci-website/components/bower_components 1 undefined Project: /dev/null/inferredProject1* watcher already invoked: false
[22:16:49.378] DirectoryWatcher:: Added:: WatchInfo: c:/Charicha Dev/Charicha Institute/ci-website/components/node_modules
[22:16:49.378] DirectoryWatcher:: Added:: WatchInfo: c:/Charicha Dev/Charicha Institute/ci-website/components/node_modules 1 undefined Project: /dev/null/inferredProject1* watcher already invoked: false
[22:16:49.378] Elapsed:: 0.13899999856948853ms DirectoryWatcher:: Added:: WatchInfo: c:/Charicha Dev/Charicha Institute/ci-website/components/node_modules 1 undefined Project: /dev/null/inferredProject1* watcher already invoked: false
[22:16:49.379] DirectoryWatcher:: Added:: WatchInfo: c:/Charicha Dev/Charicha Institute/ci-website/components/course/bower_components
[22:16:49.379] DirectoryWatcher:: Added:: WatchInfo: c:/Charicha Dev/Charicha Institute/ci-website/components/course/bower_components 1 undefined Project: /dev/null/inferredProject1* watcher already invoked: false
[22:16:49.379] Elapsed:: 0.16659998893737793ms DirectoryWatcher:: Added:: WatchInfo: c:/Charicha Dev/Charicha Institute/ci-website/components/course/bower_components 1 undefined Project: /dev/null/inferredProject1* watcher already invoked: false
[22:16:49.380] DirectoryWatcher:: Added:: WatchInfo: c:/Charicha Dev/Charicha Institute/ci-website/components/course/node_modules
[22:16:49.380] DirectoryWatcher:: Added:: WatchInfo: c:/Charicha Dev/Charicha Institute/ci-website/components/course/node_modules 1 undefined Project: /dev/null/inferredProject1* watcher already invoked: false
[22:16:49.381] Elapsed:: 0.1574000120162964ms DirectoryWatcher:: Added:: WatchInfo: c:/Charicha Dev/Charicha Institute/ci-website/components/course/node_modules 1 undefined Project: /dev/null/inferredProject1* watcher already invoked: false
[22:16:49.381] DirectoryWatcher:: Added:: WatchInfo: c:/Charicha Dev/Charicha Institute/ci-website/components/buttons/bower_components
[22:16:49.381] DirectoryWatcher:: Added:: WatchInfo: c:/Charicha Dev/Charicha Institute/ci-website/components/buttons/bower_components 1 undefined Project: /dev/null/inferredProject1* watcher already invoked: false
[22:16:49.382] Elapsed:: 0.13580000400543213ms DirectoryWatcher:: Added:: WatchInfo: c:/Charicha Dev/Charicha Institute/ci-website/components/buttons/bower_components 1 undefined Project: /dev/null/inferredProject1* watcher already invoked: false
[22:16:49.382] DirectoryWatcher:: Added:: WatchInfo: c:/Charicha Dev/Charicha Institute/ci-website/components/buttons/node_modules
[22:16:49.382] DirectoryWatcher:: Added:: WatchInfo: c:/Charicha Dev/Charicha Institute/ci-website/components/buttons/node_modules 1 undefined Project: /dev/null/inferredProject1* watcher already invoked: false
[22:16:49.383] Elapsed:: 0.13739997148513794ms DirectoryWatcher:: Added:: WatchInfo: c:/Charicha Dev/Charicha Institute/ci-website/components/buttons/node_modules 1 undefined Project: /dev/null/inferredProject1* watcher already invoked: false
[22:16:49.383] DirectoryWatcher:: Added:: WatchInfo: c:/Charicha Dev/Charicha Institute/ci-website/pages/courses/bower_components
[22:16:49.383] DirectoryWatcher:: Added:: WatchInfo: c:/Charicha Dev/Charicha Institute/ci-website/pages/courses/bower_components 1 undefined Project: /dev/null/inferredProject1* watcher already invoked: false
[22:16:49.384] Elapsed:: 0.13420003652572632ms DirectoryWatcher:: Added:: WatchInfo: c:/Charicha Dev/Charicha Institute/ci-website/pages/courses/bower_components 1 undefined Project: /dev/null/inferredProject1* watcher already invoked: false
[22:16:49.384] DirectoryWatcher:: Added:: WatchInfo: c:/Charicha Dev/Charicha Institute/ci-website/pages/courses/node_modules
[22:16:49.385] DirectoryWatcher:: Added:: WatchInfo: c:/Charicha Dev/Charicha Institute/ci-website/pages/courses/node_modules 1 undefined Project: /dev/null/inferredProject1* watcher already invoked: false
[22:16:49.385] Elapsed:: 0.10600000619888306ms DirectoryWatcher:: Added:: WatchInfo: c:/Charicha Dev/Charicha Institute/ci-website/pages/courses/node_modules 1 undefined Project: /dev/null/inferredProject1* watcher already invoked: false
[22:16:49.385] Sending response:
    {"projectName":"/dev/null/inferredProject1*","typeAcquisition":{"enable":true,"include":[],"exclude":[]},"compilerOptions":{"module":1,"target":3,"jsx":1,"allowJs":true,"allowSyntheticDefaultImports":true,"allowNonTsExtensions":true,"noEmitForJsFiles":true,"maxNodeModuleJsDepth":2},"typings":[],"unresolvedImports":[],"kind":"action::set"}
[22:16:49.386] Response has been sent.
[22:16:49.387] No new typings were requested as a result of typings discovery
[22:19:52.885] Got install request {"projectName":"/dev/null/inferredProject2*","fileNames":["c:/Charicha Dev/Charicha Institute/ci-website/node_modules/typescript/lib/lib.es5.d.ts","c:/Charicha Dev/Charicha Institute/ci-website/node_modules/typescript/lib/lib.es2015.d.ts","c:/Charicha Dev/Charicha Institute/ci-website/node_modules/typescript/lib/lib.es2016.d.ts","c:/Charicha Dev/Charicha Institute/ci-website/node_modules/typescript/lib/lib.dom.d.ts","c:/Charicha Dev/Charicha Institute/ci-website/node_modules/typescript/lib/lib.dom.iterable.d.ts","c:/Charicha Dev/Charicha Institute/ci-website/node_modules/typescript/lib/lib.webworker.importscripts.d.ts","c:/Charicha Dev/Charicha Institute/ci-website/node_modules/typescript/lib/lib.scripthost.d.ts","c:/Charicha Dev/Charicha Institute/ci-website/node_modules/typescript/lib/lib.es2015.core.d.ts","c:/Charicha Dev/Charicha Institute/ci-website/node_modules/typescript/lib/lib.es2015.collection.d.ts","c:/Charicha Dev/Charicha Institute/ci-website/node_modules/typescript/lib/lib.es2015.generator.d.ts","c:/Charicha Dev/Charicha Institute/ci-website/node_modules/typescript/lib/lib.es2015.iterable.d.ts","c:/Charicha Dev/Charicha Institute/ci-website/node_modules/typescript/lib/lib.es2015.promise.d.ts","c:/Charicha Dev/Charicha Institute/ci-website/node_modules/typescript/lib/lib.es2015.proxy.d.ts","c:/Charicha Dev/Charicha Institute/ci-website/node_modules/typescript/lib/lib.es2015.reflect.d.ts","c:/Charicha Dev/Charicha Institute/ci-website/node_modules/typescript/lib/lib.es2015.symbol.d.ts","c:/Charicha Dev/Charicha Institute/ci-website/node_modules/typescript/lib/lib.es2015.symbol.wellknown.d.ts","c:/Charicha Dev/Charicha Institute/ci-website/node_modules/typescript/lib/lib.es2016.array.include.d.ts","c:/Charicha Dev/Charicha Institute/ci-website/node_modules/typescript/lib/lib.es2016.full.d.ts","c:/Charicha Dev/Charicha Institute/ci-website/components/utils/Marginer.js","c:/Charicha Dev/Charicha Institute/ci-website/lib/utils/Responsive.js","c:/Charicha Dev/Charicha Institute/ci-website/components/DropdownMenu/index.js","c:/Charicha Dev/Charicha Institute/ci-website/lib/firebaseConfig.js","c:/Charicha Dev/Charicha Institute/ci-website/lib/firebase.js","c:/Charicha Dev/Charicha Institute/ci-website/lib/service/AuthService.js","c:/Charicha Dev/Charicha Institute/ci-website/lib/service/UserService.js","c:/Charicha Dev/Charicha Institute/ci-website/lib/hooks/Auth.js","c:/Charicha Dev/Charicha Institute/ci-website/components/Navbar.js","c:/Charicha Dev/Charicha Institute/ci-website/components/home/Hero.js","c:/Charicha Dev/Charicha Institute/ci-website/components/footer/Footer.js","c:/Charicha Dev/Charicha Institute/ci-website/pages/index.js"],"compilerOptions":{"module":1,"target":3,"jsx":1,"allowJs":true,"allowSyntheticDefaultImports":true,"allowNonTsExtensions":true,"noEmitForJsFiles":true,"maxNodeModuleJsDepth":2},"typeAcquisition":{"enable":true,"include":[],"exclude":[]},"unresolvedImports":[],"projectRootPath":"c:/Charicha Dev/Charicha Institute/ci-website/pages","kind":"discover"}
[22:19:52.885] Explicitly included types: []
[22:19:52.886] Inferred typings from unresolved imports: []
[22:19:52.887] Result: {"cachedTypingPaths":[],"newTypingNames":[],"filesToWatch":["c:/Charicha Dev/Charicha Institute/ci-website/components/utils/bower_components","c:/Charicha Dev/Charicha Institute/ci-website/components/utils/node_modules","c:/Charicha Dev/Charicha Institute/ci-website/lib/utils/bower_components","c:/Charicha Dev/Charicha Institute/ci-website/lib/utils/node_modules","c:/Charicha Dev/Charicha Institute/ci-website/components/DropdownMenu/bower_components","c:/Charicha Dev/Charicha Institute/ci-website/components/DropdownMenu/node_modules","c:/Charicha Dev/Charicha Institute/ci-website/lib/bower_components","c:/Charicha Dev/Charicha Institute/ci-website/lib/node_modules","c:/Charicha Dev/Charicha Institute/ci-website/lib/service/bower_components","c:/Charicha Dev/Charicha Institute/ci-website/lib/service/node_modules","c:/Charicha Dev/Charicha Institute/ci-website/lib/hooks/bower_components","c:/Charicha Dev/Charicha Institute/ci-website/lib/hooks/node_modules","c:/Charicha Dev/Charicha Institute/ci-website/components/bower_components","c:/Charicha Dev/Charicha Institute/ci-website/components/node_modules","c:/Charicha Dev/Charicha Institute/ci-website/components/home/bower_components","c:/Charicha Dev/Charicha Institute/ci-website/components/home/node_modules","c:/Charicha Dev/Charicha Institute/ci-website/components/footer/bower_components","c:/Charicha Dev/Charicha Institute/ci-website/components/footer/node_modules","c:/Charicha Dev/Charicha Institute/ci-website/pages/bower_components","c:/Charicha Dev/Charicha Institute/ci-website/pages/node_modules"]}
[22:19:52.887] Finished typings discovery: {"cachedTypingPaths":[],"newTypingNames":[],"filesToWatch":["c:/Charicha Dev/Charicha Institute/ci-website/components/utils/bower_components","c:/Charicha Dev/Charicha Institute/ci-website/components/utils/node_modules","c:/Charicha Dev/Charicha Institute/ci-website/lib/utils/bower_components","c:/Charicha Dev/Charicha Institute/ci-website/lib/utils/node_modules","c:/Charicha Dev/Charicha Institute/ci-website/components/DropdownMenu/bower_components","c:/Charicha Dev/Charicha Institute/ci-website/components/DropdownMenu/node_modules","c:/Charicha Dev/Charicha Institute/ci-website/lib/bower_components","c:/Charicha Dev/Charicha Institute/ci-website/lib/node_modules","c:/Charicha Dev/Charicha Institute/ci-website/lib/service/bower_components","c:/Charicha Dev/Charicha Institute/ci-website/lib/service/node_modules","c:/Charicha Dev/Charicha Institute/ci-website/lib/hooks/bower_components","c:/Charicha Dev/Charicha Institute/ci-website/lib/hooks/node_modules","c:/Charicha Dev/Charicha Institute/ci-website/components/bower_components","c:/Charicha Dev/Charicha Institute/ci-website/components/node_modules","c:/Charicha Dev/Charicha Institute/ci-website/components/home/bower_components","c:/Charicha Dev/Charicha Institute/ci-website/components/home/node_modules","c:/Charicha Dev/Charicha Institute/ci-website/components/footer/bower_components","c:/Charicha Dev/Charicha Institute/ci-website/components/footer/node_modules","c:/Charicha Dev/Charicha Institute/ci-website/pages/bower_components","c:/Charicha Dev/Charicha Institute/ci-website/pages/node_modules"]}
[22:19:52.887] DirectoryWatcher:: Added:: WatchInfo: c:/Charicha Dev/Charicha Institute/ci-website/components/utils/bower_components
[22:19:52.887] DirectoryWatcher:: Added:: WatchInfo: c:/Charicha Dev/Charicha Institute/ci-website/components/utils/bower_components 1 undefined Project: /dev/null/inferredProject2* watcher already invoked: false
[22:19:52.888] Elapsed:: 0.09130001068115234ms DirectoryWatcher:: Added:: WatchInfo: c:/Charicha Dev/Charicha Institute/ci-website/components/utils/bower_components 1 undefined Project: /dev/null/inferredProject2* watcher already invoked: false
[22:19:52.888] DirectoryWatcher:: Added:: WatchInfo: c:/Charicha Dev/Charicha Institute/ci-website/components/utils/node_modules
[22:19:52.888] DirectoryWatcher:: Added:: WatchInfo: c:/Charicha Dev/Charicha Institute/ci-website/components/utils/node_modules 1 undefined Project: /dev/null/inferredProject2* watcher already invoked: false
[22:19:52.889] Elapsed:: 0.05019998550415039ms DirectoryWatcher:: Added:: WatchInfo: c:/Charicha Dev/Charicha Institute/ci-website/components/utils/node_modules 1 undefined Project: /dev/null/inferredProject2* watcher already invoked: false
[22:19:52.889] DirectoryWatcher:: Added:: WatchInfo: c:/Charicha Dev/Charicha Institute/ci-website/lib/utils/bower_components
[22:19:52.889] DirectoryWatcher:: Added:: WatchInfo: c:/Charicha Dev/Charicha Institute/ci-website/lib/utils/bower_components 1 undefined Project: /dev/null/inferredProject2* watcher already invoked: false
[22:19:52.890] Elapsed:: 0.046900033950805664ms DirectoryWatcher:: Added:: WatchInfo: c:/Charicha Dev/Charicha Institute/ci-website/lib/utils/bower_components 1 undefined Project: /dev/null/inferredProject2* watcher already invoked: false
[22:19:52.890] DirectoryWatcher:: Added:: WatchInfo: c:/Charicha Dev/Charicha Institute/ci-website/lib/utils/node_modules
[22:19:52.890] DirectoryWatcher:: Added:: WatchInfo: c:/Charicha Dev/Charicha Institute/ci-website/lib/utils/node_modules 1 undefined Project: /dev/null/inferredProject2* watcher already invoked: false
[22:19:52.890] Elapsed:: 0.059599995613098145ms DirectoryWatcher:: Added:: WatchInfo: c:/Charicha Dev/Charicha Institute/ci-website/lib/utils/node_modules 1 undefined Project: /dev/null/inferredProject2* watcher already invoked: false
[22:19:52.891] DirectoryWatcher:: Added:: WatchInfo: c:/Charicha Dev/Charicha Institute/ci-website/components/DropdownMenu/bower_components
[22:19:52.891] DirectoryWatcher:: Added:: WatchInfo: c:/Charicha Dev/Charicha Institute/ci-website/components/DropdownMenu/bower_components 1 undefined Project: /dev/null/inferredProject2* watcher already invoked: false
[22:19:52.891] Elapsed:: 0.044700026512145996ms DirectoryWatcher:: Added:: WatchInfo: c:/Charicha Dev/Charicha Institute/ci-website/components/DropdownMenu/bower_components 1 undefined Project: /dev/null/inferredProject2* watcher already invoked: false
[22:19:52.891] DirectoryWatcher:: Added:: WatchInfo: c:/Charicha Dev/Charicha Institute/ci-website/components/DropdownMenu/node_modules
[22:19:52.892] DirectoryWatcher:: Added:: WatchInfo: c:/Charicha Dev/Charicha Institute/ci-website/components/DropdownMenu/node_modules 1 undefined Project: /dev/null/inferredProject2* watcher already invoked: false
[22:19:52.892] Elapsed:: 0.04830002784729004ms DirectoryWatcher:: Added:: WatchInfo: c:/Charicha Dev/Charicha Institute/ci-website/components/DropdownMenu/node_modules 1 undefined Project: /dev/null/inferredProject2* watcher already invoked: false
[22:19:52.892] DirectoryWatcher:: Added:: WatchInfo: c:/Charicha Dev/Charicha Institute/ci-website/lib/bower_components
[22:19:52.892] DirectoryWatcher:: Added:: WatchInfo: c:/Charicha Dev/Charicha Institute/ci-website/lib/bower_components 1 undefined Project: /dev/null/inferredProject2* watcher already invoked: false
[22:19:52.893] Elapsed:: 0.04680001735687256ms DirectoryWatcher:: Added:: WatchInfo: c:/Charicha Dev/Charicha Institute/ci-website/lib/bower_components 1 undefined Project: /dev/null/inferredProject2* watcher already invoked: false
[22:19:52.893] DirectoryWatcher:: Added:: WatchInfo: c:/Charicha Dev/Charicha Institute/ci-website/lib/node_modules
[22:19:52.893] DirectoryWatcher:: Added:: WatchInfo: c:/Charicha Dev/Charicha Institute/ci-website/lib/node_modules 1 undefined Project: /dev/null/inferredProject2* watcher already invoked: false
[22:19:52.893] Elapsed:: 0.042999982833862305ms DirectoryWatcher:: Added:: WatchInfo: c:/Charicha Dev/Charicha Institute/ci-website/lib/node_modules 1 undefined Project: /dev/null/inferredProject2* watcher already invoked: false
[22:19:52.894] DirectoryWatcher:: Added:: WatchInfo: c:/Charicha Dev/Charicha Institute/ci-website/lib/service/bower_components
[22:19:52.894] DirectoryWatcher:: Added:: WatchInfo: c:/Charicha Dev/Charicha Institute/ci-website/lib/service/bower_components 1 undefined Project: /dev/null/inferredProject2* watcher already invoked: false
[22:19:52.894] Elapsed:: 0.055800020694732666ms DirectoryWatcher:: Added:: WatchInfo: c:/Charicha Dev/Charicha Institute/ci-website/lib/service/bower_components 1 undefined Project: /dev/null/inferredProject2* watcher already invoked: false
[22:19:52.894] DirectoryWatcher:: Added:: WatchInfo: c:/Charicha Dev/Charicha Institute/ci-website/lib/service/node_modules
[22:19:52.895] DirectoryWatcher:: Added:: WatchInfo: c:/Charicha Dev/Charicha Institute/ci-website/lib/service/node_modules 1 undefined Project: /dev/null/inferredProject2* watcher already invoked: false
[22:19:52.895] Elapsed:: 0.0406000018119812ms DirectoryWatcher:: Added:: WatchInfo: c:/Charicha Dev/Charicha Institute/ci-website/lib/service/node_modules 1 undefined Project: /dev/null/inferredProject2* watcher already invoked: false
[22:19:52.895] DirectoryWatcher:: Added:: WatchInfo: c:/Charicha Dev/Charicha Institute/ci-website/lib/hooks/bower_components
[22:19:52.895] DirectoryWatcher:: Added:: WatchInfo: c:/Charicha Dev/Charicha Institute/ci-website/lib/hooks/bower_components 1 undefined Project: /dev/null/inferredProject2* watcher already invoked: false
[22:19:52.895] Elapsed:: 0.04559999704360962ms DirectoryWatcher:: Added:: WatchInfo: c:/Charicha Dev/Charicha Institute/ci-website/lib/hooks/bower_components 1 undefined Project: /dev/null/inferredProject2* watcher already invoked: false
[22:19:52.895] DirectoryWatcher:: Added:: WatchInfo: c:/Charicha Dev/Charicha Institute/ci-website/lib/hooks/node_modules
[22:19:52.896] DirectoryWatcher:: Added:: WatchInfo: c:/Charicha Dev/Charicha Institute/ci-website/lib/hooks/node_modules 1 undefined Project: /dev/null/inferredProject2* watcher already invoked: false
[22:19:52.896] Elapsed:: 0.04610002040863037ms DirectoryWatcher:: Added:: WatchInfo: c:/Charicha Dev/Charicha Institute/ci-website/lib/hooks/node_modules 1 undefined Project: /dev/null/inferredProject2* watcher already invoked: false
[22:19:52.896] DirectoryWatcher:: Added:: WatchInfo: c:/Charicha Dev/Charicha Institute/ci-website/components/bower_components
[22:19:52.896] DirectoryWatcher:: Added:: WatchInfo: c:/Charicha Dev/Charicha Institute/ci-website/components/bower_components 1 undefined Project: /dev/null/inferredProject2* watcher already invoked: false
[22:19:52.897] Elapsed:: 0.054399967193603516ms DirectoryWatcher:: Added:: WatchInfo: c:/Charicha Dev/Charicha Institute/ci-website/components/bower_components 1 undefined Project: /dev/null/inferredProject2* watcher already invoked: false
[22:19:52.897] DirectoryWatcher:: Added:: WatchInfo: c:/Charicha Dev/Charicha Institute/ci-website/components/node_modules
[22:19:52.897] DirectoryWatcher:: Added:: WatchInfo: c:/Charicha Dev/Charicha Institute/ci-website/components/node_modules 1 undefined Project: /dev/null/inferredProject2* watcher already invoked: false
[22:19:52.897] Elapsed:: 0.04339998960494995ms DirectoryWatcher:: Added:: WatchInfo: c:/Charicha Dev/Charicha Institute/ci-website/components/node_modules 1 undefined Project: /dev/null/inferredProject2* watcher already invoked: false
[22:19:52.897] DirectoryWatcher:: Added:: WatchInfo: c:/Charicha Dev/Charicha Institute/ci-website/components/home/bower_components
[22:19:52.898] DirectoryWatcher:: Added:: WatchInfo: c:/Charicha Dev/Charicha Institute/ci-website/components/home/bower_components 1 undefined Project: /dev/null/inferredProject2* watcher already invoked: false
[22:19:52.898] Elapsed:: 0.08230000734329224ms DirectoryWatcher:: Added:: WatchInfo: c:/Charicha Dev/Charicha Institute/ci-website/components/home/bower_components 1 undefined Project: /dev/null/inferredProject2* watcher already invoked: false
[22:19:52.898] DirectoryWatcher:: Added:: WatchInfo: c:/Charicha Dev/Charicha Institute/ci-website/components/home/node_modules
[22:19:52.898] DirectoryWatcher:: Added:: WatchInfo: c:/Charicha Dev/Charicha Institute/ci-website/components/home/node_modules 1 undefined Project: /dev/null/inferredProject2* watcher already invoked: false
[22:19:52.899] Elapsed:: 0.06120002269744873ms DirectoryWatcher:: Added:: WatchInfo: c:/Charicha Dev/Charicha Institute/ci-website/components/home/node_modules 1 undefined Project: /dev/null/inferredProject2* watcher already invoked: false
[22:19:52.899] DirectoryWatcher:: Added:: WatchInfo: c:/Charicha Dev/Charicha Institute/ci-website/components/footer/bower_components
[22:19:52.899] DirectoryWatcher:: Added:: WatchInfo: c:/Charicha Dev/Charicha Institute/ci-website/components/footer/bower_components 1 undefined Project: /dev/null/inferredProject2* watcher already invoked: false
[22:19:52.899] Elapsed:: 0.06630003452301025ms DirectoryWatcher:: Added:: WatchInfo: c:/Charicha Dev/Charicha Institute/ci-website/components/footer/bower_components 1 undefined Project: /dev/null/inferredProject2* watcher already invoked: false
[22:19:52.899] DirectoryWatcher:: Added:: WatchInfo: c:/Charicha Dev/Charicha Institute/ci-website/components/footer/node_modules
[22:19:52.899] DirectoryWatcher:: Added:: WatchInfo: c:/Charicha Dev/Charicha Institute/ci-website/components/footer/node_modules 1 undefined Project: /dev/null/inferredProject2* watcher already invoked: false
[22:19:52.900] Elapsed:: 0.06190001964569092ms DirectoryWatcher:: Added:: WatchInfo: c:/Charicha Dev/Charicha Institute/ci-website/components/footer/node_modules 1 undefined Project: /dev/null/inferredProject2* watcher already invoked: false
[22:19:52.900] DirectoryWatcher:: Added:: WatchInfo: c:/Charicha Dev/Charicha Institute/ci-website/pages/bower_components
[22:19:52.900] DirectoryWatcher:: Added:: WatchInfo: c:/Charicha Dev/Charicha Institute/ci-website/pages/bower_components 1 undefined Project: /dev/null/inferredProject2* watcher already invoked: false
[22:19:52.900] Elapsed:: 0.06999999284744263ms DirectoryWatcher:: Added:: WatchInfo: c:/Charicha Dev/Charicha Institute/ci-website/pages/bower_components 1 undefined Project: /dev/null/inferredProject2* watcher already invoked: false
[22:19:52.901] DirectoryWatcher:: Added:: WatchInfo: c:/Charicha Dev/Charicha Institute/ci-website/pages/node_modules
[22:19:52.901] DirectoryWatcher:: Added:: WatchInfo: c:/Charicha Dev/Charicha Institute/ci-website/pages/node_modules 1 undefined Project: /dev/null/inferredProject2* watcher already invoked: false
[22:19:52.901] Elapsed:: 0.06709998846054077ms DirectoryWatcher:: Added:: WatchInfo: c:/Charicha Dev/Charicha Institute/ci-website/pages/node_modules 1 undefined Project: /dev/null/inferredProject2* watcher already invoked: false
[22:19:52.901] Sending response:
    {"projectName":"/dev/null/inferredProject2*","typeAcquisition":{"enable":true,"include":[],"exclude":[]},"compilerOptions":{"module":1,"target":3,"jsx":1,"allowJs":true,"allowSyntheticDefaultImports":true,"allowNonTsExtensions":true,"noEmitForJsFiles":true,"maxNodeModuleJsDepth":2},"typings":[],"unresolvedImports":[],"kind":"action::set"}
[22:19:52.901] Response has been sent.
[22:19:52.902] No new typings were requested as a result of typings discovery
[22:20:20.073] Got install request {"projectName":"/dev/null/inferredProject1*","fileNames":["c:/Charicha Dev/Charicha Institute/ci-website/node_modules/typescript/lib/lib.es5.d.ts","c:/Charicha Dev/Charicha Institute/ci-website/node_modules/typescript/lib/lib.es2015.d.ts","c:/Charicha Dev/Charicha Institute/ci-website/node_modules/typescript/lib/lib.es2016.d.ts","c:/Charicha Dev/Charicha Institute/ci-website/node_modules/typescript/lib/lib.dom.d.ts","c:/Charicha Dev/Charicha Institute/ci-website/node_modules/typescript/lib/lib.dom.iterable.d.ts","c:/Charicha Dev/Charicha Institute/ci-website/node_modules/typescript/lib/lib.webworker.importscripts.d.ts","c:/Charicha Dev/Charicha Institute/ci-website/node_modules/typescript/lib/lib.scripthost.d.ts","c:/Charicha Dev/Charicha Institute/ci-website/node_modules/typescript/lib/lib.es2015.core.d.ts","c:/Charicha Dev/Charicha Institute/ci-website/node_modules/typescript/lib/lib.es2015.collection.d.ts","c:/Charicha Dev/Charicha Institute/ci-website/node_modules/typescript/lib/lib.es2015.generator.d.ts","c:/Charicha Dev/Charicha Institute/ci-website/node_modules/typescript/lib/lib.es2015.iterable.d.ts","c:/Charicha Dev/Charicha Institute/ci-website/node_modules/typescript/lib/lib.es2015.promise.d.ts","c:/Charicha Dev/Charicha Institute/ci-website/node_modules/typescript/lib/lib.es2015.proxy.d.ts","c:/Charicha Dev/Charicha Institute/ci-website/node_modules/typescript/lib/lib.es2015.reflect.d.ts","c:/Charicha Dev/Charicha Institute/ci-website/node_modules/typescript/lib/lib.es2015.symbol.d.ts","c:/Charicha Dev/Charicha Institute/ci-website/node_modules/typescript/lib/lib.es2015.symbol.wellknown.d.ts","c:/Charicha Dev/Charicha Institute/ci-website/node_modules/typescript/lib/lib.es2016.array.include.d.ts","c:/Charicha Dev/Charicha Institute/ci-website/node_modules/typescript/lib/lib.es2016.full.d.ts","c:/Charicha Dev/Charicha Institute/ci-website/components/utils/Marginer.js","c:/Charicha Dev/Charicha Institute/ci-website/lib/utils/Responsive.js","c:/Charicha Dev/Charicha Institute/ci-website/components/DropdownMenu/index.js","c:/Charicha Dev/Charicha Institute/ci-website/lib/firebaseConfig.js","c:/Charicha Dev/Charicha Institute/ci-website/lib/firebase.js","c:/Charicha Dev/Charicha Institute/ci-website/lib/service/AuthService.js","c:/Charicha Dev/Charicha Institute/ci-website/lib/service/UserService.js","c:/Charicha Dev/Charicha Institute/ci-website/lib/hooks/Auth.js","c:/Charicha Dev/Charicha Institute/ci-website/components/Navbar.js","c:/Charicha Dev/Charicha Institute/ci-website/components/footer/Footer.js","c:/Charicha Dev/Charicha Institute/ci-website/components/course/coursesList.js","c:/Charicha Dev/Charicha Institute/ci-website/components/buttons/PrimaryButton.js","c:/Charicha Dev/Charicha Institute/ci-website/pages/courses/[id].js"],"compilerOptions":{"module":1,"target":3,"jsx":1,"allowJs":true,"allowSyntheticDefaultImports":true,"allowNonTsExtensions":true,"noEmitForJsFiles":true,"maxNodeModuleJsDepth":2},"typeAcquisition":{"enable":true,"include":[],"exclude":[]},"unresolvedImports":[],"projectRootPath":"c:/Charicha Dev/Charicha Institute/ci-website/pages/courses","kind":"discover"}
[22:20:20.073] Explicitly included types: []
[22:20:20.075] Inferred typings from unresolved imports: []
[22:20:20.075] Result: {"cachedTypingPaths":[],"newTypingNames":[],"filesToWatch":["c:/Charicha Dev/Charicha Institute/ci-website/components/utils/bower_components","c:/Charicha Dev/Charicha Institute/ci-website/components/utils/node_modules","c:/Charicha Dev/Charicha Institute/ci-website/lib/utils/bower_components","c:/Charicha Dev/Charicha Institute/ci-website/lib/utils/node_modules","c:/Charicha Dev/Charicha Institute/ci-website/components/DropdownMenu/bower_components","c:/Charicha Dev/Charicha Institute/ci-website/components/DropdownMenu/node_modules","c:/Charicha Dev/Charicha Institute/ci-website/lib/bower_components","c:/Charicha Dev/Charicha Institute/ci-website/lib/node_modules","c:/Charicha Dev/Charicha Institute/ci-website/lib/service/bower_components","c:/Charicha Dev/Charicha Institute/ci-website/lib/service/node_modules","c:/Charicha Dev/Charicha Institute/ci-website/lib/hooks/bower_components","c:/Charicha Dev/Charicha Institute/ci-website/lib/hooks/node_modules","c:/Charicha Dev/Charicha Institute/ci-website/components/bower_components","c:/Charicha Dev/Charicha Institute/ci-website/components/node_modules","c:/Charicha Dev/Charicha Institute/ci-website/components/footer/bower_components","c:/Charicha Dev/Charicha Institute/ci-website/components/footer/node_modules","c:/Charicha Dev/Charicha Institute/ci-website/components/course/bower_components","c:/Charicha Dev/Charicha Institute/ci-website/components/course/node_modules","c:/Charicha Dev/Charicha Institute/ci-website/components/buttons/bower_components","c:/Charicha Dev/Charicha Institute/ci-website/components/buttons/node_modules","c:/Charicha Dev/Charicha Institute/ci-website/pages/courses/bower_components","c:/Charicha Dev/Charicha Institute/ci-website/pages/courses/node_modules"]}
[22:20:20.075] Finished typings discovery: {"cachedTypingPaths":[],"newTypingNames":[],"filesToWatch":["c:/Charicha Dev/Charicha Institute/ci-website/components/utils/bower_components","c:/Charicha Dev/Charicha Institute/ci-website/components/utils/node_modules","c:/Charicha Dev/Charicha Institute/ci-website/lib/utils/bower_components","c:/Charicha Dev/Charicha Institute/ci-website/lib/utils/node_modules","c:/Charicha Dev/Charicha Institute/ci-website/components/DropdownMenu/bower_components","c:/Charicha Dev/Charicha Institute/ci-website/components/DropdownMenu/node_modules","c:/Charicha Dev/Charicha Institute/ci-website/lib/bower_components","c:/Charicha Dev/Charicha Institute/ci-website/lib/node_modules","c:/Charicha Dev/Charicha Institute/ci-website/lib/service/bower_components","c:/Charicha Dev/Charicha Institute/ci-website/lib/service/node_modules","c:/Charicha Dev/Charicha Institute/ci-website/lib/hooks/bower_components","c:/Charicha Dev/Charicha Institute/ci-website/lib/hooks/node_modules","c:/Charicha Dev/Charicha Institute/ci-website/components/bower_components","c:/Charicha Dev/Charicha Institute/ci-website/components/node_modules","c:/Charicha Dev/Charicha Institute/ci-website/components/footer/bower_components","c:/Charicha Dev/Charicha Institute/ci-website/components/footer/node_modules","c:/Charicha Dev/Charicha Institute/ci-website/components/course/bower_components","c:/Charicha Dev/Charicha Institute/ci-website/components/course/node_modules","c:/Charicha Dev/Charicha Institute/ci-website/components/buttons/bower_components","c:/Charicha Dev/Charicha Institute/ci-website/components/buttons/node_modules","c:/Charicha Dev/Charicha Institute/ci-website/pages/courses/bower_components","c:/Charicha Dev/Charicha Institute/ci-website/pages/courses/node_modules"]}
[22:20:20.077] DirectoryWatcher:: Added:: WatchInfo: c:/Charicha Dev/Charicha Institute/ci-website/components/footer/bower_components
[22:20:20.077] DirectoryWatcher:: Added:: WatchInfo: c:/Charicha Dev/Charicha Institute/ci-website/components/footer/bower_components 1 undefined Project: /dev/null/inferredProject1* watcher already invoked: false
[22:20:20.077] Elapsed:: 0.078000009059906ms DirectoryWatcher:: Added:: WatchInfo: c:/Charicha Dev/Charicha Institute/ci-website/components/footer/bower_components 1 undefined Project: /dev/null/inferredProject1* watcher already invoked: false
[22:20:20.078] DirectoryWatcher:: Added:: WatchInfo: c:/Charicha Dev/Charicha Institute/ci-website/components/footer/node_modules
[22:20:20.078] DirectoryWatcher:: Added:: WatchInfo: c:/Charicha Dev/Charicha Institute/ci-website/components/footer/node_modules 1 undefined Project: /dev/null/inferredProject1* watcher already invoked: false
[22:20:20.078] Elapsed:: 0.07279998064041138ms DirectoryWatcher:: Added:: WatchInfo: c:/Charicha Dev/Charicha Institute/ci-website/components/footer/node_modules 1 undefined Project: /dev/null/inferredProject1* watcher already invoked: false
[22:20:20.079] Sending response:
    {"projectName":"/dev/null/inferredProject1*","typeAcquisition":{"enable":true,"include":[],"exclude":[]},"compilerOptions":{"module":1,"target":3,"jsx":1,"allowJs":true,"allowSyntheticDefaultImports":true,"allowNonTsExtensions":true,"noEmitForJsFiles":true,"maxNodeModuleJsDepth":2},"typings":[],"unresolvedImports":[],"kind":"action::set"}
[22:20:20.079] Response has been sent.
[22:20:20.079] No new typings were requested as a result of typings discovery
[22:26:36.360] Got install request {"projectName":"/dev/null/inferredProject3*","fileNames":["c:/Charicha Dev/Charicha Institute/ci-website/node_modules/typescript/lib/lib.es5.d.ts","c:/Charicha Dev/Charicha Institute/ci-website/node_modules/typescript/lib/lib.es2015.d.ts","c:/Charicha Dev/Charicha Institute/ci-website/node_modules/typescript/lib/lib.es2016.d.ts","c:/Charicha Dev/Charicha Institute/ci-website/node_modules/typescript/lib/lib.dom.d.ts","c:/Charicha Dev/Charicha Institute/ci-website/node_modules/typescript/lib/lib.dom.iterable.d.ts","c:/Charicha Dev/Charicha Institute/ci-website/node_modules/typescript/lib/lib.webworker.importscripts.d.ts","c:/Charicha Dev/Charicha Institute/ci-website/node_modules/typescript/lib/lib.scripthost.d.ts","c:/Charicha Dev/Charicha Institute/ci-website/node_modules/typescript/lib/lib.es2015.core.d.ts","c:/Charicha Dev/Charicha Institute/ci-website/node_modules/typescript/lib/lib.es2015.collection.d.ts","c:/Charicha Dev/Charicha Institute/ci-website/node_modules/typescript/lib/lib.es2015.generator.d.ts","c:/Charicha Dev/Charicha Institute/ci-website/node_modules/typescript/lib/lib.es2015.iterable.d.ts","c:/Charicha Dev/Charicha Institute/ci-website/node_modules/typescript/lib/lib.es2015.promise.d.ts","c:/Charicha Dev/Charicha Institute/ci-website/node_modules/typescript/lib/lib.es2015.proxy.d.ts","c:/Charicha Dev/Charicha Institute/ci-website/node_modules/typescript/lib/lib.es2015.reflect.d.ts","c:/Charicha Dev/Charicha Institute/ci-website/node_modules/typescript/lib/lib.es2015.symbol.d.ts","c:/Charicha Dev/Charicha Institute/ci-website/node_modules/typescript/lib/lib.es2015.symbol.wellknown.d.ts","c:/Charicha Dev/Charicha Institute/ci-website/node_modules/typescript/lib/lib.es2016.array.include.d.ts","c:/Charicha Dev/Charicha Institute/ci-website/node_modules/typescript/lib/lib.es2016.full.d.ts","c:/Charicha Dev/Charicha Institute/ci-website/styles/courses/courses_page.module.css"],"compilerOptions":{"module":1,"target":3,"jsx":1,"allowJs":true,"allowSyntheticDefaultImports":true,"allowNonTsExtensions":true,"noEmitForJsFiles":true},"typeAcquisition":{"enable":true,"include":[],"exclude":[]},"unresolvedImports":[],"projectRootPath":"c:/Charicha Dev/Charicha Institute/ci-website/styles/courses","kind":"discover"}
[22:26:36.361] Explicitly included types: []
[22:26:36.361] Inferred typings from unresolved imports: []
[22:26:36.361] Result: {"cachedTypingPaths":[],"newTypingNames":[],"filesToWatch":["c:/Charicha Dev/Charicha Institute/ci-website/styles/courses/bower_components","c:/Charicha Dev/Charicha Institute/ci-website/styles/courses/node_modules"]}
[22:26:36.362] Finished typings discovery: {"cachedTypingPaths":[],"newTypingNames":[],"filesToWatch":["c:/Charicha Dev/Charicha Institute/ci-website/styles/courses/bower_components","c:/Charicha Dev/Charicha Institute/ci-website/styles/courses/node_modules"]}
[22:26:36.362] DirectoryWatcher:: Added:: WatchInfo: c:/Charicha Dev/Charicha Institute/ci-website/styles/courses/bower_components
[22:26:36.362] DirectoryWatcher:: Added:: WatchInfo: c:/Charicha Dev/Charicha Institute/ci-website/styles/courses/bower_components 1 undefined Project: /dev/null/inferredProject3* watcher already invoked: false
[22:26:36.362] Elapsed:: 0.11580002307891846ms DirectoryWatcher:: Added:: WatchInfo: c:/Charicha Dev/Charicha Institute/ci-website/styles/courses/bower_components 1 undefined Project: /dev/null/inferredProject3* watcher already invoked: false
[22:26:36.363] DirectoryWatcher:: Added:: WatchInfo: c:/Charicha Dev/Charicha Institute/ci-website/styles/courses/node_modules
[22:26:36.363] DirectoryWatcher:: Added:: WatchInfo: c:/Charicha Dev/Charicha Institute/ci-website/styles/courses/node_modules 1 undefined Project: /dev/null/inferredProject3* watcher already invoked: false
[22:26:36.363] Elapsed:: 0.1355000138282776ms DirectoryWatcher:: Added:: WatchInfo: c:/Charicha Dev/Charicha Institute/ci-website/styles/courses/node_modules 1 undefined Project: /dev/null/inferredProject3* watcher already invoked: false
[22:26:36.364] Sending response:
    {"projectName":"/dev/null/inferredProject3*","typeAcquisition":{"enable":true,"include":[],"exclude":[]},"compilerOptions":{"module":1,"target":3,"jsx":1,"allowJs":true,"allowSyntheticDefaultImports":true,"allowNonTsExtensions":true,"noEmitForJsFiles":true},"typings":[],"unresolvedImports":[],"kind":"action::set"}
[22:26:36.364] Response has been sent.
[22:26:36.364] No new typings were requested as a result of typings discovery
