[01:09:45.393] Global cache location 'C:/Users/raisa/AppData/Local/Microsoft/TypeScript/4.6', safe file path 'c:/charicha dev/charicha institute/ci-website/node_modules/typescript/lib/typingsafelist.json', types map path c:/charicha dev/charicha institute/ci-website/node_modules/typescript/lib/typesmap.json
[01:09:45.395] Processing cache location 'C:/Users/raisa/AppData/Local/Microsoft/TypeScript/4.6'
[01:09:45.396] Trying to find 'C:/Users/raisa/AppData/Local/Microsoft/TypeScript/4.6/package.json'...
[01:09:45.402] Loaded content of 'C:/Users/raisa/AppData/Local/Microsoft/TypeScript/4.6/package.json': {"private":true,"dependencies":{"types-registry":"^0.1.595"},"devDependencies":{"@types/asap":"^2.0.0","@types/babel__code-frame":"^7.0.3","@types/babel__core":"^7.1.19","@types/babel__generator":"^7.6.4","@types/babel__template":"^7.4.1","@types/babel__traverse":"^7.17.1","@types/balanced-match":"^1.0.2","@types/bcrypt":"^5.0.0","@types/bluebird":"^3.5.36","@types/body-parser":"^1.19.2","@types/brace-expansion":"^1.1.0","@types/bytes":"^3.1.1","@types/call-bind":"^1.0.0","@types/caniuse-lite":"^1.0.1","@types/chai":"^4.3.1","@types/co":"^4.6.3","@types/concat-map":"^0.0.1","@types/config":"^0.0.41","@types/content-disposition":"^0.5.5","@types/content-type":"^1.1.5","@types/cookie":"^0.5.1","@types/cookie-parser":"^1.4.3","@types/cookie-signature":"^1.0.4","@types/cors":"^2.8.12","@types/craco__craco":"^6.4.0","@types/d":"^1.0.1","@types/debug":"^4.1.7","@types/depd":"^1.1.32","@types/destroy":"^1.0.0","@types/detective":"^5.1.2","@types/dom-parser":"^0.1.1","@types/ee-first":"^1.1.0","@types/encodeurl":"^1.0.0","@types/escape-html":"^1.0.2","@types/eslint":"^8.4.2","@types/etag":"^1.8.1","@types/express":"^4.17.13","@types/express-fileupload":"^1.2.2","@types/express-session":"^1.17.4","@types/finalhandler":"^1.1.1","@types/fluent":"^0.11.4","@types/fluent-ffmpeg":"^2.1.20","@types/forwarded":"^0.1.0","@types/fresh":"^0.5.0","@types/function-bind":"^1.1.6","@types/glob":"^7.2.0","@types/has":"^1.0.0","@types/http-errors":"^1.8.2","@types/imagemin":"^8.0.0","@types/imagemin-jpegtran":"^5.0.1","@types/imagemin-mozjpeg":"^8.0.1","@types/imagemin-optipng":"^5.2.1","@types/imagemin-webp":"^7.0.0","@types/immediate":"^3.2.0","@types/inherits":"^0.0.30","@types/isarray":"^2.0.0","@types/jade":"^0.0.31","@types/jsonwebtoken":"^8.5.8","@types/jws":"^3.2.4","@types/lodash":"^4.14.180","@types/lodash.foreach":"^4.5.7","@types/lodash.get":"^4.4.7","@types/lodash.includes":"^4.3.7","@types/lodash.isboolean":"^3.0.7","@types/lodash.isinteger":"^4.0.7","@types/lodash.isnumber":"^3.0.7","@types/lodash.isplainobject":"^4.0.7","@types/lodash.isstring":"^4.0.7","@types/lodash.once":"^4.1.7","@types/media-typer":"^1.1.1","@types/merge-descriptors":"^1.0.1","@types/methods":"^1.1.1","@types/mime":"^2.0.3","@types/mime-db":"^1.43.1","@types/mime-types":"^2.1.1","@types/min-document":"^2.19.0","@types/minimatch":"^3.0.5","@types/mocha":"^9.1.1","@types/mongoose-unique-validator":"^1.0.6","@types/morgan":"^1.9.3","@types/mozjpeg":"^5.0.0","@types/ms":"^0.7.31","@types/node":"^17.0.21","@types/node-fetch":"^2.6.1","@types/nopt":"^3.0.29","@types/npmlog":"^4.1.4","@types/object-assign":"^4.0.30","@types/on-finished":"^2.3.1","@types/once":"^1.4.0","@types/pako":"^2.0.0","@types/parseurl":"^1.3.1","@types/passport":"^1.0.8","@types/passport-jwt":"^3.0.6","@types/passport-local":"^1.0.34","@types/passport-strategy":"^0.2.35","@types/path-is-absolute":"^1.0.0","@types/pause":"^0.1.0","@types/pify":"^5.0.1","@types/prettier":"^2.6.1","@types/proxy-addr":"^2.0.0","@types/puppeteer":"^5.4.6","@types/q":"^1.5.5","@types/qs":"^6.9.7","@types/range-parser":"^1.2.4","@types/react":"^18.0.12","@types/react-burger-menu":"^2.8.3","@types/react-dom":"^18.0.5","@types/react-redux":"^7.1.24","@types/react-router-dom":"^5.3.3","@types/react-spinner":"^0.2.0","@types/readable-stream":"^2.3.13","@types/regenerator-runtime":"^0.13.1","@types/replace-ext":"^2.0.0","@types/rimraf":"^3.0.2","@types/safer-buffer":"^2.1.0","@types/selenium-webdriver":"^4.1.0","@types/semver":"^7.3.9","@types/sequelize":"^4.28.13","@types/serve-static":"^1.13.10","@types/sqlite3":"^3.1.8","@types/statuses":"^2.0.0","@types/strict-uri-encode":"^2.0.0","@types/styled-components":"^5.1.25","@types/tailwindcss":"^3.0.10","@types/testing-library__jest-dom":"^5.14.3","@types/tmp":"^0.2.3","@types/type-is":"^1.6.3","@types/util-deprecate":"^1.0.0","@types/utils-merge":"^0.0.28","@types/vary":"^1.1.0","@types/video-react":"^0.15.0","@types/video.js":"^7.3.40","@types/webpack":"^5.28.0","@types/ws":"^8.5.3","@types/xmldom":"^0.1.31","@types/youtube-player":"^5.5.6"}}
[01:09:45.403] Loaded content of 'C:/Users/raisa/AppData/Local/Microsoft/TypeScript/4.6/package-lock.json'
[01:09:45.421] Adding entry into typings cache: 'asap' => 'C:/Users/raisa/AppData/Local/Microsoft/TypeScript/4.6/node_modules/@types/asap/index.d.ts'
[01:09:45.424] Adding entry into typings cache: 'babel__code-frame' => 'C:/Users/raisa/AppData/Local/Microsoft/TypeScript/4.6/node_modules/@types/babel__code-frame/index.d.ts'
[01:09:45.428] Adding entry into typings cache: 'babel__core' => 'C:/Users/raisa/AppData/Local/Microsoft/TypeScript/4.6/node_modules/@types/babel__core/index.d.ts'
[01:09:45.430] Adding entry into typings cache: 'babel__generator' => 'C:/Users/raisa/AppData/Local/Microsoft/TypeScript/4.6/node_modules/@types/babel__generator/index.d.ts'
[01:09:45.432] Adding entry into typings cache: 'babel__template' => 'C:/Users/raisa/AppData/Local/Microsoft/TypeScript/4.6/node_modules/@types/babel__template/index.d.ts'
[01:09:45.436] Adding entry into typings cache: 'babel__traverse' => 'C:/Users/raisa/AppData/Local/Microsoft/TypeScript/4.6/node_modules/@types/babel__traverse/index.d.ts'
[01:09:45.438] Adding entry into typings cache: 'balanced-match' => 'C:/Users/raisa/AppData/Local/Microsoft/TypeScript/4.6/node_modules/@types/balanced-match/index.d.ts'
[01:09:45.440] Adding entry into typings cache: 'bcrypt' => 'C:/Users/raisa/AppData/Local/Microsoft/TypeScript/4.6/node_modules/@types/bcrypt/index.d.ts'
[01:09:45.443] Adding entry into typings cache: 'bluebird' => 'C:/Users/raisa/AppData/Local/Microsoft/TypeScript/4.6/node_modules/@types/bluebird/index.d.ts'
[01:09:45.445] Adding entry into typings cache: 'body-parser' => 'C:/Users/raisa/AppData/Local/Microsoft/TypeScript/4.6/node_modules/@types/body-parser/index.d.ts'
[01:09:45.447] Adding entry into typings cache: 'brace-expansion' => 'C:/Users/raisa/AppData/Local/Microsoft/TypeScript/4.6/node_modules/@types/brace-expansion/index.d.ts'
[01:09:45.450] Adding entry into typings cache: 'bytes' => 'C:/Users/raisa/AppData/Local/Microsoft/TypeScript/4.6/node_modules/@types/bytes/index.d.ts'
[01:09:45.455] Adding entry into typings cache: 'call-bind' => 'C:/Users/raisa/AppData/Local/Microsoft/TypeScript/4.6/node_modules/@types/call-bind/index.d.ts'
[01:09:45.464] Adding entry into typings cache: 'caniuse-lite' => 'C:/Users/raisa/AppData/Local/Microsoft/TypeScript/4.6/node_modules/@types/caniuse-lite/index.d.ts'
[01:09:45.466] Adding entry into typings cache: 'chai' => 'C:/Users/raisa/AppData/Local/Microsoft/TypeScript/4.6/node_modules/@types/chai/index.d.ts'
[01:09:45.469] Adding entry into typings cache: 'co' => 'C:/Users/raisa/AppData/Local/Microsoft/TypeScript/4.6/node_modules/@types/co/index.d.ts'
[01:09:45.471] Adding entry into typings cache: 'concat-map' => 'C:/Users/raisa/AppData/Local/Microsoft/TypeScript/4.6/node_modules/@types/concat-map/index.d.ts'
[01:09:45.473] Adding entry into typings cache: 'config' => 'C:/Users/raisa/AppData/Local/Microsoft/TypeScript/4.6/node_modules/@types/config/index.d.ts'
[01:09:45.476] Adding entry into typings cache: 'content-disposition' => 'C:/Users/raisa/AppData/Local/Microsoft/TypeScript/4.6/node_modules/@types/content-disposition/index.d.ts'
[01:09:45.479] Adding entry into typings cache: 'content-type' => 'C:/Users/raisa/AppData/Local/Microsoft/TypeScript/4.6/node_modules/@types/content-type/index.d.ts'
[01:09:45.481] Adding entry into typings cache: 'cookie' => 'C:/Users/raisa/AppData/Local/Microsoft/TypeScript/4.6/node_modules/@types/cookie/index.d.ts'
[01:09:45.484] Adding entry into typings cache: 'cookie-parser' => 'C:/Users/raisa/AppData/Local/Microsoft/TypeScript/4.6/node_modules/@types/cookie-parser/index.d.ts'
[01:09:45.485] Adding entry into typings cache: 'cookie-signature' => 'C:/Users/raisa/AppData/Local/Microsoft/TypeScript/4.6/node_modules/@types/cookie-signature/index.d.ts'
[01:09:45.488] Adding entry into typings cache: 'cors' => 'C:/Users/raisa/AppData/Local/Microsoft/TypeScript/4.6/node_modules/@types/cors/index.d.ts'
[01:09:45.490] Adding entry into typings cache: 'craco__craco' => 'C:/Users/raisa/AppData/Local/Microsoft/TypeScript/4.6/node_modules/@types/craco__craco/index.d.ts'
[01:09:45.491] Adding entry into typings cache: 'd' => 'C:/Users/raisa/AppData/Local/Microsoft/TypeScript/4.6/node_modules/@types/d/index.d.ts'
[01:09:45.497] Adding entry into typings cache: 'debug' => 'C:/Users/raisa/AppData/Local/Microsoft/TypeScript/4.6/node_modules/@types/debug/index.d.ts'
[01:09:45.500] Adding entry into typings cache: 'depd' => 'C:/Users/raisa/AppData/Local/Microsoft/TypeScript/4.6/node_modules/@types/depd/index.d.ts'
[01:09:45.501] Adding entry into typings cache: 'destroy' => 'C:/Users/raisa/AppData/Local/Microsoft/TypeScript/4.6/node_modules/@types/destroy/index.d.ts'
[01:09:45.503] Adding entry into typings cache: 'detective' => 'C:/Users/raisa/AppData/Local/Microsoft/TypeScript/4.6/node_modules/@types/detective/index.d.ts'
[01:09:45.505] Adding entry into typings cache: 'dom-parser' => 'C:/Users/raisa/AppData/Local/Microsoft/TypeScript/4.6/node_modules/@types/dom-parser/index.d.ts'
[01:09:45.507] Adding entry into typings cache: 'ee-first' => 'C:/Users/raisa/AppData/Local/Microsoft/TypeScript/4.6/node_modules/@types/ee-first/index.d.ts'
[01:09:45.509] Adding entry into typings cache: 'encodeurl' => 'C:/Users/raisa/AppData/Local/Microsoft/TypeScript/4.6/node_modules/@types/encodeurl/index.d.ts'
[01:09:45.511] Adding entry into typings cache: 'escape-html' => 'C:/Users/raisa/AppData/Local/Microsoft/TypeScript/4.6/node_modules/@types/escape-html/index.d.ts'
[01:09:45.513] Adding entry into typings cache: 'eslint' => 'C:/Users/raisa/AppData/Local/Microsoft/TypeScript/4.6/node_modules/@types/eslint/index.d.ts'
[01:09:45.515] Adding entry into typings cache: 'etag' => 'C:/Users/raisa/AppData/Local/Microsoft/TypeScript/4.6/node_modules/@types/etag/index.d.ts'
[01:09:45.516] Adding entry into typings cache: 'express' => 'C:/Users/raisa/AppData/Local/Microsoft/TypeScript/4.6/node_modules/@types/express/index.d.ts'
[01:09:45.518] Adding entry into typings cache: 'express-fileupload' => 'C:/Users/raisa/AppData/Local/Microsoft/TypeScript/4.6/node_modules/@types/express-fileupload/index.d.ts'
[01:09:45.522] Adding entry into typings cache: 'express-session' => 'C:/Users/raisa/AppData/Local/Microsoft/TypeScript/4.6/node_modules/@types/express-session/index.d.ts'
[01:09:45.524] Adding entry into typings cache: 'finalhandler' => 'C:/Users/raisa/AppData/Local/Microsoft/TypeScript/4.6/node_modules/@types/finalhandler/index.d.ts'
[01:09:45.526] Adding entry into typings cache: 'fluent' => 'C:/Users/raisa/AppData/Local/Microsoft/TypeScript/4.6/node_modules/@types/fluent/index.d.ts'
[01:09:45.528] Adding entry into typings cache: 'fluent-ffmpeg' => 'C:/Users/raisa/AppData/Local/Microsoft/TypeScript/4.6/node_modules/@types/fluent-ffmpeg/index.d.ts'
[01:09:45.530] Adding entry into typings cache: 'forwarded' => 'C:/Users/raisa/AppData/Local/Microsoft/TypeScript/4.6/node_modules/@types/forwarded/index.d.ts'
[01:09:45.531] Adding entry into typings cache: 'fresh' => 'C:/Users/raisa/AppData/Local/Microsoft/TypeScript/4.6/node_modules/@types/fresh/index.d.ts'
[01:09:45.533] Adding entry into typings cache: 'function-bind' => 'C:/Users/raisa/AppData/Local/Microsoft/TypeScript/4.6/node_modules/@types/function-bind/index.d.ts'
[01:09:45.535] Adding entry into typings cache: 'glob' => 'C:/Users/raisa/AppData/Local/Microsoft/TypeScript/4.6/node_modules/@types/glob/index.d.ts'
[01:09:45.537] Adding entry into typings cache: 'has' => 'C:/Users/raisa/AppData/Local/Microsoft/TypeScript/4.6/node_modules/@types/has/index.d.ts'
[01:09:45.540] Adding entry into typings cache: 'http-errors' => 'C:/Users/raisa/AppData/Local/Microsoft/TypeScript/4.6/node_modules/@types/http-errors/index.d.ts'
[01:09:45.542] Adding entry into typings cache: 'imagemin' => 'C:/Users/raisa/AppData/Local/Microsoft/TypeScript/4.6/node_modules/@types/imagemin/index.d.ts'
[01:09:45.543] Adding entry into typings cache: 'imagemin-jpegtran' => 'C:/Users/raisa/AppData/Local/Microsoft/TypeScript/4.6/node_modules/@types/imagemin-jpegtran/index.d.ts'
[01:09:45.545] Adding entry into typings cache: 'imagemin-mozjpeg' => 'C:/Users/raisa/AppData/Local/Microsoft/TypeScript/4.6/node_modules/@types/imagemin-mozjpeg/index.d.ts'
[01:09:45.546] Adding entry into typings cache: 'imagemin-optipng' => 'C:/Users/raisa/AppData/Local/Microsoft/TypeScript/4.6/node_modules/@types/imagemin-optipng/index.d.ts'
[01:09:45.548] Adding entry into typings cache: 'imagemin-webp' => 'C:/Users/raisa/AppData/Local/Microsoft/TypeScript/4.6/node_modules/@types/imagemin-webp/index.d.ts'
[01:09:45.551] Adding entry into typings cache: 'immediate' => 'C:/Users/raisa/AppData/Local/Microsoft/TypeScript/4.6/node_modules/@types/immediate/index.d.ts'
[01:09:45.553] Adding entry into typings cache: 'inherits' => 'C:/Users/raisa/AppData/Local/Microsoft/TypeScript/4.6/node_modules/@types/inherits/index.d.ts'
[01:09:45.554] Adding entry into typings cache: 'isarray' => 'C:/Users/raisa/AppData/Local/Microsoft/TypeScript/4.6/node_modules/@types/isarray/index.d.ts'
[01:09:45.556] Adding entry into typings cache: 'jade' => 'C:/Users/raisa/AppData/Local/Microsoft/TypeScript/4.6/node_modules/@types/jade/index.d.ts'
[01:09:45.560] Adding entry into typings cache: 'jsonwebtoken' => 'C:/Users/raisa/AppData/Local/Microsoft/TypeScript/4.6/node_modules/@types/jsonwebtoken/index.d.ts'
[01:09:45.562] Adding entry into typings cache: 'jws' => 'C:/Users/raisa/AppData/Local/Microsoft/TypeScript/4.6/node_modules/@types/jws/index.d.ts'
[01:09:45.565] Adding entry into typings cache: 'lodash' => 'C:/Users/raisa/AppData/Local/Microsoft/TypeScript/4.6/node_modules/@types/lodash/index.d.ts'
[01:09:45.568] Adding entry into typings cache: 'lodash.foreach' => 'C:/Users/raisa/AppData/Local/Microsoft/TypeScript/4.6/node_modules/@types/lodash.foreach/index.d.ts'
[01:09:45.571] Adding entry into typings cache: 'lodash.get' => 'C:/Users/raisa/AppData/Local/Microsoft/TypeScript/4.6/node_modules/@types/lodash.get/index.d.ts'
[01:09:45.573] Adding entry into typings cache: 'lodash.includes' => 'C:/Users/raisa/AppData/Local/Microsoft/TypeScript/4.6/node_modules/@types/lodash.includes/index.d.ts'
[01:09:45.576] Adding entry into typings cache: 'lodash.isboolean' => 'C:/Users/raisa/AppData/Local/Microsoft/TypeScript/4.6/node_modules/@types/lodash.isboolean/index.d.ts'
[01:09:45.580] Adding entry into typings cache: 'lodash.isinteger' => 'C:/Users/raisa/AppData/Local/Microsoft/TypeScript/4.6/node_modules/@types/lodash.isinteger/index.d.ts'
[01:09:45.582] Adding entry into typings cache: 'lodash.isnumber' => 'C:/Users/raisa/AppData/Local/Microsoft/TypeScript/4.6/node_modules/@types/lodash.isnumber/index.d.ts'
[01:09:45.584] Adding entry into typings cache: 'lodash.isplainobject' => 'C:/Users/raisa/AppData/Local/Microsoft/TypeScript/4.6/node_modules/@types/lodash.isplainobject/index.d.ts'
[01:09:45.586] Adding entry into typings cache: 'lodash.isstring' => 'C:/Users/raisa/AppData/Local/Microsoft/TypeScript/4.6/node_modules/@types/lodash.isstring/index.d.ts'
[01:09:45.588] Adding entry into typings cache: 'lodash.once' => 'C:/Users/raisa/AppData/Local/Microsoft/TypeScript/4.6/node_modules/@types/lodash.once/index.d.ts'
[01:09:45.592] Adding entry into typings cache: 'media-typer' => 'C:/Users/raisa/AppData/Local/Microsoft/TypeScript/4.6/node_modules/@types/media-typer/index.d.ts'
[01:09:45.594] Adding entry into typings cache: 'merge-descriptors' => 'C:/Users/raisa/AppData/Local/Microsoft/TypeScript/4.6/node_modules/@types/merge-descriptors/index.d.ts'
[01:09:45.596] Adding entry into typings cache: 'methods' => 'C:/Users/raisa/AppData/Local/Microsoft/TypeScript/4.6/node_modules/@types/methods/index.d.ts'
[01:09:45.598] Adding entry into typings cache: 'mime' => 'C:/Users/raisa/AppData/Local/Microsoft/TypeScript/4.6/node_modules/@types/mime/index.d.ts'
[01:09:45.600] Adding entry into typings cache: 'mime-db' => 'C:/Users/raisa/AppData/Local/Microsoft/TypeScript/4.6/node_modules/@types/mime-db/index.d.ts'
[01:09:45.603] Adding entry into typings cache: 'mime-types' => 'C:/Users/raisa/AppData/Local/Microsoft/TypeScript/4.6/node_modules/@types/mime-types/index.d.ts'
[01:09:45.605] Adding entry into typings cache: 'min-document' => 'C:/Users/raisa/AppData/Local/Microsoft/TypeScript/4.6/node_modules/@types/min-document/index.d.ts'
[01:09:45.606] Adding entry into typings cache: 'minimatch' => 'C:/Users/raisa/AppData/Local/Microsoft/TypeScript/4.6/node_modules/@types/minimatch/index.d.ts'
[01:09:45.609] Adding entry into typings cache: 'mocha' => 'C:/Users/raisa/AppData/Local/Microsoft/TypeScript/4.6/node_modules/@types/mocha/index.d.ts'
[01:09:45.610] Adding entry into typings cache: 'mongoose-unique-validator' => 'C:/Users/raisa/AppData/Local/Microsoft/TypeScript/4.6/node_modules/@types/mongoose-unique-validator/index.d.ts'
[01:09:45.612] Adding entry into typings cache: 'morgan' => 'C:/Users/raisa/AppData/Local/Microsoft/TypeScript/4.6/node_modules/@types/morgan/index.d.ts'
[01:09:45.614] Adding entry into typings cache: 'mozjpeg' => 'C:/Users/raisa/AppData/Local/Microsoft/TypeScript/4.6/node_modules/@types/mozjpeg/index.d.ts'
[01:09:45.616] Adding entry into typings cache: 'ms' => 'C:/Users/raisa/AppData/Local/Microsoft/TypeScript/4.6/node_modules/@types/ms/index.d.ts'
[01:09:45.620] Adding entry into typings cache: 'node' => 'C:/Users/raisa/AppData/Local/Microsoft/TypeScript/4.6/node_modules/@types/node/index.d.ts'
[01:09:45.622] Adding entry into typings cache: 'node-fetch' => 'C:/Users/raisa/AppData/Local/Microsoft/TypeScript/4.6/node_modules/@types/node-fetch/index.d.ts'
[01:09:45.623] Adding entry into typings cache: 'nopt' => 'C:/Users/raisa/AppData/Local/Microsoft/TypeScript/4.6/node_modules/@types/nopt/index.d.ts'
[01:09:45.625] Adding entry into typings cache: 'npmlog' => 'C:/Users/raisa/AppData/Local/Microsoft/TypeScript/4.6/node_modules/@types/npmlog/index.d.ts'
[01:09:45.627] Adding entry into typings cache: 'object-assign' => 'C:/Users/raisa/AppData/Local/Microsoft/TypeScript/4.6/node_modules/@types/object-assign/index.d.ts'
[01:09:45.628] Adding entry into typings cache: 'on-finished' => 'C:/Users/raisa/AppData/Local/Microsoft/TypeScript/4.6/node_modules/@types/on-finished/index.d.ts'
[01:09:45.630] Adding entry into typings cache: 'once' => 'C:/Users/raisa/AppData/Local/Microsoft/TypeScript/4.6/node_modules/@types/once/index.d.ts'
[01:09:45.631] Adding entry into typings cache: 'pako' => 'C:/Users/raisa/AppData/Local/Microsoft/TypeScript/4.6/node_modules/@types/pako/index.d.ts'
[01:09:45.633] Adding entry into typings cache: 'parseurl' => 'C:/Users/raisa/AppData/Local/Microsoft/TypeScript/4.6/node_modules/@types/parseurl/index.d.ts'
[01:09:45.634] Adding entry into typings cache: 'passport' => 'C:/Users/raisa/AppData/Local/Microsoft/TypeScript/4.6/node_modules/@types/passport/index.d.ts'
[01:09:45.636] Adding entry into typings cache: 'passport-jwt' => 'C:/Users/raisa/AppData/Local/Microsoft/TypeScript/4.6/node_modules/@types/passport-jwt/index.d.ts'
[01:09:45.638] Adding entry into typings cache: 'passport-local' => 'C:/Users/raisa/AppData/Local/Microsoft/TypeScript/4.6/node_modules/@types/passport-local/index.d.ts'
[01:09:45.640] Adding entry into typings cache: 'passport-strategy' => 'C:/Users/raisa/AppData/Local/Microsoft/TypeScript/4.6/node_modules/@types/passport-strategy/index.d.ts'
[01:09:45.642] Adding entry into typings cache: 'path-is-absolute' => 'C:/Users/raisa/AppData/Local/Microsoft/TypeScript/4.6/node_modules/@types/path-is-absolute/index.d.ts'
[01:09:45.643] Adding entry into typings cache: 'pause' => 'C:/Users/raisa/AppData/Local/Microsoft/TypeScript/4.6/node_modules/@types/pause/index.d.ts'
[01:09:45.645] Adding entry into typings cache: 'pify' => 'C:/Users/raisa/AppData/Local/Microsoft/TypeScript/4.6/node_modules/@types/pify/index.d.ts'
[01:09:45.647] Adding entry into typings cache: 'prettier' => 'C:/Users/raisa/AppData/Local/Microsoft/TypeScript/4.6/node_modules/@types/prettier/index.d.ts'
[01:09:45.648] Adding entry into typings cache: 'proxy-addr' => 'C:/Users/raisa/AppData/Local/Microsoft/TypeScript/4.6/node_modules/@types/proxy-addr/index.d.ts'
[01:09:45.650] Adding entry into typings cache: 'puppeteer' => 'C:/Users/raisa/AppData/Local/Microsoft/TypeScript/4.6/node_modules/@types/puppeteer/index.d.ts'
[01:09:45.651] Adding entry into typings cache: 'q' => 'C:/Users/raisa/AppData/Local/Microsoft/TypeScript/4.6/node_modules/@types/q/index.d.ts'
[01:09:45.653] Adding entry into typings cache: 'qs' => 'C:/Users/raisa/AppData/Local/Microsoft/TypeScript/4.6/node_modules/@types/qs/index.d.ts'
[01:09:45.655] Adding entry into typings cache: 'range-parser' => 'C:/Users/raisa/AppData/Local/Microsoft/TypeScript/4.6/node_modules/@types/range-parser/index.d.ts'
[01:09:45.659] Adding entry into typings cache: 'react' => 'C:/Users/raisa/AppData/Local/Microsoft/TypeScript/4.6/node_modules/@types/react/index.d.ts'
[01:09:45.661] Adding entry into typings cache: 'react-burger-menu' => 'C:/Users/raisa/AppData/Local/Microsoft/TypeScript/4.6/node_modules/@types/react-burger-menu/index.d.ts'
[01:09:45.663] Adding entry into typings cache: 'react-dom' => 'C:/Users/raisa/AppData/Local/Microsoft/TypeScript/4.6/node_modules/@types/react-dom/index.d.ts'
[01:09:45.665] Adding entry into typings cache: 'react-redux' => 'C:/Users/raisa/AppData/Local/Microsoft/TypeScript/4.6/node_modules/@types/react-redux/index.d.ts'
[01:09:45.668] Adding entry into typings cache: 'react-router-dom' => 'C:/Users/raisa/AppData/Local/Microsoft/TypeScript/4.6/node_modules/@types/react-router-dom/index.d.ts'
[01:09:45.670] Adding entry into typings cache: 'react-spinner' => 'C:/Users/raisa/AppData/Local/Microsoft/TypeScript/4.6/node_modules/@types/react-spinner/index.d.ts'
[01:09:45.672] Adding entry into typings cache: 'readable-stream' => 'C:/Users/raisa/AppData/Local/Microsoft/TypeScript/4.6/node_modules/@types/readable-stream/index.d.ts'
[01:09:45.676] Adding entry into typings cache: 'regenerator-runtime' => 'C:/Users/raisa/AppData/Local/Microsoft/TypeScript/4.6/node_modules/@types/regenerator-runtime/index.d.ts'
[01:09:45.679] Adding entry into typings cache: 'replace-ext' => 'C:/Users/raisa/AppData/Local/Microsoft/TypeScript/4.6/node_modules/@types/replace-ext/index.d.ts'
[01:09:45.682] Adding entry into typings cache: 'rimraf' => 'C:/Users/raisa/AppData/Local/Microsoft/TypeScript/4.6/node_modules/@types/rimraf/index.d.ts'
[01:09:45.684] Adding entry into typings cache: 'safer-buffer' => 'C:/Users/raisa/AppData/Local/Microsoft/TypeScript/4.6/node_modules/@types/safer-buffer/index.d.ts'
[01:09:45.685] Adding entry into typings cache: 'selenium-webdriver' => 'C:/Users/raisa/AppData/Local/Microsoft/TypeScript/4.6/node_modules/@types/selenium-webdriver/index.d.ts'
[01:09:45.687] Adding entry into typings cache: 'semver' => 'C:/Users/raisa/AppData/Local/Microsoft/TypeScript/4.6/node_modules/@types/semver/index.d.ts'
[01:09:45.688] Adding entry into typings cache: 'sequelize' => 'C:/Users/raisa/AppData/Local/Microsoft/TypeScript/4.6/node_modules/@types/sequelize/index.d.ts'
[01:09:45.690] Adding entry into typings cache: 'serve-static' => 'C:/Users/raisa/AppData/Local/Microsoft/TypeScript/4.6/node_modules/@types/serve-static/index.d.ts'
[01:09:45.691] Adding entry into typings cache: 'sqlite3' => 'C:/Users/raisa/AppData/Local/Microsoft/TypeScript/4.6/node_modules/@types/sqlite3/index.d.ts'
[01:09:45.693] Adding entry into typings cache: 'statuses' => 'C:/Users/raisa/AppData/Local/Microsoft/TypeScript/4.6/node_modules/@types/statuses/index.d.ts'
[01:09:45.694] Adding entry into typings cache: 'strict-uri-encode' => 'C:/Users/raisa/AppData/Local/Microsoft/TypeScript/4.6/node_modules/@types/strict-uri-encode/index.d.ts'
[01:09:45.696] Adding entry into typings cache: 'styled-components' => 'C:/Users/raisa/AppData/Local/Microsoft/TypeScript/4.6/node_modules/@types/styled-components/index.d.ts'
[01:09:45.697] Adding entry into typings cache: 'tailwindcss' => 'C:/Users/raisa/AppData/Local/Microsoft/TypeScript/4.6/node_modules/@types/tailwindcss/index.d.ts'
[01:09:45.699] Adding entry into typings cache: 'testing-library__jest-dom' => 'C:/Users/raisa/AppData/Local/Microsoft/TypeScript/4.6/node_modules/@types/testing-library__jest-dom/index.d.ts'
[01:09:45.701] Adding entry into typings cache: 'tmp' => 'C:/Users/raisa/AppData/Local/Microsoft/TypeScript/4.6/node_modules/@types/tmp/index.d.ts'
[01:09:45.703] Adding entry into typings cache: 'type-is' => 'C:/Users/raisa/AppData/Local/Microsoft/TypeScript/4.6/node_modules/@types/type-is/index.d.ts'
[01:09:45.705] Adding entry into typings cache: 'util-deprecate' => 'C:/Users/raisa/AppData/Local/Microsoft/TypeScript/4.6/node_modules/@types/util-deprecate/index.d.ts'
[01:09:45.707] Adding entry into typings cache: 'utils-merge' => 'C:/Users/raisa/AppData/Local/Microsoft/TypeScript/4.6/node_modules/@types/utils-merge/index.d.ts'
[01:09:45.709] Adding entry into typings cache: 'vary' => 'C:/Users/raisa/AppData/Local/Microsoft/TypeScript/4.6/node_modules/@types/vary/index.d.ts'
[01:09:45.711] Adding entry into typings cache: 'video-react' => 'C:/Users/raisa/AppData/Local/Microsoft/TypeScript/4.6/node_modules/@types/video-react/index.d.ts'
[01:09:45.714] Adding entry into typings cache: 'video.js' => 'C:/Users/raisa/AppData/Local/Microsoft/TypeScript/4.6/node_modules/@types/video.js/index.d.ts'
[01:09:45.720] Adding entry into typings cache: 'webpack' => 'C:/Users/raisa/AppData/Local/Microsoft/TypeScript/4.6/node_modules/webpack/types.d.ts'
[01:09:45.723] Adding entry into typings cache: 'ws' => 'C:/Users/raisa/AppData/Local/Microsoft/TypeScript/4.6/node_modules/@types/ws/index.d.ts'
[01:09:45.726] Adding entry into typings cache: 'xmldom' => 'C:/Users/raisa/AppData/Local/Microsoft/TypeScript/4.6/node_modules/@types/xmldom/index.d.ts'
[01:09:45.728] Adding entry into typings cache: 'youtube-player' => 'C:/Users/raisa/AppData/Local/Microsoft/TypeScript/4.6/node_modules/@types/youtube-player/index.d.ts'
[01:09:45.728] Finished processing cache location 'C:/Users/raisa/AppData/Local/Microsoft/TypeScript/4.6'
[01:09:45.729] Process id: 10048
[01:09:45.729] NPM location: "C:\Program Files\nodejs\npm" (explicit '--npmLocation' not  provided)
[01:09:45.729] validateDefaultNpmLocation: false
[01:09:45.729] Npm config file: C:/Users/raisa/AppData/Local/Microsoft/TypeScript/4.6/package.json
[01:09:45.730] Updating types-registry npm package...
[01:09:45.730] Exec: "C:\Program Files\nodejs\npm" install --ignore-scripts types-registry@latest
[01:09:50.528]     Succeeded. stdout:
    
    up to date, audited 320 packages in 4s

19 packages are looking for funding
  run `npm fund` for details

found 0 vulnerabilities

[01:09:50.528] Updated types-registry npm package
[01:09:50.569] Got install request {"projectName":"/dev/null/inferredProject1*","fileNames":["c:/Charicha Dev/Charicha Institute/ci-website/node_modules/typescript/lib/lib.es5.d.ts","c:/Charicha Dev/Charicha Institute/ci-website/node_modules/typescript/lib/lib.es2015.d.ts","c:/Charicha Dev/Charicha Institute/ci-website/node_modules/typescript/lib/lib.es2016.d.ts","c:/Charicha Dev/Charicha Institute/ci-website/node_modules/typescript/lib/lib.dom.d.ts","c:/Charicha Dev/Charicha Institute/ci-website/node_modules/typescript/lib/lib.dom.iterable.d.ts","c:/Charicha Dev/Charicha Institute/ci-website/node_modules/typescript/lib/lib.webworker.importscripts.d.ts","c:/Charicha Dev/Charicha Institute/ci-website/node_modules/typescript/lib/lib.scripthost.d.ts","c:/Charicha Dev/Charicha Institute/ci-website/node_modules/typescript/lib/lib.es2015.core.d.ts","c:/Charicha Dev/Charicha Institute/ci-website/node_modules/typescript/lib/lib.es2015.collection.d.ts","c:/Charicha Dev/Charicha Institute/ci-website/node_modules/typescript/lib/lib.es2015.generator.d.ts","c:/Charicha Dev/Charicha Institute/ci-website/node_modules/typescript/lib/lib.es2015.iterable.d.ts","c:/Charicha Dev/Charicha Institute/ci-website/node_modules/typescript/lib/lib.es2015.promise.d.ts","c:/Charicha Dev/Charicha Institute/ci-website/node_modules/typescript/lib/lib.es2015.proxy.d.ts","c:/Charicha Dev/Charicha Institute/ci-website/node_modules/typescript/lib/lib.es2015.reflect.d.ts","c:/Charicha Dev/Charicha Institute/ci-website/node_modules/typescript/lib/lib.es2015.symbol.d.ts","c:/Charicha Dev/Charicha Institute/ci-website/node_modules/typescript/lib/lib.es2015.symbol.wellknown.d.ts","c:/Charicha Dev/Charicha Institute/ci-website/node_modules/typescript/lib/lib.es2016.array.include.d.ts","c:/Charicha Dev/Charicha Institute/ci-website/node_modules/typescript/lib/lib.es2016.full.d.ts","c:/Charicha Dev/Charicha Institute/ci-website/components/utils/Marginer.js","c:/Charicha Dev/Charicha Institute/ci-website/lib/utils/Responsive.js","c:/Charicha Dev/Charicha Institute/ci-website/components/DropdownMenu/index.js","c:/Charicha Dev/Charicha Institute/ci-website/lib/firebaseConfig.js","c:/Charicha Dev/Charicha Institute/ci-website/lib/firebase.js","c:/Charicha Dev/Charicha Institute/ci-website/lib/service/AuthService.js","c:/Charicha Dev/Charicha Institute/ci-website/lib/service/UserService.js","c:/Charicha Dev/Charicha Institute/ci-website/lib/hooks/Auth.js","c:/Charicha Dev/Charicha Institute/ci-website/components/Navbar.js","c:/Charicha Dev/Charicha Institute/ci-website/components/course/coursesList.js","c:/Charicha Dev/Charicha Institute/ci-website/components/buttons/PrimaryButton.js","c:/Charicha Dev/Charicha Institute/ci-website/pages/courses/[id].js"],"compilerOptions":{"module":1,"target":3,"jsx":1,"allowJs":true,"allowSyntheticDefaultImports":true,"allowNonTsExtensions":true,"noEmitForJsFiles":true,"maxNodeModuleJsDepth":2},"typeAcquisition":{"enable":true,"include":[],"exclude":[]},"unresolvedImports":[],"projectRootPath":"c:/Charicha Dev/Charicha Institute/ci-website/pages/courses","kind":"discover"}
[01:09:50.586] Loaded safelist from types map file 'c:/charicha dev/charicha institute/ci-website/node_modules/typescript/lib/typesmap.json'
[01:09:50.587] Explicitly included types: []
[01:09:50.592] Inferred typings from unresolved imports: []
[01:09:50.593] Result: {"cachedTypingPaths":[],"newTypingNames":[],"filesToWatch":["c:/Charicha Dev/Charicha Institute/ci-website/components/utils/bower_components","c:/Charicha Dev/Charicha Institute/ci-website/components/utils/node_modules","c:/Charicha Dev/Charicha Institute/ci-website/lib/utils/bower_components","c:/Charicha Dev/Charicha Institute/ci-website/lib/utils/node_modules","c:/Charicha Dev/Charicha Institute/ci-website/components/DropdownMenu/bower_components","c:/Charicha Dev/Charicha Institute/ci-website/components/DropdownMenu/node_modules","c:/Charicha Dev/Charicha Institute/ci-website/lib/bower_components","c:/Charicha Dev/Charicha Institute/ci-website/lib/node_modules","c:/Charicha Dev/Charicha Institute/ci-website/lib/service/bower_components","c:/Charicha Dev/Charicha Institute/ci-website/lib/service/node_modules","c:/Charicha Dev/Charicha Institute/ci-website/lib/hooks/bower_components","c:/Charicha Dev/Charicha Institute/ci-website/lib/hooks/node_modules","c:/Charicha Dev/Charicha Institute/ci-website/components/bower_components","c:/Charicha Dev/Charicha Institute/ci-website/components/node_modules","c:/Charicha Dev/Charicha Institute/ci-website/components/course/bower_components","c:/Charicha Dev/Charicha Institute/ci-website/components/course/node_modules","c:/Charicha Dev/Charicha Institute/ci-website/components/buttons/bower_components","c:/Charicha Dev/Charicha Institute/ci-website/components/buttons/node_modules","c:/Charicha Dev/Charicha Institute/ci-website/pages/courses/bower_components","c:/Charicha Dev/Charicha Institute/ci-website/pages/courses/node_modules"]}
[01:09:50.594] Finished typings discovery: {"cachedTypingPaths":[],"newTypingNames":[],"filesToWatch":["c:/Charicha Dev/Charicha Institute/ci-website/components/utils/bower_components","c:/Charicha Dev/Charicha Institute/ci-website/components/utils/node_modules","c:/Charicha Dev/Charicha Institute/ci-website/lib/utils/bower_components","c:/Charicha Dev/Charicha Institute/ci-website/lib/utils/node_modules","c:/Charicha Dev/Charicha Institute/ci-website/components/DropdownMenu/bower_components","c:/Charicha Dev/Charicha Institute/ci-website/components/DropdownMenu/node_modules","c:/Charicha Dev/Charicha Institute/ci-website/lib/bower_components","c:/Charicha Dev/Charicha Institute/ci-website/lib/node_modules","c:/Charicha Dev/Charicha Institute/ci-website/lib/service/bower_components","c:/Charicha Dev/Charicha Institute/ci-website/lib/service/node_modules","c:/Charicha Dev/Charicha Institute/ci-website/lib/hooks/bower_components","c:/Charicha Dev/Charicha Institute/ci-website/lib/hooks/node_modules","c:/Charicha Dev/Charicha Institute/ci-website/components/bower_components","c:/Charicha Dev/Charicha Institute/ci-website/components/node_modules","c:/Charicha Dev/Charicha Institute/ci-website/components/course/bower_components","c:/Charicha Dev/Charicha Institute/ci-website/components/course/node_modules","c:/Charicha Dev/Charicha Institute/ci-website/components/buttons/bower_components","c:/Charicha Dev/Charicha Institute/ci-website/components/buttons/node_modules","c:/Charicha Dev/Charicha Institute/ci-website/pages/courses/bower_components","c:/Charicha Dev/Charicha Institute/ci-website/pages/courses/node_modules"]}
[01:09:50.595] DirectoryWatcher:: Added:: WatchInfo: c:/Charicha Dev/Charicha Institute/ci-website/components/utils/bower_components
[01:09:50.597] DirectoryWatcher:: Added:: WatchInfo: c:/Charicha Dev/Charicha Institute/ci-website/components/utils/bower_components 1 undefined Project: /dev/null/inferredProject1* watcher already invoked: false
[01:09:50.600] Elapsed:: 2.599900007247925ms DirectoryWatcher:: Added:: WatchInfo: c:/Charicha Dev/Charicha Institute/ci-website/components/utils/bower_components 1 undefined Project: /dev/null/inferredProject1* watcher already invoked: false
[01:09:50.602] DirectoryWatcher:: Added:: WatchInfo: c:/Charicha Dev/Charicha Institute/ci-website/components/utils/node_modules
[01:09:50.602] DirectoryWatcher:: Added:: WatchInfo: c:/Charicha Dev/Charicha Institute/ci-website/components/utils/node_modules 1 undefined Project: /dev/null/inferredProject1* watcher already invoked: false
[01:09:50.603] Elapsed:: 0.19040000438690186ms DirectoryWatcher:: Added:: WatchInfo: c:/Charicha Dev/Charicha Institute/ci-website/components/utils/node_modules 1 undefined Project: /dev/null/inferredProject1* watcher already invoked: false
[01:09:50.603] DirectoryWatcher:: Added:: WatchInfo: c:/Charicha Dev/Charicha Institute/ci-website/lib/utils/bower_components
[01:09:50.604] DirectoryWatcher:: Added:: WatchInfo: c:/Charicha Dev/Charicha Institute/ci-website/lib/utils/bower_components 1 undefined Project: /dev/null/inferredProject1* watcher already invoked: false
[01:09:50.604] Elapsed:: 0.17319999635219574ms DirectoryWatcher:: Added:: WatchInfo: c:/Charicha Dev/Charicha Institute/ci-website/lib/utils/bower_components 1 undefined Project: /dev/null/inferredProject1* watcher already invoked: false
[01:09:50.605] DirectoryWatcher:: Added:: WatchInfo: c:/Charicha Dev/Charicha Institute/ci-website/lib/utils/node_modules
[01:09:50.605] DirectoryWatcher:: Added:: WatchInfo: c:/Charicha Dev/Charicha Institute/ci-website/lib/utils/node_modules 1 undefined Project: /dev/null/inferredProject1* watcher already invoked: false
[01:09:50.605] Elapsed:: 0.13210000097751617ms DirectoryWatcher:: Added:: WatchInfo: c:/Charicha Dev/Charicha Institute/ci-website/lib/utils/node_modules 1 undefined Project: /dev/null/inferredProject1* watcher already invoked: false
[01:09:50.606] DirectoryWatcher:: Added:: WatchInfo: c:/Charicha Dev/Charicha Institute/ci-website/components/DropdownMenu/bower_components
[01:09:50.606] DirectoryWatcher:: Added:: WatchInfo: c:/Charicha Dev/Charicha Institute/ci-website/components/DropdownMenu/bower_components 1 undefined Project: /dev/null/inferredProject1* watcher already invoked: false
[01:09:50.606] Elapsed:: 0.15029999613761902ms DirectoryWatcher:: Added:: WatchInfo: c:/Charicha Dev/Charicha Institute/ci-website/components/DropdownMenu/bower_components 1 undefined Project: /dev/null/inferredProject1* watcher already invoked: false
[01:09:50.607] DirectoryWatcher:: Added:: WatchInfo: c:/Charicha Dev/Charicha Institute/ci-website/components/DropdownMenu/node_modules
[01:09:50.607] DirectoryWatcher:: Added:: WatchInfo: c:/Charicha Dev/Charicha Institute/ci-website/components/DropdownMenu/node_modules 1 undefined Project: /dev/null/inferredProject1* watcher already invoked: false
[01:09:50.607] Elapsed:: 0.1135999858379364ms DirectoryWatcher:: Added:: WatchInfo: c:/Charicha Dev/Charicha Institute/ci-website/components/DropdownMenu/node_modules 1 undefined Project: /dev/null/inferredProject1* watcher already invoked: false
[01:09:50.607] DirectoryWatcher:: Added:: WatchInfo: c:/Charicha Dev/Charicha Institute/ci-website/lib/bower_components
[01:09:50.608] DirectoryWatcher:: Added:: WatchInfo: c:/Charicha Dev/Charicha Institute/ci-website/lib/bower_components 1 undefined Project: /dev/null/inferredProject1* watcher already invoked: false
[01:09:50.608] Elapsed:: 0.11730000376701355ms DirectoryWatcher:: Added:: WatchInfo: c:/Charicha Dev/Charicha Institute/ci-website/lib/bower_components 1 undefined Project: /dev/null/inferredProject1* watcher already invoked: false
[01:09:50.608] DirectoryWatcher:: Added:: WatchInfo: c:/Charicha Dev/Charicha Institute/ci-website/lib/node_modules
[01:09:50.609] DirectoryWatcher:: Added:: WatchInfo: c:/Charicha Dev/Charicha Institute/ci-website/lib/node_modules 1 undefined Project: /dev/null/inferredProject1* watcher already invoked: false
[01:09:50.609] Elapsed:: 0.1111999899148941ms DirectoryWatcher:: Added:: WatchInfo: c:/Charicha Dev/Charicha Institute/ci-website/lib/node_modules 1 undefined Project: /dev/null/inferredProject1* watcher already invoked: false
[01:09:50.609] DirectoryWatcher:: Added:: WatchInfo: c:/Charicha Dev/Charicha Institute/ci-website/lib/service/bower_components
[01:09:50.610] DirectoryWatcher:: Added:: WatchInfo: c:/Charicha Dev/Charicha Institute/ci-website/lib/service/bower_components 1 undefined Project: /dev/null/inferredProject1* watcher already invoked: false
[01:09:50.610] Elapsed:: 0.2256999909877777ms DirectoryWatcher:: Added:: WatchInfo: c:/Charicha Dev/Charicha Institute/ci-website/lib/service/bower_components 1 undefined Project: /dev/null/inferredProject1* watcher already invoked: false
[01:09:50.610] DirectoryWatcher:: Added:: WatchInfo: c:/Charicha Dev/Charicha Institute/ci-website/lib/service/node_modules
[01:09:50.610] DirectoryWatcher:: Added:: WatchInfo: c:/Charicha Dev/Charicha Institute/ci-website/lib/service/node_modules 1 undefined Project: /dev/null/inferredProject1* watcher already invoked: false
[01:09:50.611] Elapsed:: 0.23549999296665192ms DirectoryWatcher:: Added:: WatchInfo: c:/Charicha Dev/Charicha Institute/ci-website/lib/service/node_modules 1 undefined Project: /dev/null/inferredProject1* watcher already invoked: false
[01:09:50.611] DirectoryWatcher:: Added:: WatchInfo: c:/Charicha Dev/Charicha Institute/ci-website/lib/hooks/bower_components
[01:09:50.611] DirectoryWatcher:: Added:: WatchInfo: c:/Charicha Dev/Charicha Institute/ci-website/lib/hooks/bower_components 1 undefined Project: /dev/null/inferredProject1* watcher already invoked: false
[01:09:50.612] Elapsed:: 0.1274999976158142ms DirectoryWatcher:: Added:: WatchInfo: c:/Charicha Dev/Charicha Institute/ci-website/lib/hooks/bower_components 1 undefined Project: /dev/null/inferredProject1* watcher already invoked: false
[01:09:50.612] DirectoryWatcher:: Added:: WatchInfo: c:/Charicha Dev/Charicha Institute/ci-website/lib/hooks/node_modules
[01:09:50.612] DirectoryWatcher:: Added:: WatchInfo: c:/Charicha Dev/Charicha Institute/ci-website/lib/hooks/node_modules 1 undefined Project: /dev/null/inferredProject1* watcher already invoked: false
[01:09:50.613] Elapsed:: 0.15320000052452087ms DirectoryWatcher:: Added:: WatchInfo: c:/Charicha Dev/Charicha Institute/ci-website/lib/hooks/node_modules 1 undefined Project: /dev/null/inferredProject1* watcher already invoked: false
[01:09:50.613] DirectoryWatcher:: Added:: WatchInfo: c:/Charicha Dev/Charicha Institute/ci-website/components/bower_components
[01:09:50.613] DirectoryWatcher:: Added:: WatchInfo: c:/Charicha Dev/Charicha Institute/ci-website/components/bower_components 1 undefined Project: /dev/null/inferredProject1* watcher already invoked: false
[01:09:50.614] Elapsed:: 0.24770000576972961ms DirectoryWatcher:: Added:: WatchInfo: c:/Charicha Dev/Charicha Institute/ci-website/components/bower_components 1 undefined Project: /dev/null/inferredProject1* watcher already invoked: false
[01:09:50.614] DirectoryWatcher:: Added:: WatchInfo: c:/Charicha Dev/Charicha Institute/ci-website/components/node_modules
[01:09:50.614] DirectoryWatcher:: Added:: WatchInfo: c:/Charicha Dev/Charicha Institute/ci-website/components/node_modules 1 undefined Project: /dev/null/inferredProject1* watcher already invoked: false
[01:09:50.615] Elapsed:: 0.09839999675750732ms DirectoryWatcher:: Added:: WatchInfo: c:/Charicha Dev/Charicha Institute/ci-website/components/node_modules 1 undefined Project: /dev/null/inferredProject1* watcher already invoked: false
[01:09:50.615] DirectoryWatcher:: Added:: WatchInfo: c:/Charicha Dev/Charicha Institute/ci-website/components/course/bower_components
[01:09:50.615] DirectoryWatcher:: Added:: WatchInfo: c:/Charicha Dev/Charicha Institute/ci-website/components/course/bower_components 1 undefined Project: /dev/null/inferredProject1* watcher already invoked: false
[01:09:50.616] Elapsed:: 0.13850000500679016ms DirectoryWatcher:: Added:: WatchInfo: c:/Charicha Dev/Charicha Institute/ci-website/components/course/bower_components 1 undefined Project: /dev/null/inferredProject1* watcher already invoked: false
[01:09:50.616] DirectoryWatcher:: Added:: WatchInfo: c:/Charicha Dev/Charicha Institute/ci-website/components/course/node_modules
[01:09:50.616] DirectoryWatcher:: Added:: WatchInfo: c:/Charicha Dev/Charicha Institute/ci-website/components/course/node_modules 1 undefined Project: /dev/null/inferredProject1* watcher already invoked: false
[01:09:50.616] Elapsed:: 0.11100000143051147ms DirectoryWatcher:: Added:: WatchInfo: c:/Charicha Dev/Charicha Institute/ci-website/components/course/node_modules 1 undefined Project: /dev/null/inferredProject1* watcher already invoked: false
[01:09:50.617] DirectoryWatcher:: Added:: WatchInfo: c:/Charicha Dev/Charicha Institute/ci-website/components/buttons/bower_components
[01:09:50.617] DirectoryWatcher:: Added:: WatchInfo: c:/Charicha Dev/Charicha Institute/ci-website/components/buttons/bower_components 1 undefined Project: /dev/null/inferredProject1* watcher already invoked: false
[01:09:50.617] Elapsed:: 0.10539999604225159ms DirectoryWatcher:: Added:: WatchInfo: c:/Charicha Dev/Charicha Institute/ci-website/components/buttons/bower_components 1 undefined Project: /dev/null/inferredProject1* watcher already invoked: false
[01:09:50.617] DirectoryWatcher:: Added:: WatchInfo: c:/Charicha Dev/Charicha Institute/ci-website/components/buttons/node_modules
[01:09:50.618] DirectoryWatcher:: Added:: WatchInfo: c:/Charicha Dev/Charicha Institute/ci-website/components/buttons/node_modules 1 undefined Project: /dev/null/inferredProject1* watcher already invoked: false
[01:09:50.618] Elapsed:: 0.093299999833107ms DirectoryWatcher:: Added:: WatchInfo: c:/Charicha Dev/Charicha Institute/ci-website/components/buttons/node_modules 1 undefined Project: /dev/null/inferredProject1* watcher already invoked: false
[01:09:50.618] DirectoryWatcher:: Added:: WatchInfo: c:/Charicha Dev/Charicha Institute/ci-website/pages/courses/bower_components
[01:09:50.619] DirectoryWatcher:: Added:: WatchInfo: c:/Charicha Dev/Charicha Institute/ci-website/pages/courses/bower_components 1 undefined Project: /dev/null/inferredProject1* watcher already invoked: false
[01:09:50.619] Elapsed:: 0.12800000607967377ms DirectoryWatcher:: Added:: WatchInfo: c:/Charicha Dev/Charicha Institute/ci-website/pages/courses/bower_components 1 undefined Project: /dev/null/inferredProject1* watcher already invoked: false
[01:09:50.619] DirectoryWatcher:: Added:: WatchInfo: c:/Charicha Dev/Charicha Institute/ci-website/pages/courses/node_modules
[01:09:50.619] DirectoryWatcher:: Added:: WatchInfo: c:/Charicha Dev/Charicha Institute/ci-website/pages/courses/node_modules 1 undefined Project: /dev/null/inferredProject1* watcher already invoked: false
[01:09:50.620] Elapsed:: 0.0981999933719635ms DirectoryWatcher:: Added:: WatchInfo: c:/Charicha Dev/Charicha Institute/ci-website/pages/courses/node_modules 1 undefined Project: /dev/null/inferredProject1* watcher already invoked: false
[01:09:50.620] Sending response:
    {"projectName":"/dev/null/inferredProject1*","typeAcquisition":{"enable":true,"include":[],"exclude":[]},"compilerOptions":{"module":1,"target":3,"jsx":1,"allowJs":true,"allowSyntheticDefaultImports":true,"allowNonTsExtensions":true,"noEmitForJsFiles":true,"maxNodeModuleJsDepth":2},"typings":[],"unresolvedImports":[],"kind":"action::set"}
[01:09:50.621] Response has been sent.
[01:09:50.621] No new typings were requested as a result of typings discovery
[01:10:05.175] Got install request {"projectName":"/dev/null/inferredProject2*","fileNames":["c:/Charicha Dev/Charicha Institute/ci-website/node_modules/typescript/lib/lib.es5.d.ts","c:/Charicha Dev/Charicha Institute/ci-website/node_modules/typescript/lib/lib.es2015.d.ts","c:/Charicha Dev/Charicha Institute/ci-website/node_modules/typescript/lib/lib.es2016.d.ts","c:/Charicha Dev/Charicha Institute/ci-website/node_modules/typescript/lib/lib.dom.d.ts","c:/Charicha Dev/Charicha Institute/ci-website/node_modules/typescript/lib/lib.dom.iterable.d.ts","c:/Charicha Dev/Charicha Institute/ci-website/node_modules/typescript/lib/lib.webworker.importscripts.d.ts","c:/Charicha Dev/Charicha Institute/ci-website/node_modules/typescript/lib/lib.scripthost.d.ts","c:/Charicha Dev/Charicha Institute/ci-website/node_modules/typescript/lib/lib.es2015.core.d.ts","c:/Charicha Dev/Charicha Institute/ci-website/node_modules/typescript/lib/lib.es2015.collection.d.ts","c:/Charicha Dev/Charicha Institute/ci-website/node_modules/typescript/lib/lib.es2015.generator.d.ts","c:/Charicha Dev/Charicha Institute/ci-website/node_modules/typescript/lib/lib.es2015.iterable.d.ts","c:/Charicha Dev/Charicha Institute/ci-website/node_modules/typescript/lib/lib.es2015.promise.d.ts","c:/Charicha Dev/Charicha Institute/ci-website/node_modules/typescript/lib/lib.es2015.proxy.d.ts","c:/Charicha Dev/Charicha Institute/ci-website/node_modules/typescript/lib/lib.es2015.reflect.d.ts","c:/Charicha Dev/Charicha Institute/ci-website/node_modules/typescript/lib/lib.es2015.symbol.d.ts","c:/Charicha Dev/Charicha Institute/ci-website/node_modules/typescript/lib/lib.es2015.symbol.wellknown.d.ts","c:/Charicha Dev/Charicha Institute/ci-website/node_modules/typescript/lib/lib.es2016.array.include.d.ts","c:/Charicha Dev/Charicha Institute/ci-website/node_modules/typescript/lib/lib.es2016.full.d.ts","c:/Charicha Dev/Charicha Institute/ci-website/components/utils/Marginer.js","c:/Charicha Dev/Charicha Institute/ci-website/lib/utils/Responsive.js","c:/Charicha Dev/Charicha Institute/ci-website/components/DropdownMenu/index.js","c:/Charicha Dev/Charicha Institute/ci-website/lib/firebaseConfig.js","c:/Charicha Dev/Charicha Institute/ci-website/lib/firebase.js","c:/Charicha Dev/Charicha Institute/ci-website/lib/service/AuthService.js","c:/Charicha Dev/Charicha Institute/ci-website/lib/service/UserService.js","c:/Charicha Dev/Charicha Institute/ci-website/lib/hooks/Auth.js","c:/Charicha Dev/Charicha Institute/ci-website/components/Navbar.js","c:/Charicha Dev/Charicha Institute/ci-website/components/Accordian.js","c:/Charicha Dev/Charicha Institute/ci-website/components/course/CourseCard.js","c:/Charicha Dev/Charicha Institute/ci-website/components/testimonial/TestimonialCard.js","c:/Charicha Dev/Charicha Institute/ci-website/components/footer/Footer.js","c:/Charicha Dev/Charicha Institute/ci-website/components/course/coursesList.js","c:/Charicha Dev/Charicha Institute/ci-website/pages/courses/index.js"],"compilerOptions":{"module":1,"target":3,"jsx":1,"allowJs":true,"allowSyntheticDefaultImports":true,"allowNonTsExtensions":true,"noEmitForJsFiles":true,"maxNodeModuleJsDepth":2},"typeAcquisition":{"enable":true,"include":[],"exclude":[]},"unresolvedImports":["pure-react-carousel"],"projectRootPath":"c:/Charicha Dev/Charicha Institute/ci-website/pages/courses","kind":"discover"}
[01:10:05.175] Explicitly included types: []
[01:10:05.177] Inferred typings from unresolved imports: ["pure-react-carousel"]
[01:10:05.177] Result: {"cachedTypingPaths":[],"newTypingNames":["pure-react-carousel"],"filesToWatch":["c:/Charicha Dev/Charicha Institute/ci-website/components/utils/bower_components","c:/Charicha Dev/Charicha Institute/ci-website/components/utils/node_modules","c:/Charicha Dev/Charicha Institute/ci-website/lib/utils/bower_components","c:/Charicha Dev/Charicha Institute/ci-website/lib/utils/node_modules","c:/Charicha Dev/Charicha Institute/ci-website/components/DropdownMenu/bower_components","c:/Charicha Dev/Charicha Institute/ci-website/components/DropdownMenu/node_modules","c:/Charicha Dev/Charicha Institute/ci-website/lib/bower_components","c:/Charicha Dev/Charicha Institute/ci-website/lib/node_modules","c:/Charicha Dev/Charicha Institute/ci-website/lib/service/bower_components","c:/Charicha Dev/Charicha Institute/ci-website/lib/service/node_modules","c:/Charicha Dev/Charicha Institute/ci-website/lib/hooks/bower_components","c:/Charicha Dev/Charicha Institute/ci-website/lib/hooks/node_modules","c:/Charicha Dev/Charicha Institute/ci-website/components/bower_components","c:/Charicha Dev/Charicha Institute/ci-website/components/node_modules","c:/Charicha Dev/Charicha Institute/ci-website/components/course/bower_components","c:/Charicha Dev/Charicha Institute/ci-website/components/course/node_modules","c:/Charicha Dev/Charicha Institute/ci-website/components/testimonial/bower_components","c:/Charicha Dev/Charicha Institute/ci-website/components/testimonial/node_modules","c:/Charicha Dev/Charicha Institute/ci-website/components/footer/bower_components","c:/Charicha Dev/Charicha Institute/ci-website/components/footer/node_modules","c:/Charicha Dev/Charicha Institute/ci-website/pages/courses/bower_components","c:/Charicha Dev/Charicha Institute/ci-website/pages/courses/node_modules"]}
[01:10:05.177] Finished typings discovery: {"cachedTypingPaths":[],"newTypingNames":["pure-react-carousel"],"filesToWatch":["c:/Charicha Dev/Charicha Institute/ci-website/components/utils/bower_components","c:/Charicha Dev/Charicha Institute/ci-website/components/utils/node_modules","c:/Charicha Dev/Charicha Institute/ci-website/lib/utils/bower_components","c:/Charicha Dev/Charicha Institute/ci-website/lib/utils/node_modules","c:/Charicha Dev/Charicha Institute/ci-website/components/DropdownMenu/bower_components","c:/Charicha Dev/Charicha Institute/ci-website/components/DropdownMenu/node_modules","c:/Charicha Dev/Charicha Institute/ci-website/lib/bower_components","c:/Charicha Dev/Charicha Institute/ci-website/lib/node_modules","c:/Charicha Dev/Charicha Institute/ci-website/lib/service/bower_components","c:/Charicha Dev/Charicha Institute/ci-website/lib/service/node_modules","c:/Charicha Dev/Charicha Institute/ci-website/lib/hooks/bower_components","c:/Charicha Dev/Charicha Institute/ci-website/lib/hooks/node_modules","c:/Charicha Dev/Charicha Institute/ci-website/components/bower_components","c:/Charicha Dev/Charicha Institute/ci-website/components/node_modules","c:/Charicha Dev/Charicha Institute/ci-website/components/course/bower_components","c:/Charicha Dev/Charicha Institute/ci-website/components/course/node_modules","c:/Charicha Dev/Charicha Institute/ci-website/components/testimonial/bower_components","c:/Charicha Dev/Charicha Institute/ci-website/components/testimonial/node_modules","c:/Charicha Dev/Charicha Institute/ci-website/components/footer/bower_components","c:/Charicha Dev/Charicha Institute/ci-website/components/footer/node_modules","c:/Charicha Dev/Charicha Institute/ci-website/pages/courses/bower_components","c:/Charicha Dev/Charicha Institute/ci-website/pages/courses/node_modules"]}
[01:10:05.177] DirectoryWatcher:: Added:: WatchInfo: c:/Charicha Dev/Charicha Institute/ci-website/components/utils/bower_components
[01:10:05.178] DirectoryWatcher:: Added:: WatchInfo: c:/Charicha Dev/Charicha Institute/ci-website/components/utils/bower_components 1 undefined Project: /dev/null/inferredProject2* watcher already invoked: false
[01:10:05.178] Elapsed:: 0.06060001254081726ms DirectoryWatcher:: Added:: WatchInfo: c:/Charicha Dev/Charicha Institute/ci-website/components/utils/bower_components 1 undefined Project: /dev/null/inferredProject2* watcher already invoked: false
[01:10:05.178] DirectoryWatcher:: Added:: WatchInfo: c:/Charicha Dev/Charicha Institute/ci-website/components/utils/node_modules
[01:10:05.179] DirectoryWatcher:: Added:: WatchInfo: c:/Charicha Dev/Charicha Institute/ci-website/components/utils/node_modules 1 undefined Project: /dev/null/inferredProject2* watcher already invoked: false
[01:10:05.179] Elapsed:: 0.048500001430511475ms DirectoryWatcher:: Added:: WatchInfo: c:/Charicha Dev/Charicha Institute/ci-website/components/utils/node_modules 1 undefined Project: /dev/null/inferredProject2* watcher already invoked: false
[01:10:05.179] DirectoryWatcher:: Added:: WatchInfo: c:/Charicha Dev/Charicha Institute/ci-website/lib/utils/bower_components
[01:10:05.179] DirectoryWatcher:: Added:: WatchInfo: c:/Charicha Dev/Charicha Institute/ci-website/lib/utils/bower_components 1 undefined Project: /dev/null/inferredProject2* watcher already invoked: false
[01:10:05.179] Elapsed:: 0.050999999046325684ms DirectoryWatcher:: Added:: WatchInfo: c:/Charicha Dev/Charicha Institute/ci-website/lib/utils/bower_components 1 undefined Project: /dev/null/inferredProject2* watcher already invoked: false
[01:10:05.179] DirectoryWatcher:: Added:: WatchInfo: c:/Charicha Dev/Charicha Institute/ci-website/lib/utils/node_modules
[01:10:05.180] DirectoryWatcher:: Added:: WatchInfo: c:/Charicha Dev/Charicha Institute/ci-website/lib/utils/node_modules 1 undefined Project: /dev/null/inferredProject2* watcher already invoked: false
[01:10:05.180] Elapsed:: 0.04549999535083771ms DirectoryWatcher:: Added:: WatchInfo: c:/Charicha Dev/Charicha Institute/ci-website/lib/utils/node_modules 1 undefined Project: /dev/null/inferredProject2* watcher already invoked: false
[01:10:05.180] DirectoryWatcher:: Added:: WatchInfo: c:/Charicha Dev/Charicha Institute/ci-website/components/DropdownMenu/bower_components
[01:10:05.180] DirectoryWatcher:: Added:: WatchInfo: c:/Charicha Dev/Charicha Institute/ci-website/components/DropdownMenu/bower_components 1 undefined Project: /dev/null/inferredProject2* watcher already invoked: false
[01:10:05.181] Elapsed:: 0.06790000200271606ms DirectoryWatcher:: Added:: WatchInfo: c:/Charicha Dev/Charicha Institute/ci-website/components/DropdownMenu/bower_components 1 undefined Project: /dev/null/inferredProject2* watcher already invoked: false
[01:10:05.181] DirectoryWatcher:: Added:: WatchInfo: c:/Charicha Dev/Charicha Institute/ci-website/components/DropdownMenu/node_modules
[01:10:05.181] DirectoryWatcher:: Added:: WatchInfo: c:/Charicha Dev/Charicha Institute/ci-website/components/DropdownMenu/node_modules 1 undefined Project: /dev/null/inferredProject2* watcher already invoked: false
[01:10:05.182] Elapsed:: 0.16019999980926514ms DirectoryWatcher:: Added:: WatchInfo: c:/Charicha Dev/Charicha Institute/ci-website/components/DropdownMenu/node_modules 1 undefined Project: /dev/null/inferredProject2* watcher already invoked: false
[01:10:05.182] DirectoryWatcher:: Added:: WatchInfo: c:/Charicha Dev/Charicha Institute/ci-website/lib/bower_components
[01:10:05.182] DirectoryWatcher:: Added:: WatchInfo: c:/Charicha Dev/Charicha Institute/ci-website/lib/bower_components 1 undefined Project: /dev/null/inferredProject2* watcher already invoked: false
[01:10:05.182] Elapsed:: 0.07979999482631683ms DirectoryWatcher:: Added:: WatchInfo: c:/Charicha Dev/Charicha Institute/ci-website/lib/bower_components 1 undefined Project: /dev/null/inferredProject2* watcher already invoked: false
[01:10:05.183] DirectoryWatcher:: Added:: WatchInfo: c:/Charicha Dev/Charicha Institute/ci-website/lib/node_modules
[01:10:05.183] DirectoryWatcher:: Added:: WatchInfo: c:/Charicha Dev/Charicha Institute/ci-website/lib/node_modules 1 undefined Project: /dev/null/inferredProject2* watcher already invoked: false
[01:10:05.183] Elapsed:: 0.0479000061750412ms DirectoryWatcher:: Added:: WatchInfo: c:/Charicha Dev/Charicha Institute/ci-website/lib/node_modules 1 undefined Project: /dev/null/inferredProject2* watcher already invoked: false
[01:10:05.183] DirectoryWatcher:: Added:: WatchInfo: c:/Charicha Dev/Charicha Institute/ci-website/lib/service/bower_components
[01:10:05.183] DirectoryWatcher:: Added:: WatchInfo: c:/Charicha Dev/Charicha Institute/ci-website/lib/service/bower_components 1 undefined Project: /dev/null/inferredProject2* watcher already invoked: false
[01:10:05.183] Elapsed:: 0.05739998817443848ms DirectoryWatcher:: Added:: WatchInfo: c:/Charicha Dev/Charicha Institute/ci-website/lib/service/bower_components 1 undefined Project: /dev/null/inferredProject2* watcher already invoked: false
[01:10:05.184] DirectoryWatcher:: Added:: WatchInfo: c:/Charicha Dev/Charicha Institute/ci-website/lib/service/node_modules
[01:10:05.184] DirectoryWatcher:: Added:: WatchInfo: c:/Charicha Dev/Charicha Institute/ci-website/lib/service/node_modules 1 undefined Project: /dev/null/inferredProject2* watcher already invoked: false
[01:10:05.184] Elapsed:: 0.07249999046325684ms DirectoryWatcher:: Added:: WatchInfo: c:/Charicha Dev/Charicha Institute/ci-website/lib/service/node_modules 1 undefined Project: /dev/null/inferredProject2* watcher already invoked: false
[01:10:05.184] DirectoryWatcher:: Added:: WatchInfo: c:/Charicha Dev/Charicha Institute/ci-website/lib/hooks/bower_components
[01:10:05.185] DirectoryWatcher:: Added:: WatchInfo: c:/Charicha Dev/Charicha Institute/ci-website/lib/hooks/bower_components 1 undefined Project: /dev/null/inferredProject2* watcher already invoked: false
[01:10:05.186] Elapsed:: 0.5824999958276749ms DirectoryWatcher:: Added:: WatchInfo: c:/Charicha Dev/Charicha Institute/ci-website/lib/hooks/bower_components 1 undefined Project: /dev/null/inferredProject2* watcher already invoked: false
[01:10:05.187] DirectoryWatcher:: Added:: WatchInfo: c:/Charicha Dev/Charicha Institute/ci-website/lib/hooks/node_modules
[01:10:05.187] DirectoryWatcher:: Added:: WatchInfo: c:/Charicha Dev/Charicha Institute/ci-website/lib/hooks/node_modules 1 undefined Project: /dev/null/inferredProject2* watcher already invoked: false
[01:10:05.187] Elapsed:: 0.0722000002861023ms DirectoryWatcher:: Added:: WatchInfo: c:/Charicha Dev/Charicha Institute/ci-website/lib/hooks/node_modules 1 undefined Project: /dev/null/inferredProject2* watcher already invoked: false
[01:10:05.187] DirectoryWatcher:: Added:: WatchInfo: c:/Charicha Dev/Charicha Institute/ci-website/components/bower_components
[01:10:05.187] DirectoryWatcher:: Added:: WatchInfo: c:/Charicha Dev/Charicha Institute/ci-website/components/bower_components 1 undefined Project: /dev/null/inferredProject2* watcher already invoked: false
[01:10:05.188] Elapsed:: 0.11390000581741333ms DirectoryWatcher:: Added:: WatchInfo: c:/Charicha Dev/Charicha Institute/ci-website/components/bower_components 1 undefined Project: /dev/null/inferredProject2* watcher already invoked: false
[01:10:05.188] DirectoryWatcher:: Added:: WatchInfo: c:/Charicha Dev/Charicha Institute/ci-website/components/node_modules
[01:10:05.188] DirectoryWatcher:: Added:: WatchInfo: c:/Charicha Dev/Charicha Institute/ci-website/components/node_modules 1 undefined Project: /dev/null/inferredProject2* watcher already invoked: false
[01:10:05.189] Elapsed:: 0.08569999039173126ms DirectoryWatcher:: Added:: WatchInfo: c:/Charicha Dev/Charicha Institute/ci-website/components/node_modules 1 undefined Project: /dev/null/inferredProject2* watcher already invoked: false
[01:10:05.189] DirectoryWatcher:: Added:: WatchInfo: c:/Charicha Dev/Charicha Institute/ci-website/components/course/bower_components
[01:10:05.189] DirectoryWatcher:: Added:: WatchInfo: c:/Charicha Dev/Charicha Institute/ci-website/components/course/bower_components 1 undefined Project: /dev/null/inferredProject2* watcher already invoked: false
[01:10:05.189] Elapsed:: 0.05849999189376831ms DirectoryWatcher:: Added:: WatchInfo: c:/Charicha Dev/Charicha Institute/ci-website/components/course/bower_components 1 undefined Project: /dev/null/inferredProject2* watcher already invoked: false
[01:10:05.190] DirectoryWatcher:: Added:: WatchInfo: c:/Charicha Dev/Charicha Institute/ci-website/components/course/node_modules
[01:10:05.190] DirectoryWatcher:: Added:: WatchInfo: c:/Charicha Dev/Charicha Institute/ci-website/components/course/node_modules 1 undefined Project: /dev/null/inferredProject2* watcher already invoked: false
[01:10:05.190] Elapsed:: 0.04559999704360962ms DirectoryWatcher:: Added:: WatchInfo: c:/Charicha Dev/Charicha Institute/ci-website/components/course/node_modules 1 undefined Project: /dev/null/inferredProject2* watcher already invoked: false
[01:10:05.190] DirectoryWatcher:: Added:: WatchInfo: c:/Charicha Dev/Charicha Institute/ci-website/components/testimonial/bower_components
[01:10:05.191] DirectoryWatcher:: Added:: WatchInfo: c:/Charicha Dev/Charicha Institute/ci-website/components/testimonial/bower_components 1 undefined Project: /dev/null/inferredProject2* watcher already invoked: false
[01:10:05.191] Elapsed:: 0.20499999821186066ms DirectoryWatcher:: Added:: WatchInfo: c:/Charicha Dev/Charicha Institute/ci-website/components/testimonial/bower_components 1 undefined Project: /dev/null/inferredProject2* watcher already invoked: false
[01:10:05.191] DirectoryWatcher:: Added:: WatchInfo: c:/Charicha Dev/Charicha Institute/ci-website/components/testimonial/node_modules
[01:10:05.191] DirectoryWatcher:: Added:: WatchInfo: c:/Charicha Dev/Charicha Institute/ci-website/components/testimonial/node_modules 1 undefined Project: /dev/null/inferredProject2* watcher already invoked: false
[01:10:05.192] Elapsed:: 0.0625ms DirectoryWatcher:: Added:: WatchInfo: c:/Charicha Dev/Charicha Institute/ci-website/components/testimonial/node_modules 1 undefined Project: /dev/null/inferredProject2* watcher already invoked: false
[01:10:05.192] DirectoryWatcher:: Added:: WatchInfo: c:/Charicha Dev/Charicha Institute/ci-website/components/footer/bower_components
[01:10:05.192] DirectoryWatcher:: Added:: WatchInfo: c:/Charicha Dev/Charicha Institute/ci-website/components/footer/bower_components 1 undefined Project: /dev/null/inferredProject2* watcher already invoked: false
[01:10:05.192] Elapsed:: 0.0640999972820282ms DirectoryWatcher:: Added:: WatchInfo: c:/Charicha Dev/Charicha Institute/ci-website/components/footer/bower_components 1 undefined Project: /dev/null/inferredProject2* watcher already invoked: false
[01:10:05.192] DirectoryWatcher:: Added:: WatchInfo: c:/Charicha Dev/Charicha Institute/ci-website/components/footer/node_modules
[01:10:05.193] DirectoryWatcher:: Added:: WatchInfo: c:/Charicha Dev/Charicha Institute/ci-website/components/footer/node_modules 1 undefined Project: /dev/null/inferredProject2* watcher already invoked: false
[01:10:05.193] Elapsed:: 0.0770999938249588ms DirectoryWatcher:: Added:: WatchInfo: c:/Charicha Dev/Charicha Institute/ci-website/components/footer/node_modules 1 undefined Project: /dev/null/inferredProject2* watcher already invoked: false
[01:10:05.193] DirectoryWatcher:: Added:: WatchInfo: c:/Charicha Dev/Charicha Institute/ci-website/pages/courses/bower_components
[01:10:05.193] DirectoryWatcher:: Added:: WatchInfo: c:/Charicha Dev/Charicha Institute/ci-website/pages/courses/bower_components 1 undefined Project: /dev/null/inferredProject2* watcher already invoked: false
[01:10:05.193] Elapsed:: 0.049300000071525574ms DirectoryWatcher:: Added:: WatchInfo: c:/Charicha Dev/Charicha Institute/ci-website/pages/courses/bower_components 1 undefined Project: /dev/null/inferredProject2* watcher already invoked: false
[01:10:05.193] DirectoryWatcher:: Added:: WatchInfo: c:/Charicha Dev/Charicha Institute/ci-website/pages/courses/node_modules
[01:10:05.194] DirectoryWatcher:: Added:: WatchInfo: c:/Charicha Dev/Charicha Institute/ci-website/pages/courses/node_modules 1 undefined Project: /dev/null/inferredProject2* watcher already invoked: false
[01:10:05.194] Elapsed:: 0.060499995946884155ms DirectoryWatcher:: Added:: WatchInfo: c:/Charicha Dev/Charicha Institute/ci-website/pages/courses/node_modules 1 undefined Project: /dev/null/inferredProject2* watcher already invoked: false
[01:10:05.194] Installing typings ["pure-react-carousel"]
[01:10:05.195] 'pure-react-carousel':: Entry for package 'pure-react-carousel' does not exist in local types registry - skipping...
[01:10:05.195] All typings are known to be missing or invalid - no need to install more typings
[01:10:05.195] Sending response:
    {"projectName":"/dev/null/inferredProject2*","typeAcquisition":{"enable":true,"include":[],"exclude":[]},"compilerOptions":{"module":1,"target":3,"jsx":1,"allowJs":true,"allowSyntheticDefaultImports":true,"allowNonTsExtensions":true,"noEmitForJsFiles":true,"maxNodeModuleJsDepth":2},"typings":[],"unresolvedImports":["pure-react-carousel"],"kind":"action::set"}
[01:10:05.195] Response has been sent.
