[23:45:21.494] Global cache location 'C:/Users/raisa/AppData/Local/Microsoft/TypeScript/4.6', safe file path 'c:/charicha dev/charicha institute/ci-website/node_modules/typescript/lib/typingsafelist.json', types map path c:/charicha dev/charicha institute/ci-website/node_modules/typescript/lib/typesmap.json
[23:45:21.495] Processing cache location 'C:/Users/raisa/AppData/Local/Microsoft/TypeScript/4.6'
[23:45:21.496] Trying to find 'C:/Users/raisa/AppData/Local/Microsoft/TypeScript/4.6/package.json'...
[23:45:21.501] Loaded content of 'C:/Users/raisa/AppData/Local/Microsoft/TypeScript/4.6/package.json': {"private":true,"dependencies":{"types-registry":"^0.1.596"},"devDependencies":{"@types/asap":"^2.0.0","@types/babel__code-frame":"^7.0.3","@types/babel__core":"^7.1.19","@types/babel__generator":"^7.6.4","@types/babel__template":"^7.4.1","@types/babel__traverse":"^7.17.1","@types/balanced-match":"^1.0.2","@types/bcrypt":"^5.0.0","@types/bluebird":"^3.5.36","@types/body-parser":"^1.19.2","@types/brace-expansion":"^1.1.0","@types/bytes":"^3.1.1","@types/call-bind":"^1.0.0","@types/caniuse-lite":"^1.0.1","@types/chai":"^4.3.1","@types/co":"^4.6.3","@types/concat-map":"^0.0.1","@types/config":"^0.0.41","@types/content-disposition":"^0.5.5","@types/content-type":"^1.1.5","@types/cookie":"^0.5.1","@types/cookie-parser":"^1.4.3","@types/cookie-signature":"^1.0.4","@types/cors":"^2.8.12","@types/craco__craco":"^6.4.0","@types/d":"^1.0.1","@types/debug":"^4.1.7","@types/depd":"^1.1.32","@types/destroy":"^1.0.0","@types/detective":"^5.1.2","@types/dom-parser":"^0.1.1","@types/ee-first":"^1.1.0","@types/encodeurl":"^1.0.0","@types/escape-html":"^1.0.2","@types/eslint":"^8.4.3","@types/etag":"^1.8.1","@types/express":"^4.17.13","@types/express-fileupload":"^1.2.2","@types/express-session":"^1.17.4","@types/finalhandler":"^1.1.1","@types/fluent":"^0.11.4","@types/fluent-ffmpeg":"^2.1.20","@types/forwarded":"^0.1.0","@types/fresh":"^0.5.0","@types/function-bind":"^1.1.6","@types/glob":"^7.2.0","@types/has":"^1.0.0","@types/http-errors":"^1.8.2","@types/imagemin":"^8.0.0","@types/imagemin-jpegtran":"^5.0.1","@types/imagemin-mozjpeg":"^8.0.1","@types/imagemin-optipng":"^5.2.1","@types/imagemin-webp":"^7.0.0","@types/immediate":"^3.2.0","@types/inherits":"^0.0.30","@types/isarray":"^2.0.0","@types/jade":"^0.0.31","@types/jsonwebtoken":"^8.5.8","@types/jws":"^3.2.4","@types/lodash":"^4.14.180","@types/lodash.foreach":"^4.5.7","@types/lodash.get":"^4.4.7","@types/lodash.includes":"^4.3.7","@types/lodash.isboolean":"^3.0.7","@types/lodash.isinteger":"^4.0.7","@types/lodash.isnumber":"^3.0.7","@types/lodash.isplainobject":"^4.0.7","@types/lodash.isstring":"^4.0.7","@types/lodash.once":"^4.1.7","@types/media-typer":"^1.1.1","@types/merge-descriptors":"^1.0.1","@types/methods":"^1.1.1","@types/mime":"^2.0.3","@types/mime-db":"^1.43.1","@types/mime-types":"^2.1.1","@types/min-document":"^2.19.0","@types/minimatch":"^3.0.5","@types/mocha":"^9.1.1","@types/mongoose-unique-validator":"^1.0.6","@types/morgan":"^1.9.3","@types/mozjpeg":"^5.0.0","@types/ms":"^0.7.31","@types/node":"^17.0.21","@types/node-fetch":"^2.6.1","@types/nopt":"^3.0.29","@types/npmlog":"^4.1.4","@types/object-assign":"^4.0.30","@types/on-finished":"^2.3.1","@types/once":"^1.4.0","@types/pako":"^2.0.0","@types/parseurl":"^1.3.1","@types/passport":"^1.0.8","@types/passport-jwt":"^3.0.6","@types/passport-local":"^1.0.34","@types/passport-strategy":"^0.2.35","@types/path-is-absolute":"^1.0.0","@types/pause":"^0.1.0","@types/pify":"^5.0.1","@types/prettier":"^2.6.1","@types/proxy-addr":"^2.0.0","@types/puppeteer":"^5.4.6","@types/q":"^1.5.5","@types/qs":"^6.9.7","@types/range-parser":"^1.2.4","@types/react":"^18.0.14","@types/react-burger-menu":"^2.8.3","@types/react-dom":"^18.0.5","@types/react-redux":"^7.1.24","@types/react-router-dom":"^5.3.3","@types/react-spinner":"^0.2.0","@types/readable-stream":"^2.3.13","@types/regenerator-runtime":"^0.13.1","@types/replace-ext":"^2.0.0","@types/rimraf":"^3.0.2","@types/safer-buffer":"^2.1.0","@types/selenium-webdriver":"^4.1.0","@types/semver":"^7.3.9","@types/sequelize":"^4.28.13","@types/serve-static":"^1.13.10","@types/sqlite3":"^3.1.8","@types/statuses":"^2.0.0","@types/strict-uri-encode":"^2.0.0","@types/styled-components":"^5.1.25","@types/tailwindcss":"^3.0.10","@types/testing-library__jest-dom":"^5.14.3","@types/tmp":"^0.2.3","@types/type-is":"^1.6.3","@types/util-deprecate":"^1.0.0","@types/utils-merge":"^0.0.28","@types/vary":"^1.1.0","@types/video-react":"^0.15.0","@types/video.js":"^7.3.40","@types/webpack":"^5.28.0","@types/ws":"^8.5.3","@types/xmldom":"^0.1.31","@types/youtube-player":"^5.5.6"}}
[23:45:21.502] Loaded content of 'C:/Users/raisa/AppData/Local/Microsoft/TypeScript/4.6/package-lock.json'
[23:45:21.519] Adding entry into typings cache: 'asap' => 'C:/Users/raisa/AppData/Local/Microsoft/TypeScript/4.6/node_modules/@types/asap/index.d.ts'
[23:45:21.523] Adding entry into typings cache: 'babel__code-frame' => 'C:/Users/raisa/AppData/Local/Microsoft/TypeScript/4.6/node_modules/@types/babel__code-frame/index.d.ts'
[23:45:21.527] Adding entry into typings cache: 'babel__core' => 'C:/Users/raisa/AppData/Local/Microsoft/TypeScript/4.6/node_modules/@types/babel__core/index.d.ts'
[23:45:21.530] Adding entry into typings cache: 'babel__generator' => 'C:/Users/raisa/AppData/Local/Microsoft/TypeScript/4.6/node_modules/@types/babel__generator/index.d.ts'
[23:45:21.532] Adding entry into typings cache: 'babel__template' => 'C:/Users/raisa/AppData/Local/Microsoft/TypeScript/4.6/node_modules/@types/babel__template/index.d.ts'
[23:45:21.536] Adding entry into typings cache: 'babel__traverse' => 'C:/Users/raisa/AppData/Local/Microsoft/TypeScript/4.6/node_modules/@types/babel__traverse/index.d.ts'
[23:45:21.539] Adding entry into typings cache: 'balanced-match' => 'C:/Users/raisa/AppData/Local/Microsoft/TypeScript/4.6/node_modules/@types/balanced-match/index.d.ts'
[23:45:21.542] Adding entry into typings cache: 'bcrypt' => 'C:/Users/raisa/AppData/Local/Microsoft/TypeScript/4.6/node_modules/@types/bcrypt/index.d.ts'
[23:45:21.545] Adding entry into typings cache: 'bluebird' => 'C:/Users/raisa/AppData/Local/Microsoft/TypeScript/4.6/node_modules/@types/bluebird/index.d.ts'
[23:45:21.548] Adding entry into typings cache: 'body-parser' => 'C:/Users/raisa/AppData/Local/Microsoft/TypeScript/4.6/node_modules/@types/body-parser/index.d.ts'
[23:45:21.551] Adding entry into typings cache: 'brace-expansion' => 'C:/Users/raisa/AppData/Local/Microsoft/TypeScript/4.6/node_modules/@types/brace-expansion/index.d.ts'
[23:45:21.553] Adding entry into typings cache: 'bytes' => 'C:/Users/raisa/AppData/Local/Microsoft/TypeScript/4.6/node_modules/@types/bytes/index.d.ts'
[23:45:21.558] Adding entry into typings cache: 'call-bind' => 'C:/Users/raisa/AppData/Local/Microsoft/TypeScript/4.6/node_modules/@types/call-bind/index.d.ts'
[23:45:21.564] Adding entry into typings cache: 'caniuse-lite' => 'C:/Users/raisa/AppData/Local/Microsoft/TypeScript/4.6/node_modules/@types/caniuse-lite/index.d.ts'
[23:45:21.566] Adding entry into typings cache: 'chai' => 'C:/Users/raisa/AppData/Local/Microsoft/TypeScript/4.6/node_modules/@types/chai/index.d.ts'
[23:45:21.568] Adding entry into typings cache: 'co' => 'C:/Users/raisa/AppData/Local/Microsoft/TypeScript/4.6/node_modules/@types/co/index.d.ts'
[23:45:21.570] Adding entry into typings cache: 'concat-map' => 'C:/Users/raisa/AppData/Local/Microsoft/TypeScript/4.6/node_modules/@types/concat-map/index.d.ts'
[23:45:21.572] Adding entry into typings cache: 'config' => 'C:/Users/raisa/AppData/Local/Microsoft/TypeScript/4.6/node_modules/@types/config/index.d.ts'
[23:45:21.574] Adding entry into typings cache: 'content-disposition' => 'C:/Users/raisa/AppData/Local/Microsoft/TypeScript/4.6/node_modules/@types/content-disposition/index.d.ts'
[23:45:21.577] Adding entry into typings cache: 'content-type' => 'C:/Users/raisa/AppData/Local/Microsoft/TypeScript/4.6/node_modules/@types/content-type/index.d.ts'
[23:45:21.579] Adding entry into typings cache: 'cookie' => 'C:/Users/raisa/AppData/Local/Microsoft/TypeScript/4.6/node_modules/@types/cookie/index.d.ts'
[23:45:21.581] Adding entry into typings cache: 'cookie-parser' => 'C:/Users/raisa/AppData/Local/Microsoft/TypeScript/4.6/node_modules/@types/cookie-parser/index.d.ts'
[23:45:21.583] Adding entry into typings cache: 'cookie-signature' => 'C:/Users/raisa/AppData/Local/Microsoft/TypeScript/4.6/node_modules/@types/cookie-signature/index.d.ts'
[23:45:21.585] Adding entry into typings cache: 'cors' => 'C:/Users/raisa/AppData/Local/Microsoft/TypeScript/4.6/node_modules/@types/cors/index.d.ts'
[23:45:21.587] Adding entry into typings cache: 'craco__craco' => 'C:/Users/raisa/AppData/Local/Microsoft/TypeScript/4.6/node_modules/@types/craco__craco/index.d.ts'
[23:45:21.589] Adding entry into typings cache: 'd' => 'C:/Users/raisa/AppData/Local/Microsoft/TypeScript/4.6/node_modules/@types/d/index.d.ts'
[23:45:21.596] Adding entry into typings cache: 'debug' => 'C:/Users/raisa/AppData/Local/Microsoft/TypeScript/4.6/node_modules/@types/debug/index.d.ts'
[23:45:21.598] Adding entry into typings cache: 'depd' => 'C:/Users/raisa/AppData/Local/Microsoft/TypeScript/4.6/node_modules/@types/depd/index.d.ts'
[23:45:21.599] Adding entry into typings cache: 'destroy' => 'C:/Users/raisa/AppData/Local/Microsoft/TypeScript/4.6/node_modules/@types/destroy/index.d.ts'
[23:45:21.601] Adding entry into typings cache: 'detective' => 'C:/Users/raisa/AppData/Local/Microsoft/TypeScript/4.6/node_modules/@types/detective/index.d.ts'
[23:45:21.603] Adding entry into typings cache: 'dom-parser' => 'C:/Users/raisa/AppData/Local/Microsoft/TypeScript/4.6/node_modules/@types/dom-parser/index.d.ts'
[23:45:21.606] Adding entry into typings cache: 'ee-first' => 'C:/Users/raisa/AppData/Local/Microsoft/TypeScript/4.6/node_modules/@types/ee-first/index.d.ts'
[23:45:21.608] Adding entry into typings cache: 'encodeurl' => 'C:/Users/raisa/AppData/Local/Microsoft/TypeScript/4.6/node_modules/@types/encodeurl/index.d.ts'
[23:45:21.610] Adding entry into typings cache: 'escape-html' => 'C:/Users/raisa/AppData/Local/Microsoft/TypeScript/4.6/node_modules/@types/escape-html/index.d.ts'
[23:45:21.612] Adding entry into typings cache: 'eslint' => 'C:/Users/raisa/AppData/Local/Microsoft/TypeScript/4.6/node_modules/@types/eslint/index.d.ts'
[23:45:21.614] Adding entry into typings cache: 'etag' => 'C:/Users/raisa/AppData/Local/Microsoft/TypeScript/4.6/node_modules/@types/etag/index.d.ts'
[23:45:21.616] Adding entry into typings cache: 'express' => 'C:/Users/raisa/AppData/Local/Microsoft/TypeScript/4.6/node_modules/@types/express/index.d.ts'
[23:45:21.618] Adding entry into typings cache: 'express-fileupload' => 'C:/Users/raisa/AppData/Local/Microsoft/TypeScript/4.6/node_modules/@types/express-fileupload/index.d.ts'
[23:45:21.622] Adding entry into typings cache: 'express-session' => 'C:/Users/raisa/AppData/Local/Microsoft/TypeScript/4.6/node_modules/@types/express-session/index.d.ts'
[23:45:21.624] Adding entry into typings cache: 'finalhandler' => 'C:/Users/raisa/AppData/Local/Microsoft/TypeScript/4.6/node_modules/@types/finalhandler/index.d.ts'
[23:45:21.627] Adding entry into typings cache: 'fluent' => 'C:/Users/raisa/AppData/Local/Microsoft/TypeScript/4.6/node_modules/@types/fluent/index.d.ts'
[23:45:21.630] Adding entry into typings cache: 'fluent-ffmpeg' => 'C:/Users/raisa/AppData/Local/Microsoft/TypeScript/4.6/node_modules/@types/fluent-ffmpeg/index.d.ts'
[23:45:21.632] Adding entry into typings cache: 'forwarded' => 'C:/Users/raisa/AppData/Local/Microsoft/TypeScript/4.6/node_modules/@types/forwarded/index.d.ts'
[23:45:21.634] Adding entry into typings cache: 'fresh' => 'C:/Users/raisa/AppData/Local/Microsoft/TypeScript/4.6/node_modules/@types/fresh/index.d.ts'
[23:45:21.636] Adding entry into typings cache: 'function-bind' => 'C:/Users/raisa/AppData/Local/Microsoft/TypeScript/4.6/node_modules/@types/function-bind/index.d.ts'
[23:45:21.640] Adding entry into typings cache: 'glob' => 'C:/Users/raisa/AppData/Local/Microsoft/TypeScript/4.6/node_modules/@types/glob/index.d.ts'
[23:45:21.643] Adding entry into typings cache: 'has' => 'C:/Users/raisa/AppData/Local/Microsoft/TypeScript/4.6/node_modules/@types/has/index.d.ts'
[23:45:21.647] Adding entry into typings cache: 'http-errors' => 'C:/Users/raisa/AppData/Local/Microsoft/TypeScript/4.6/node_modules/@types/http-errors/index.d.ts'
[23:45:21.650] Adding entry into typings cache: 'imagemin' => 'C:/Users/raisa/AppData/Local/Microsoft/TypeScript/4.6/node_modules/@types/imagemin/index.d.ts'
[23:45:21.652] Adding entry into typings cache: 'imagemin-jpegtran' => 'C:/Users/raisa/AppData/Local/Microsoft/TypeScript/4.6/node_modules/@types/imagemin-jpegtran/index.d.ts'
[23:45:21.656] Adding entry into typings cache: 'imagemin-mozjpeg' => 'C:/Users/raisa/AppData/Local/Microsoft/TypeScript/4.6/node_modules/@types/imagemin-mozjpeg/index.d.ts'
[23:45:21.660] Adding entry into typings cache: 'imagemin-optipng' => 'C:/Users/raisa/AppData/Local/Microsoft/TypeScript/4.6/node_modules/@types/imagemin-optipng/index.d.ts'
[23:45:21.663] Adding entry into typings cache: 'imagemin-webp' => 'C:/Users/raisa/AppData/Local/Microsoft/TypeScript/4.6/node_modules/@types/imagemin-webp/index.d.ts'
[23:45:21.666] Adding entry into typings cache: 'immediate' => 'C:/Users/raisa/AppData/Local/Microsoft/TypeScript/4.6/node_modules/@types/immediate/index.d.ts'
[23:45:21.668] Adding entry into typings cache: 'inherits' => 'C:/Users/raisa/AppData/Local/Microsoft/TypeScript/4.6/node_modules/@types/inherits/index.d.ts'
[23:45:21.671] Adding entry into typings cache: 'isarray' => 'C:/Users/raisa/AppData/Local/Microsoft/TypeScript/4.6/node_modules/@types/isarray/index.d.ts'
[23:45:21.673] Adding entry into typings cache: 'jade' => 'C:/Users/raisa/AppData/Local/Microsoft/TypeScript/4.6/node_modules/@types/jade/index.d.ts'
[23:45:21.678] Adding entry into typings cache: 'jsonwebtoken' => 'C:/Users/raisa/AppData/Local/Microsoft/TypeScript/4.6/node_modules/@types/jsonwebtoken/index.d.ts'
[23:45:21.683] Adding entry into typings cache: 'jws' => 'C:/Users/raisa/AppData/Local/Microsoft/TypeScript/4.6/node_modules/@types/jws/index.d.ts'
[23:45:21.688] Adding entry into typings cache: 'lodash' => 'C:/Users/raisa/AppData/Local/Microsoft/TypeScript/4.6/node_modules/@types/lodash/index.d.ts'
[23:45:21.691] Adding entry into typings cache: 'lodash.foreach' => 'C:/Users/raisa/AppData/Local/Microsoft/TypeScript/4.6/node_modules/@types/lodash.foreach/index.d.ts'
[23:45:21.696] Adding entry into typings cache: 'lodash.get' => 'C:/Users/raisa/AppData/Local/Microsoft/TypeScript/4.6/node_modules/@types/lodash.get/index.d.ts'
[23:45:21.701] Adding entry into typings cache: 'lodash.includes' => 'C:/Users/raisa/AppData/Local/Microsoft/TypeScript/4.6/node_modules/@types/lodash.includes/index.d.ts'
[23:45:21.707] Adding entry into typings cache: 'lodash.isboolean' => 'C:/Users/raisa/AppData/Local/Microsoft/TypeScript/4.6/node_modules/@types/lodash.isboolean/index.d.ts'
[23:45:21.713] Adding entry into typings cache: 'lodash.isinteger' => 'C:/Users/raisa/AppData/Local/Microsoft/TypeScript/4.6/node_modules/@types/lodash.isinteger/index.d.ts'
[23:45:21.717] Adding entry into typings cache: 'lodash.isnumber' => 'C:/Users/raisa/AppData/Local/Microsoft/TypeScript/4.6/node_modules/@types/lodash.isnumber/index.d.ts'
[23:45:21.720] Adding entry into typings cache: 'lodash.isplainobject' => 'C:/Users/raisa/AppData/Local/Microsoft/TypeScript/4.6/node_modules/@types/lodash.isplainobject/index.d.ts'
[23:45:21.723] Adding entry into typings cache: 'lodash.isstring' => 'C:/Users/raisa/AppData/Local/Microsoft/TypeScript/4.6/node_modules/@types/lodash.isstring/index.d.ts'
[23:45:21.727] Adding entry into typings cache: 'lodash.once' => 'C:/Users/raisa/AppData/Local/Microsoft/TypeScript/4.6/node_modules/@types/lodash.once/index.d.ts'
[23:45:21.735] Adding entry into typings cache: 'media-typer' => 'C:/Users/raisa/AppData/Local/Microsoft/TypeScript/4.6/node_modules/@types/media-typer/index.d.ts'
[23:45:21.738] Adding entry into typings cache: 'merge-descriptors' => 'C:/Users/raisa/AppData/Local/Microsoft/TypeScript/4.6/node_modules/@types/merge-descriptors/index.d.ts'
[23:45:21.741] Adding entry into typings cache: 'methods' => 'C:/Users/raisa/AppData/Local/Microsoft/TypeScript/4.6/node_modules/@types/methods/index.d.ts'
[23:45:21.746] Adding entry into typings cache: 'mime' => 'C:/Users/raisa/AppData/Local/Microsoft/TypeScript/4.6/node_modules/@types/mime/index.d.ts'
[23:45:21.752] Adding entry into typings cache: 'mime-db' => 'C:/Users/raisa/AppData/Local/Microsoft/TypeScript/4.6/node_modules/@types/mime-db/index.d.ts'
[23:45:21.757] Adding entry into typings cache: 'mime-types' => 'C:/Users/raisa/AppData/Local/Microsoft/TypeScript/4.6/node_modules/@types/mime-types/index.d.ts'
[23:45:21.761] Adding entry into typings cache: 'min-document' => 'C:/Users/raisa/AppData/Local/Microsoft/TypeScript/4.6/node_modules/@types/min-document/index.d.ts'
[23:45:21.763] Adding entry into typings cache: 'minimatch' => 'C:/Users/raisa/AppData/Local/Microsoft/TypeScript/4.6/node_modules/@types/minimatch/index.d.ts'
[23:45:21.768] Adding entry into typings cache: 'mocha' => 'C:/Users/raisa/AppData/Local/Microsoft/TypeScript/4.6/node_modules/@types/mocha/index.d.ts'
[23:45:21.771] Adding entry into typings cache: 'mongoose-unique-validator' => 'C:/Users/raisa/AppData/Local/Microsoft/TypeScript/4.6/node_modules/@types/mongoose-unique-validator/index.d.ts'
[23:45:21.773] Adding entry into typings cache: 'morgan' => 'C:/Users/raisa/AppData/Local/Microsoft/TypeScript/4.6/node_modules/@types/morgan/index.d.ts'
[23:45:21.778] Adding entry into typings cache: 'mozjpeg' => 'C:/Users/raisa/AppData/Local/Microsoft/TypeScript/4.6/node_modules/@types/mozjpeg/index.d.ts'
[23:45:21.784] Adding entry into typings cache: 'ms' => 'C:/Users/raisa/AppData/Local/Microsoft/TypeScript/4.6/node_modules/@types/ms/index.d.ts'
[23:45:21.788] Adding entry into typings cache: 'node' => 'C:/Users/raisa/AppData/Local/Microsoft/TypeScript/4.6/node_modules/@types/node/index.d.ts'
[23:45:21.791] Adding entry into typings cache: 'node-fetch' => 'C:/Users/raisa/AppData/Local/Microsoft/TypeScript/4.6/node_modules/@types/node-fetch/index.d.ts'
[23:45:21.792] Adding entry into typings cache: 'nopt' => 'C:/Users/raisa/AppData/Local/Microsoft/TypeScript/4.6/node_modules/@types/nopt/index.d.ts'
[23:45:21.795] Adding entry into typings cache: 'npmlog' => 'C:/Users/raisa/AppData/Local/Microsoft/TypeScript/4.6/node_modules/@types/npmlog/index.d.ts'
[23:45:21.797] Adding entry into typings cache: 'object-assign' => 'C:/Users/raisa/AppData/Local/Microsoft/TypeScript/4.6/node_modules/@types/object-assign/index.d.ts'
[23:45:21.799] Adding entry into typings cache: 'on-finished' => 'C:/Users/raisa/AppData/Local/Microsoft/TypeScript/4.6/node_modules/@types/on-finished/index.d.ts'
[23:45:21.802] Adding entry into typings cache: 'once' => 'C:/Users/raisa/AppData/Local/Microsoft/TypeScript/4.6/node_modules/@types/once/index.d.ts'
[23:45:21.803] Adding entry into typings cache: 'pako' => 'C:/Users/raisa/AppData/Local/Microsoft/TypeScript/4.6/node_modules/@types/pako/index.d.ts'
[23:45:21.806] Adding entry into typings cache: 'parseurl' => 'C:/Users/raisa/AppData/Local/Microsoft/TypeScript/4.6/node_modules/@types/parseurl/index.d.ts'
[23:45:21.807] Adding entry into typings cache: 'passport' => 'C:/Users/raisa/AppData/Local/Microsoft/TypeScript/4.6/node_modules/@types/passport/index.d.ts'
[23:45:21.809] Adding entry into typings cache: 'passport-jwt' => 'C:/Users/raisa/AppData/Local/Microsoft/TypeScript/4.6/node_modules/@types/passport-jwt/index.d.ts'
[23:45:21.811] Adding entry into typings cache: 'passport-local' => 'C:/Users/raisa/AppData/Local/Microsoft/TypeScript/4.6/node_modules/@types/passport-local/index.d.ts'
[23:45:21.813] Adding entry into typings cache: 'passport-strategy' => 'C:/Users/raisa/AppData/Local/Microsoft/TypeScript/4.6/node_modules/@types/passport-strategy/index.d.ts'
[23:45:21.815] Adding entry into typings cache: 'path-is-absolute' => 'C:/Users/raisa/AppData/Local/Microsoft/TypeScript/4.6/node_modules/@types/path-is-absolute/index.d.ts'
[23:45:21.817] Adding entry into typings cache: 'pause' => 'C:/Users/raisa/AppData/Local/Microsoft/TypeScript/4.6/node_modules/@types/pause/index.d.ts'
[23:45:21.819] Adding entry into typings cache: 'pify' => 'C:/Users/raisa/AppData/Local/Microsoft/TypeScript/4.6/node_modules/@types/pify/index.d.ts'
[23:45:21.821] Adding entry into typings cache: 'prettier' => 'C:/Users/raisa/AppData/Local/Microsoft/TypeScript/4.6/node_modules/@types/prettier/index.d.ts'
[23:45:21.822] Adding entry into typings cache: 'proxy-addr' => 'C:/Users/raisa/AppData/Local/Microsoft/TypeScript/4.6/node_modules/@types/proxy-addr/index.d.ts'
[23:45:21.825] Adding entry into typings cache: 'puppeteer' => 'C:/Users/raisa/AppData/Local/Microsoft/TypeScript/4.6/node_modules/@types/puppeteer/index.d.ts'
[23:45:21.827] Adding entry into typings cache: 'q' => 'C:/Users/raisa/AppData/Local/Microsoft/TypeScript/4.6/node_modules/@types/q/index.d.ts'
[23:45:21.828] Adding entry into typings cache: 'qs' => 'C:/Users/raisa/AppData/Local/Microsoft/TypeScript/4.6/node_modules/@types/qs/index.d.ts'
[23:45:21.831] Adding entry into typings cache: 'range-parser' => 'C:/Users/raisa/AppData/Local/Microsoft/TypeScript/4.6/node_modules/@types/range-parser/index.d.ts'
[23:45:21.834] Adding entry into typings cache: 'react' => 'C:/Users/raisa/AppData/Local/Microsoft/TypeScript/4.6/node_modules/@types/react/index.d.ts'
[23:45:21.836] Adding entry into typings cache: 'react-burger-menu' => 'C:/Users/raisa/AppData/Local/Microsoft/TypeScript/4.6/node_modules/@types/react-burger-menu/index.d.ts'
[23:45:21.838] Adding entry into typings cache: 'react-dom' => 'C:/Users/raisa/AppData/Local/Microsoft/TypeScript/4.6/node_modules/@types/react-dom/index.d.ts'
[23:45:21.840] Adding entry into typings cache: 'react-redux' => 'C:/Users/raisa/AppData/Local/Microsoft/TypeScript/4.6/node_modules/@types/react-redux/index.d.ts'
[23:45:21.842] Adding entry into typings cache: 'react-router-dom' => 'C:/Users/raisa/AppData/Local/Microsoft/TypeScript/4.6/node_modules/@types/react-router-dom/index.d.ts'
[23:45:21.845] Adding entry into typings cache: 'react-spinner' => 'C:/Users/raisa/AppData/Local/Microsoft/TypeScript/4.6/node_modules/@types/react-spinner/index.d.ts'
[23:45:21.847] Adding entry into typings cache: 'readable-stream' => 'C:/Users/raisa/AppData/Local/Microsoft/TypeScript/4.6/node_modules/@types/readable-stream/index.d.ts'
[23:45:21.851] Adding entry into typings cache: 'regenerator-runtime' => 'C:/Users/raisa/AppData/Local/Microsoft/TypeScript/4.6/node_modules/@types/regenerator-runtime/index.d.ts'
[23:45:21.854] Adding entry into typings cache: 'replace-ext' => 'C:/Users/raisa/AppData/Local/Microsoft/TypeScript/4.6/node_modules/@types/replace-ext/index.d.ts'
[23:45:21.856] Adding entry into typings cache: 'rimraf' => 'C:/Users/raisa/AppData/Local/Microsoft/TypeScript/4.6/node_modules/@types/rimraf/index.d.ts'
[23:45:21.858] Adding entry into typings cache: 'safer-buffer' => 'C:/Users/raisa/AppData/Local/Microsoft/TypeScript/4.6/node_modules/@types/safer-buffer/index.d.ts'
[23:45:21.861] Adding entry into typings cache: 'selenium-webdriver' => 'C:/Users/raisa/AppData/Local/Microsoft/TypeScript/4.6/node_modules/@types/selenium-webdriver/index.d.ts'
[23:45:21.863] Adding entry into typings cache: 'semver' => 'C:/Users/raisa/AppData/Local/Microsoft/TypeScript/4.6/node_modules/@types/semver/index.d.ts'
[23:45:21.865] Adding entry into typings cache: 'sequelize' => 'C:/Users/raisa/AppData/Local/Microsoft/TypeScript/4.6/node_modules/@types/sequelize/index.d.ts'
[23:45:21.868] Adding entry into typings cache: 'serve-static' => 'C:/Users/raisa/AppData/Local/Microsoft/TypeScript/4.6/node_modules/@types/serve-static/index.d.ts'
[23:45:21.869] Adding entry into typings cache: 'sqlite3' => 'C:/Users/raisa/AppData/Local/Microsoft/TypeScript/4.6/node_modules/@types/sqlite3/index.d.ts'
[23:45:21.871] Adding entry into typings cache: 'statuses' => 'C:/Users/raisa/AppData/Local/Microsoft/TypeScript/4.6/node_modules/@types/statuses/index.d.ts'
[23:45:21.873] Adding entry into typings cache: 'strict-uri-encode' => 'C:/Users/raisa/AppData/Local/Microsoft/TypeScript/4.6/node_modules/@types/strict-uri-encode/index.d.ts'
[23:45:21.875] Adding entry into typings cache: 'styled-components' => 'C:/Users/raisa/AppData/Local/Microsoft/TypeScript/4.6/node_modules/@types/styled-components/index.d.ts'
[23:45:21.878] Adding entry into typings cache: 'tailwindcss' => 'C:/Users/raisa/AppData/Local/Microsoft/TypeScript/4.6/node_modules/@types/tailwindcss/index.d.ts'
[23:45:21.880] Adding entry into typings cache: 'testing-library__jest-dom' => 'C:/Users/raisa/AppData/Local/Microsoft/TypeScript/4.6/node_modules/@types/testing-library__jest-dom/index.d.ts'
[23:45:21.882] Adding entry into typings cache: 'tmp' => 'C:/Users/raisa/AppData/Local/Microsoft/TypeScript/4.6/node_modules/@types/tmp/index.d.ts'
[23:45:21.883] Adding entry into typings cache: 'type-is' => 'C:/Users/raisa/AppData/Local/Microsoft/TypeScript/4.6/node_modules/@types/type-is/index.d.ts'
[23:45:21.885] Adding entry into typings cache: 'util-deprecate' => 'C:/Users/raisa/AppData/Local/Microsoft/TypeScript/4.6/node_modules/@types/util-deprecate/index.d.ts'
[23:45:21.887] Adding entry into typings cache: 'utils-merge' => 'C:/Users/raisa/AppData/Local/Microsoft/TypeScript/4.6/node_modules/@types/utils-merge/index.d.ts'
[23:45:21.889] Adding entry into typings cache: 'vary' => 'C:/Users/raisa/AppData/Local/Microsoft/TypeScript/4.6/node_modules/@types/vary/index.d.ts'
[23:45:21.892] Adding entry into typings cache: 'video-react' => 'C:/Users/raisa/AppData/Local/Microsoft/TypeScript/4.6/node_modules/@types/video-react/index.d.ts'
[23:45:21.897] Adding entry into typings cache: 'video.js' => 'C:/Users/raisa/AppData/Local/Microsoft/TypeScript/4.6/node_modules/@types/video.js/index.d.ts'
[23:45:21.903] Adding entry into typings cache: 'webpack' => 'C:/Users/raisa/AppData/Local/Microsoft/TypeScript/4.6/node_modules/webpack/types.d.ts'
[23:45:21.906] Adding entry into typings cache: 'ws' => 'C:/Users/raisa/AppData/Local/Microsoft/TypeScript/4.6/node_modules/@types/ws/index.d.ts'
[23:45:21.908] Adding entry into typings cache: 'xmldom' => 'C:/Users/raisa/AppData/Local/Microsoft/TypeScript/4.6/node_modules/@types/xmldom/index.d.ts'
[23:45:21.910] Adding entry into typings cache: 'youtube-player' => 'C:/Users/raisa/AppData/Local/Microsoft/TypeScript/4.6/node_modules/@types/youtube-player/index.d.ts'
[23:45:21.911] Finished processing cache location 'C:/Users/raisa/AppData/Local/Microsoft/TypeScript/4.6'
[23:45:21.911] Process id: 18960
[23:45:21.911] NPM location: "C:\Program Files\nodejs\npm" (explicit '--npmLocation' not  provided)
[23:45:21.912] validateDefaultNpmLocation: false
[23:45:21.912] Npm config file: C:/Users/raisa/AppData/Local/Microsoft/TypeScript/4.6/package.json
[23:45:21.912] Updating types-registry npm package...
[23:45:21.913] Exec: "C:\Program Files\nodejs\npm" install --ignore-scripts types-registry@latest
[23:45:24.236]     Succeeded. stdout:
    
    changed 1 package, and audited 320 packages in 1s

19 packages are looking for funding
  run `npm fund` for details

found 0 vulnerabilities

[23:45:24.236] Updated types-registry npm package
[23:45:24.264] Got install request {"projectName":"/dev/null/inferredProject1*","fileNames":["c:/Charicha Dev/Charicha Institute/ci-website/node_modules/typescript/lib/lib.es5.d.ts","c:/Charicha Dev/Charicha Institute/ci-website/node_modules/typescript/lib/lib.es2015.d.ts","c:/Charicha Dev/Charicha Institute/ci-website/node_modules/typescript/lib/lib.es2016.d.ts","c:/Charicha Dev/Charicha Institute/ci-website/node_modules/typescript/lib/lib.dom.d.ts","c:/Charicha Dev/Charicha Institute/ci-website/node_modules/typescript/lib/lib.dom.iterable.d.ts","c:/Charicha Dev/Charicha Institute/ci-website/node_modules/typescript/lib/lib.webworker.importscripts.d.ts","c:/Charicha Dev/Charicha Institute/ci-website/node_modules/typescript/lib/lib.scripthost.d.ts","c:/Charicha Dev/Charicha Institute/ci-website/node_modules/typescript/lib/lib.es2015.core.d.ts","c:/Charicha Dev/Charicha Institute/ci-website/node_modules/typescript/lib/lib.es2015.collection.d.ts","c:/Charicha Dev/Charicha Institute/ci-website/node_modules/typescript/lib/lib.es2015.generator.d.ts","c:/Charicha Dev/Charicha Institute/ci-website/node_modules/typescript/lib/lib.es2015.iterable.d.ts","c:/Charicha Dev/Charicha Institute/ci-website/node_modules/typescript/lib/lib.es2015.promise.d.ts","c:/Charicha Dev/Charicha Institute/ci-website/node_modules/typescript/lib/lib.es2015.proxy.d.ts","c:/Charicha Dev/Charicha Institute/ci-website/node_modules/typescript/lib/lib.es2015.reflect.d.ts","c:/Charicha Dev/Charicha Institute/ci-website/node_modules/typescript/lib/lib.es2015.symbol.d.ts","c:/Charicha Dev/Charicha Institute/ci-website/node_modules/typescript/lib/lib.es2015.symbol.wellknown.d.ts","c:/Charicha Dev/Charicha Institute/ci-website/node_modules/typescript/lib/lib.es2016.array.include.d.ts","c:/Charicha Dev/Charicha Institute/ci-website/node_modules/typescript/lib/lib.es2016.full.d.ts","c:/Charicha Dev/Charicha Institute/ci-website/lib/firebaseConfig.js","c:/Charicha Dev/Charicha Institute/ci-website/lib/firebase.js","c:/Charicha Dev/Charicha Institute/ci-website/lib/service/AuthService.js","c:/Charicha Dev/Charicha Institute/ci-website/lib/service/UserService.js","c:/Charicha Dev/Charicha Institute/ci-website/lib/hooks/Auth.js","c:/Charicha Dev/Charicha Institute/ci-website/pages/_app.js"],"compilerOptions":{"module":1,"target":3,"jsx":1,"allowJs":true,"allowSyntheticDefaultImports":true,"allowNonTsExtensions":true,"noEmitForJsFiles":true,"maxNodeModuleJsDepth":2},"typeAcquisition":{"enable":true,"include":[],"exclude":[]},"unresolvedImports":[],"projectRootPath":"c:/Charicha Dev/Charicha Institute/ci-website/pages","kind":"discover"}
[23:45:24.278] Loaded safelist from types map file 'c:/charicha dev/charicha institute/ci-website/node_modules/typescript/lib/typesmap.json'
[23:45:24.279] Explicitly included types: []
[23:45:24.280] Inferred typings from unresolved imports: []
[23:45:24.281] Result: {"cachedTypingPaths":[],"newTypingNames":[],"filesToWatch":["c:/Charicha Dev/Charicha Institute/ci-website/lib/bower_components","c:/Charicha Dev/Charicha Institute/ci-website/lib/node_modules","c:/Charicha Dev/Charicha Institute/ci-website/lib/service/bower_components","c:/Charicha Dev/Charicha Institute/ci-website/lib/service/node_modules","c:/Charicha Dev/Charicha Institute/ci-website/lib/hooks/bower_components","c:/Charicha Dev/Charicha Institute/ci-website/lib/hooks/node_modules","c:/Charicha Dev/Charicha Institute/ci-website/pages/bower_components","c:/Charicha Dev/Charicha Institute/ci-website/pages/node_modules"]}
[23:45:24.281] Finished typings discovery: {"cachedTypingPaths":[],"newTypingNames":[],"filesToWatch":["c:/Charicha Dev/Charicha Institute/ci-website/lib/bower_components","c:/Charicha Dev/Charicha Institute/ci-website/lib/node_modules","c:/Charicha Dev/Charicha Institute/ci-website/lib/service/bower_components","c:/Charicha Dev/Charicha Institute/ci-website/lib/service/node_modules","c:/Charicha Dev/Charicha Institute/ci-website/lib/hooks/bower_components","c:/Charicha Dev/Charicha Institute/ci-website/lib/hooks/node_modules","c:/Charicha Dev/Charicha Institute/ci-website/pages/bower_components","c:/Charicha Dev/Charicha Institute/ci-website/pages/node_modules"]}
[23:45:24.282] DirectoryWatcher:: Added:: WatchInfo: c:/Charicha Dev/Charicha Institute/ci-website/lib/bower_components
[23:45:24.282] DirectoryWatcher:: Added:: WatchInfo: c:/Charicha Dev/Charicha Institute/ci-website/lib/bower_components 1 undefined Project: /dev/null/inferredProject1* watcher already invoked: false
[23:45:24.287] Elapsed:: 3.8370000049471855ms DirectoryWatcher:: Added:: WatchInfo: c:/Charicha Dev/Charicha Institute/ci-website/lib/bower_components 1 undefined Project: /dev/null/inferredProject1* watcher already invoked: false
[23:45:24.287] DirectoryWatcher:: Added:: WatchInfo: c:/Charicha Dev/Charicha Institute/ci-website/lib/node_modules
[23:45:24.287] DirectoryWatcher:: Added:: WatchInfo: c:/Charicha Dev/Charicha Institute/ci-website/lib/node_modules 1 undefined Project: /dev/null/inferredProject1* watcher already invoked: false
[23:45:24.288] Elapsed:: 0.21129999309778214ms DirectoryWatcher:: Added:: WatchInfo: c:/Charicha Dev/Charicha Institute/ci-website/lib/node_modules 1 undefined Project: /dev/null/inferredProject1* watcher already invoked: false
[23:45:24.289] DirectoryWatcher:: Added:: WatchInfo: c:/Charicha Dev/Charicha Institute/ci-website/lib/service/bower_components
[23:45:24.289] DirectoryWatcher:: Added:: WatchInfo: c:/Charicha Dev/Charicha Institute/ci-website/lib/service/bower_components 1 undefined Project: /dev/null/inferredProject1* watcher already invoked: false
[23:45:24.290] Elapsed:: 0.5031000003218651ms DirectoryWatcher:: Added:: WatchInfo: c:/Charicha Dev/Charicha Institute/ci-website/lib/service/bower_components 1 undefined Project: /dev/null/inferredProject1* watcher already invoked: false
[23:45:24.291] DirectoryWatcher:: Added:: WatchInfo: c:/Charicha Dev/Charicha Institute/ci-website/lib/service/node_modules
[23:45:24.292] DirectoryWatcher:: Added:: WatchInfo: c:/Charicha Dev/Charicha Institute/ci-website/lib/service/node_modules 1 undefined Project: /dev/null/inferredProject1* watcher already invoked: false
[23:45:24.292] Elapsed:: 0.13259999454021454ms DirectoryWatcher:: Added:: WatchInfo: c:/Charicha Dev/Charicha Institute/ci-website/lib/service/node_modules 1 undefined Project: /dev/null/inferredProject1* watcher already invoked: false
[23:45:24.292] DirectoryWatcher:: Added:: WatchInfo: c:/Charicha Dev/Charicha Institute/ci-website/lib/hooks/bower_components
[23:45:24.293] DirectoryWatcher:: Added:: WatchInfo: c:/Charicha Dev/Charicha Institute/ci-website/lib/hooks/bower_components 1 undefined Project: /dev/null/inferredProject1* watcher already invoked: false
[23:45:24.293] Elapsed:: 0.10140000283718109ms DirectoryWatcher:: Added:: WatchInfo: c:/Charicha Dev/Charicha Institute/ci-website/lib/hooks/bower_components 1 undefined Project: /dev/null/inferredProject1* watcher already invoked: false
[23:45:24.293] DirectoryWatcher:: Added:: WatchInfo: c:/Charicha Dev/Charicha Institute/ci-website/lib/hooks/node_modules
[23:45:24.294] DirectoryWatcher:: Added:: WatchInfo: c:/Charicha Dev/Charicha Institute/ci-website/lib/hooks/node_modules 1 undefined Project: /dev/null/inferredProject1* watcher already invoked: false
[23:45:24.294] Elapsed:: 0.0925000011920929ms DirectoryWatcher:: Added:: WatchInfo: c:/Charicha Dev/Charicha Institute/ci-website/lib/hooks/node_modules 1 undefined Project: /dev/null/inferredProject1* watcher already invoked: false
[23:45:24.294] DirectoryWatcher:: Added:: WatchInfo: c:/Charicha Dev/Charicha Institute/ci-website/pages/bower_components
[23:45:24.294] DirectoryWatcher:: Added:: WatchInfo: c:/Charicha Dev/Charicha Institute/ci-website/pages/bower_components 1 undefined Project: /dev/null/inferredProject1* watcher already invoked: false
[23:45:24.294] Elapsed:: 0.0998000055551529ms DirectoryWatcher:: Added:: WatchInfo: c:/Charicha Dev/Charicha Institute/ci-website/pages/bower_components 1 undefined Project: /dev/null/inferredProject1* watcher already invoked: false
[23:45:24.295] DirectoryWatcher:: Added:: WatchInfo: c:/Charicha Dev/Charicha Institute/ci-website/pages/node_modules
[23:45:24.295] DirectoryWatcher:: Added:: WatchInfo: c:/Charicha Dev/Charicha Institute/ci-website/pages/node_modules 1 undefined Project: /dev/null/inferredProject1* watcher already invoked: false
[23:45:24.295] Elapsed:: 0.18969999998807907ms DirectoryWatcher:: Added:: WatchInfo: c:/Charicha Dev/Charicha Institute/ci-website/pages/node_modules 1 undefined Project: /dev/null/inferredProject1* watcher already invoked: false
[23:45:24.296] Sending response:
    {"projectName":"/dev/null/inferredProject1*","typeAcquisition":{"enable":true,"include":[],"exclude":[]},"compilerOptions":{"module":1,"target":3,"jsx":1,"allowJs":true,"allowSyntheticDefaultImports":true,"allowNonTsExtensions":true,"noEmitForJsFiles":true,"maxNodeModuleJsDepth":2},"typings":[],"unresolvedImports":[],"kind":"action::set"}
[23:45:24.297] Response has been sent.
[23:45:24.297] No new typings were requested as a result of typings discovery
[23:45:24.932] Got install request {"projectName":"/dev/null/inferredProject1*","fileNames":[],"compilerOptions":{"module":1,"target":3,"jsx":1,"allowJs":true,"allowSyntheticDefaultImports":true,"allowNonTsExtensions":true,"noEmitForJsFiles":true},"typeAcquisition":{"enable":true,"include":[],"exclude":[]},"unresolvedImports":[],"projectRootPath":"c:/Charicha Dev/Charicha Institute/ci-website/pages","kind":"discover"}
[23:45:24.932] Explicitly included types: []
[23:45:24.933] Inferred typings from unresolved imports: []
[23:45:24.933] Result: {"cachedTypingPaths":[],"newTypingNames":[],"filesToWatch":["c:/Charicha Dev/Charicha Institute/ci-website/pages/bower_components","c:/Charicha Dev/Charicha Institute/ci-website/pages/node_modules"]}
[23:45:24.933] Finished typings discovery: {"cachedTypingPaths":[],"newTypingNames":[],"filesToWatch":["c:/Charicha Dev/Charicha Institute/ci-website/pages/bower_components","c:/Charicha Dev/Charicha Institute/ci-website/pages/node_modules"]}
[23:45:24.934] DirectoryWatcher:: Closed:: WatchInfo: c:/Charicha Dev/Charicha Institute/ci-website/lib/bower_components
[23:45:24.934] DirectoryWatcher:: Close:: WatchInfo: c:/Charicha Dev/Charicha Institute/ci-website/lib/bower_components 1 undefined Project: /dev/null/inferredProject1* watcher already invoked: false
[23:45:24.935] Elapsed:: 0.505900003015995ms DirectoryWatcher:: Close:: WatchInfo: c:/Charicha Dev/Charicha Institute/ci-website/lib/bower_components 1 undefined Project: /dev/null/inferredProject1* watcher already invoked: false
[23:45:24.935] DirectoryWatcher:: Closed:: WatchInfo: c:/Charicha Dev/Charicha Institute/ci-website/lib/node_modules
[23:45:24.935] DirectoryWatcher:: Close:: WatchInfo: c:/Charicha Dev/Charicha Institute/ci-website/lib/node_modules 1 undefined Project: /dev/null/inferredProject1* watcher already invoked: false
[23:45:24.935] Elapsed:: 0.0552000030875206ms DirectoryWatcher:: Close:: WatchInfo: c:/Charicha Dev/Charicha Institute/ci-website/lib/node_modules 1 undefined Project: /dev/null/inferredProject1* watcher already invoked: false
[23:45:24.936] DirectoryWatcher:: Closed:: WatchInfo: c:/Charicha Dev/Charicha Institute/ci-website/lib/service/bower_components
[23:45:24.936] DirectoryWatcher:: Close:: WatchInfo: c:/Charicha Dev/Charicha Institute/ci-website/lib/service/bower_components 1 undefined Project: /dev/null/inferredProject1* watcher already invoked: false
[23:45:24.936] Elapsed:: 0.06210000067949295ms DirectoryWatcher:: Close:: WatchInfo: c:/Charicha Dev/Charicha Institute/ci-website/lib/service/bower_components 1 undefined Project: /dev/null/inferredProject1* watcher already invoked: false
[23:45:24.936] DirectoryWatcher:: Closed:: WatchInfo: c:/Charicha Dev/Charicha Institute/ci-website/lib/service/node_modules
[23:45:24.937] DirectoryWatcher:: Close:: WatchInfo: c:/Charicha Dev/Charicha Institute/ci-website/lib/service/node_modules 1 undefined Project: /dev/null/inferredProject1* watcher already invoked: false
[23:45:24.937] Elapsed:: 0.09830000251531601ms DirectoryWatcher:: Close:: WatchInfo: c:/Charicha Dev/Charicha Institute/ci-website/lib/service/node_modules 1 undefined Project: /dev/null/inferredProject1* watcher already invoked: false
[23:45:24.937] DirectoryWatcher:: Closed:: WatchInfo: c:/Charicha Dev/Charicha Institute/ci-website/lib/hooks/bower_components
[23:45:24.938] DirectoryWatcher:: Close:: WatchInfo: c:/Charicha Dev/Charicha Institute/ci-website/lib/hooks/bower_components 1 undefined Project: /dev/null/inferredProject1* watcher already invoked: false
[23:45:24.939] Elapsed:: 0.41420000046491623ms DirectoryWatcher:: Close:: WatchInfo: c:/Charicha Dev/Charicha Institute/ci-website/lib/hooks/bower_components 1 undefined Project: /dev/null/inferredProject1* watcher already invoked: false
[23:45:24.940] DirectoryWatcher:: Closed:: WatchInfo: c:/Charicha Dev/Charicha Institute/ci-website/lib/hooks/node_modules
[23:45:24.940] DirectoryWatcher:: Close:: WatchInfo: c:/Charicha Dev/Charicha Institute/ci-website/lib/hooks/node_modules 1 undefined Project: /dev/null/inferredProject1* watcher already invoked: false
[23:45:24.940] Elapsed:: 0.07169999927282333ms DirectoryWatcher:: Close:: WatchInfo: c:/Charicha Dev/Charicha Institute/ci-website/lib/hooks/node_modules 1 undefined Project: /dev/null/inferredProject1* watcher already invoked: false
[23:45:24.941] Sending response:
    {"projectName":"/dev/null/inferredProject1*","typeAcquisition":{"enable":true,"include":[],"exclude":[]},"compilerOptions":{"module":1,"target":3,"jsx":1,"allowJs":true,"allowSyntheticDefaultImports":true,"allowNonTsExtensions":true,"noEmitForJsFiles":true},"typings":[],"unresolvedImports":[],"kind":"action::set"}
[23:45:24.941] Response has been sent.
[23:45:24.941] No new typings were requested as a result of typings discovery
[23:45:25.272] Got install request {"projectName":"/dev/null/inferredProject1*","fileNames":["c:/Charicha Dev/Charicha Institute/ci-website/node_modules/typescript/lib/lib.es5.d.ts","c:/Charicha Dev/Charicha Institute/ci-website/node_modules/typescript/lib/lib.es2015.d.ts","c:/Charicha Dev/Charicha Institute/ci-website/node_modules/typescript/lib/lib.es2016.d.ts","c:/Charicha Dev/Charicha Institute/ci-website/node_modules/typescript/lib/lib.dom.d.ts","c:/Charicha Dev/Charicha Institute/ci-website/node_modules/typescript/lib/lib.dom.iterable.d.ts","c:/Charicha Dev/Charicha Institute/ci-website/node_modules/typescript/lib/lib.webworker.importscripts.d.ts","c:/Charicha Dev/Charicha Institute/ci-website/node_modules/typescript/lib/lib.scripthost.d.ts","c:/Charicha Dev/Charicha Institute/ci-website/node_modules/typescript/lib/lib.es2015.core.d.ts","c:/Charicha Dev/Charicha Institute/ci-website/node_modules/typescript/lib/lib.es2015.collection.d.ts","c:/Charicha Dev/Charicha Institute/ci-website/node_modules/typescript/lib/lib.es2015.generator.d.ts","c:/Charicha Dev/Charicha Institute/ci-website/node_modules/typescript/lib/lib.es2015.iterable.d.ts","c:/Charicha Dev/Charicha Institute/ci-website/node_modules/typescript/lib/lib.es2015.promise.d.ts","c:/Charicha Dev/Charicha Institute/ci-website/node_modules/typescript/lib/lib.es2015.proxy.d.ts","c:/Charicha Dev/Charicha Institute/ci-website/node_modules/typescript/lib/lib.es2015.reflect.d.ts","c:/Charicha Dev/Charicha Institute/ci-website/node_modules/typescript/lib/lib.es2015.symbol.d.ts","c:/Charicha Dev/Charicha Institute/ci-website/node_modules/typescript/lib/lib.es2015.symbol.wellknown.d.ts","c:/Charicha Dev/Charicha Institute/ci-website/node_modules/typescript/lib/lib.es2016.array.include.d.ts","c:/Charicha Dev/Charicha Institute/ci-website/node_modules/typescript/lib/lib.es2016.full.d.ts","c:/Charicha Dev/Charicha Institute/ci-website/components/utils/Marginer.js","c:/Charicha Dev/Charicha Institute/ci-website/lib/utils/Responsive.js","c:/Charicha Dev/Charicha Institute/ci-website/components/DropdownMenu/index.js","c:/Charicha Dev/Charicha Institute/ci-website/lib/firebaseConfig.js","c:/Charicha Dev/Charicha Institute/ci-website/lib/firebase.js","c:/Charicha Dev/Charicha Institute/ci-website/lib/service/AuthService.js","c:/Charicha Dev/Charicha Institute/ci-website/lib/service/UserService.js","c:/Charicha Dev/Charicha Institute/ci-website/lib/hooks/Auth.js","c:/Charicha Dev/Charicha Institute/ci-website/components/Navbar.js","c:/Charicha Dev/Charicha Institute/ci-website/components/home/Hero.js","c:/Charicha Dev/Charicha Institute/ci-website/components/footer/Footer.js","c:/Charicha Dev/Charicha Institute/ci-website/pages/index.js"],"compilerOptions":{"module":1,"target":3,"jsx":1,"allowJs":true,"allowSyntheticDefaultImports":true,"allowNonTsExtensions":true,"noEmitForJsFiles":true,"maxNodeModuleJsDepth":2},"typeAcquisition":{"enable":true,"include":[],"exclude":[]},"unresolvedImports":[],"projectRootPath":"c:/Charicha Dev/Charicha Institute/ci-website/pages","kind":"discover"}
[23:45:25.273] Explicitly included types: []
[23:45:25.275] Inferred typings from unresolved imports: []
[23:45:25.275] Result: {"cachedTypingPaths":[],"newTypingNames":[],"filesToWatch":["c:/Charicha Dev/Charicha Institute/ci-website/components/utils/bower_components","c:/Charicha Dev/Charicha Institute/ci-website/components/utils/node_modules","c:/Charicha Dev/Charicha Institute/ci-website/lib/utils/bower_components","c:/Charicha Dev/Charicha Institute/ci-website/lib/utils/node_modules","c:/Charicha Dev/Charicha Institute/ci-website/components/DropdownMenu/bower_components","c:/Charicha Dev/Charicha Institute/ci-website/components/DropdownMenu/node_modules","c:/Charicha Dev/Charicha Institute/ci-website/lib/bower_components","c:/Charicha Dev/Charicha Institute/ci-website/lib/node_modules","c:/Charicha Dev/Charicha Institute/ci-website/lib/service/bower_components","c:/Charicha Dev/Charicha Institute/ci-website/lib/service/node_modules","c:/Charicha Dev/Charicha Institute/ci-website/lib/hooks/bower_components","c:/Charicha Dev/Charicha Institute/ci-website/lib/hooks/node_modules","c:/Charicha Dev/Charicha Institute/ci-website/components/bower_components","c:/Charicha Dev/Charicha Institute/ci-website/components/node_modules","c:/Charicha Dev/Charicha Institute/ci-website/components/home/bower_components","c:/Charicha Dev/Charicha Institute/ci-website/components/home/node_modules","c:/Charicha Dev/Charicha Institute/ci-website/components/footer/bower_components","c:/Charicha Dev/Charicha Institute/ci-website/components/footer/node_modules","c:/Charicha Dev/Charicha Institute/ci-website/pages/bower_components","c:/Charicha Dev/Charicha Institute/ci-website/pages/node_modules"]}
[23:45:25.276] Finished typings discovery: {"cachedTypingPaths":[],"newTypingNames":[],"filesToWatch":["c:/Charicha Dev/Charicha Institute/ci-website/components/utils/bower_components","c:/Charicha Dev/Charicha Institute/ci-website/components/utils/node_modules","c:/Charicha Dev/Charicha Institute/ci-website/lib/utils/bower_components","c:/Charicha Dev/Charicha Institute/ci-website/lib/utils/node_modules","c:/Charicha Dev/Charicha Institute/ci-website/components/DropdownMenu/bower_components","c:/Charicha Dev/Charicha Institute/ci-website/components/DropdownMenu/node_modules","c:/Charicha Dev/Charicha Institute/ci-website/lib/bower_components","c:/Charicha Dev/Charicha Institute/ci-website/lib/node_modules","c:/Charicha Dev/Charicha Institute/ci-website/lib/service/bower_components","c:/Charicha Dev/Charicha Institute/ci-website/lib/service/node_modules","c:/Charicha Dev/Charicha Institute/ci-website/lib/hooks/bower_components","c:/Charicha Dev/Charicha Institute/ci-website/lib/hooks/node_modules","c:/Charicha Dev/Charicha Institute/ci-website/components/bower_components","c:/Charicha Dev/Charicha Institute/ci-website/components/node_modules","c:/Charicha Dev/Charicha Institute/ci-website/components/home/bower_components","c:/Charicha Dev/Charicha Institute/ci-website/components/home/node_modules","c:/Charicha Dev/Charicha Institute/ci-website/components/footer/bower_components","c:/Charicha Dev/Charicha Institute/ci-website/components/footer/node_modules","c:/Charicha Dev/Charicha Institute/ci-website/pages/bower_components","c:/Charicha Dev/Charicha Institute/ci-website/pages/node_modules"]}
[23:45:25.276] DirectoryWatcher:: Added:: WatchInfo: c:/Charicha Dev/Charicha Institute/ci-website/components/utils/bower_components
[23:45:25.277] DirectoryWatcher:: Added:: WatchInfo: c:/Charicha Dev/Charicha Institute/ci-website/components/utils/bower_components 1 undefined Project: /dev/null/inferredProject1* watcher already invoked: false
[23:45:25.278] Elapsed:: 1.1440000012516975ms DirectoryWatcher:: Added:: WatchInfo: c:/Charicha Dev/Charicha Institute/ci-website/components/utils/bower_components 1 undefined Project: /dev/null/inferredProject1* watcher already invoked: false
[23:45:25.281] DirectoryWatcher:: Added:: WatchInfo: c:/Charicha Dev/Charicha Institute/ci-website/components/utils/node_modules
[23:45:25.281] DirectoryWatcher:: Added:: WatchInfo: c:/Charicha Dev/Charicha Institute/ci-website/components/utils/node_modules 1 undefined Project: /dev/null/inferredProject1* watcher already invoked: false
[23:45:25.282] Elapsed:: 0.1705000028014183ms DirectoryWatcher:: Added:: WatchInfo: c:/Charicha Dev/Charicha Institute/ci-website/components/utils/node_modules 1 undefined Project: /dev/null/inferredProject1* watcher already invoked: false
[23:45:25.282] DirectoryWatcher:: Added:: WatchInfo: c:/Charicha Dev/Charicha Institute/ci-website/lib/utils/bower_components
[23:45:25.282] DirectoryWatcher:: Added:: WatchInfo: c:/Charicha Dev/Charicha Institute/ci-website/lib/utils/bower_components 1 undefined Project: /dev/null/inferredProject1* watcher already invoked: false
[23:45:25.283] Elapsed:: 0.22179999947547913ms DirectoryWatcher:: Added:: WatchInfo: c:/Charicha Dev/Charicha Institute/ci-website/lib/utils/bower_components 1 undefined Project: /dev/null/inferredProject1* watcher already invoked: false
[23:45:25.283] DirectoryWatcher:: Added:: WatchInfo: c:/Charicha Dev/Charicha Institute/ci-website/lib/utils/node_modules
[23:45:25.284] DirectoryWatcher:: Added:: WatchInfo: c:/Charicha Dev/Charicha Institute/ci-website/lib/utils/node_modules 1 undefined Project: /dev/null/inferredProject1* watcher already invoked: false
[23:45:25.284] Elapsed:: 0.17329999804496765ms DirectoryWatcher:: Added:: WatchInfo: c:/Charicha Dev/Charicha Institute/ci-website/lib/utils/node_modules 1 undefined Project: /dev/null/inferredProject1* watcher already invoked: false
[23:45:25.286] DirectoryWatcher:: Added:: WatchInfo: c:/Charicha Dev/Charicha Institute/ci-website/components/DropdownMenu/bower_components
[23:45:25.287] DirectoryWatcher:: Added:: WatchInfo: c:/Charicha Dev/Charicha Institute/ci-website/components/DropdownMenu/bower_components 1 undefined Project: /dev/null/inferredProject1* watcher already invoked: false
[23:45:25.288] Elapsed:: 0.4856000021100044ms DirectoryWatcher:: Added:: WatchInfo: c:/Charicha Dev/Charicha Institute/ci-website/components/DropdownMenu/bower_components 1 undefined Project: /dev/null/inferredProject1* watcher already invoked: false
[23:45:25.289] DirectoryWatcher:: Added:: WatchInfo: c:/Charicha Dev/Charicha Institute/ci-website/components/DropdownMenu/node_modules
[23:45:25.289] DirectoryWatcher:: Added:: WatchInfo: c:/Charicha Dev/Charicha Institute/ci-website/components/DropdownMenu/node_modules 1 undefined Project: /dev/null/inferredProject1* watcher already invoked: false
[23:45:25.289] Elapsed:: 0.10440000146627426ms DirectoryWatcher:: Added:: WatchInfo: c:/Charicha Dev/Charicha Institute/ci-website/components/DropdownMenu/node_modules 1 undefined Project: /dev/null/inferredProject1* watcher already invoked: false
[23:45:25.289] DirectoryWatcher:: Added:: WatchInfo: c:/Charicha Dev/Charicha Institute/ci-website/lib/bower_components
[23:45:25.290] DirectoryWatcher:: Added:: WatchInfo: c:/Charicha Dev/Charicha Institute/ci-website/lib/bower_components 1 undefined Project: /dev/null/inferredProject1* watcher already invoked: false
[23:45:25.290] Elapsed:: 0.1111999973654747ms DirectoryWatcher:: Added:: WatchInfo: c:/Charicha Dev/Charicha Institute/ci-website/lib/bower_components 1 undefined Project: /dev/null/inferredProject1* watcher already invoked: false
[23:45:25.290] DirectoryWatcher:: Added:: WatchInfo: c:/Charicha Dev/Charicha Institute/ci-website/lib/node_modules
[23:45:25.290] DirectoryWatcher:: Added:: WatchInfo: c:/Charicha Dev/Charicha Institute/ci-website/lib/node_modules 1 undefined Project: /dev/null/inferredProject1* watcher already invoked: false
[23:45:25.291] Elapsed:: 0.10869999974966049ms DirectoryWatcher:: Added:: WatchInfo: c:/Charicha Dev/Charicha Institute/ci-website/lib/node_modules 1 undefined Project: /dev/null/inferredProject1* watcher already invoked: false
[23:45:25.291] DirectoryWatcher:: Added:: WatchInfo: c:/Charicha Dev/Charicha Institute/ci-website/lib/service/bower_components
[23:45:25.291] DirectoryWatcher:: Added:: WatchInfo: c:/Charicha Dev/Charicha Institute/ci-website/lib/service/bower_components 1 undefined Project: /dev/null/inferredProject1* watcher already invoked: false
[23:45:25.291] Elapsed:: 0.09649999439716339ms DirectoryWatcher:: Added:: WatchInfo: c:/Charicha Dev/Charicha Institute/ci-website/lib/service/bower_components 1 undefined Project: /dev/null/inferredProject1* watcher already invoked: false
[23:45:25.292] DirectoryWatcher:: Added:: WatchInfo: c:/Charicha Dev/Charicha Institute/ci-website/lib/service/node_modules
[23:45:25.292] DirectoryWatcher:: Added:: WatchInfo: c:/Charicha Dev/Charicha Institute/ci-website/lib/service/node_modules 1 undefined Project: /dev/null/inferredProject1* watcher already invoked: false
[23:45:25.292] Elapsed:: 0.0877000018954277ms DirectoryWatcher:: Added:: WatchInfo: c:/Charicha Dev/Charicha Institute/ci-website/lib/service/node_modules 1 undefined Project: /dev/null/inferredProject1* watcher already invoked: false
[23:45:25.293] DirectoryWatcher:: Added:: WatchInfo: c:/Charicha Dev/Charicha Institute/ci-website/lib/hooks/bower_components
[23:45:25.293] DirectoryWatcher:: Added:: WatchInfo: c:/Charicha Dev/Charicha Institute/ci-website/lib/hooks/bower_components 1 undefined Project: /dev/null/inferredProject1* watcher already invoked: false
[23:45:25.293] Elapsed:: 0.14999999850988388ms DirectoryWatcher:: Added:: WatchInfo: c:/Charicha Dev/Charicha Institute/ci-website/lib/hooks/bower_components 1 undefined Project: /dev/null/inferredProject1* watcher already invoked: false
[23:45:25.294] DirectoryWatcher:: Added:: WatchInfo: c:/Charicha Dev/Charicha Institute/ci-website/lib/hooks/node_modules
[23:45:25.295] DirectoryWatcher:: Added:: WatchInfo: c:/Charicha Dev/Charicha Institute/ci-website/lib/hooks/node_modules 1 undefined Project: /dev/null/inferredProject1* watcher already invoked: false
[23:45:25.296] Elapsed:: 0.41770000010728836ms DirectoryWatcher:: Added:: WatchInfo: c:/Charicha Dev/Charicha Institute/ci-website/lib/hooks/node_modules 1 undefined Project: /dev/null/inferredProject1* watcher already invoked: false
[23:45:25.297] DirectoryWatcher:: Added:: WatchInfo: c:/Charicha Dev/Charicha Institute/ci-website/components/bower_components
[23:45:25.297] DirectoryWatcher:: Added:: WatchInfo: c:/Charicha Dev/Charicha Institute/ci-website/components/bower_components 1 undefined Project: /dev/null/inferredProject1* watcher already invoked: false
[23:45:25.298] Elapsed:: 0.22169999778270721ms DirectoryWatcher:: Added:: WatchInfo: c:/Charicha Dev/Charicha Institute/ci-website/components/bower_components 1 undefined Project: /dev/null/inferredProject1* watcher already invoked: false
[23:45:25.298] DirectoryWatcher:: Added:: WatchInfo: c:/Charicha Dev/Charicha Institute/ci-website/components/node_modules
[23:45:25.298] DirectoryWatcher:: Added:: WatchInfo: c:/Charicha Dev/Charicha Institute/ci-website/components/node_modules 1 undefined Project: /dev/null/inferredProject1* watcher already invoked: false
[23:45:25.299] Elapsed:: 0.11190000176429749ms DirectoryWatcher:: Added:: WatchInfo: c:/Charicha Dev/Charicha Institute/ci-website/components/node_modules 1 undefined Project: /dev/null/inferredProject1* watcher already invoked: false
[23:45:25.299] DirectoryWatcher:: Added:: WatchInfo: c:/Charicha Dev/Charicha Institute/ci-website/components/home/bower_components
[23:45:25.300] DirectoryWatcher:: Added:: WatchInfo: c:/Charicha Dev/Charicha Institute/ci-website/components/home/bower_components 1 undefined Project: /dev/null/inferredProject1* watcher already invoked: false
[23:45:25.301] Elapsed:: 0.4246999993920326ms DirectoryWatcher:: Added:: WatchInfo: c:/Charicha Dev/Charicha Institute/ci-website/components/home/bower_components 1 undefined Project: /dev/null/inferredProject1* watcher already invoked: false
[23:45:25.301] DirectoryWatcher:: Added:: WatchInfo: c:/Charicha Dev/Charicha Institute/ci-website/components/home/node_modules
[23:45:25.302] DirectoryWatcher:: Added:: WatchInfo: c:/Charicha Dev/Charicha Institute/ci-website/components/home/node_modules 1 undefined Project: /dev/null/inferredProject1* watcher already invoked: false
[23:45:25.302] Elapsed:: 0.07810000330209732ms DirectoryWatcher:: Added:: WatchInfo: c:/Charicha Dev/Charicha Institute/ci-website/components/home/node_modules 1 undefined Project: /dev/null/inferredProject1* watcher already invoked: false
[23:45:25.302] DirectoryWatcher:: Added:: WatchInfo: c:/Charicha Dev/Charicha Institute/ci-website/components/footer/bower_components
[23:45:25.302] DirectoryWatcher:: Added:: WatchInfo: c:/Charicha Dev/Charicha Institute/ci-website/components/footer/bower_components 1 undefined Project: /dev/null/inferredProject1* watcher already invoked: false
[23:45:25.302] Elapsed:: 0.07580000162124634ms DirectoryWatcher:: Added:: WatchInfo: c:/Charicha Dev/Charicha Institute/ci-website/components/footer/bower_components 1 undefined Project: /dev/null/inferredProject1* watcher already invoked: false
[23:45:25.303] DirectoryWatcher:: Added:: WatchInfo: c:/Charicha Dev/Charicha Institute/ci-website/components/footer/node_modules
[23:45:25.303] DirectoryWatcher:: Added:: WatchInfo: c:/Charicha Dev/Charicha Institute/ci-website/components/footer/node_modules 1 undefined Project: /dev/null/inferredProject1* watcher already invoked: false
[23:45:25.303] Elapsed:: 0.06369999796152115ms DirectoryWatcher:: Added:: WatchInfo: c:/Charicha Dev/Charicha Institute/ci-website/components/footer/node_modules 1 undefined Project: /dev/null/inferredProject1* watcher already invoked: false
[23:45:25.303] Sending response:
    {"projectName":"/dev/null/inferredProject1*","typeAcquisition":{"enable":true,"include":[],"exclude":[]},"compilerOptions":{"module":1,"target":3,"jsx":1,"allowJs":true,"allowSyntheticDefaultImports":true,"allowNonTsExtensions":true,"noEmitForJsFiles":true,"maxNodeModuleJsDepth":2},"typings":[],"unresolvedImports":[],"kind":"action::set"}
[23:45:25.304] Response has been sent.
[23:45:25.304] No new typings were requested as a result of typings discovery
