Info 0    [22:16:44.829] Starting TS Server
Info 1    [22:16:44.833] Version: 4.6.2
Info 2    [22:16:44.833] Arguments: C:\Program Files\nodejs\node.exe c:\Charicha Dev\Charicha Institute\ci-website\node_modules\typescript\lib\tsserver.js --logFile c:\Charicha Dev\Charicha Institute\ci-website\.log\tsserver.log --logVerbosity info --cancellationPipeName C:\Users\raisa\AppData\Local\Temp\49885babbb0901349f52fd89fc32f71c\tscancellation*
Info 3    [22:16:44.833] Platform: win32 NodeVersion: 16 CaseSensitive: false
Info 4    [22:16:44.833] ServerMode: undefined syntaxOnly: false hasUnknownServerMode: undefined
Info 5    [22:16:44.849] Format host information updated
Info 6    [22:16:45.335] Search path: c:/Charicha Dev/Charicha Institute/ci-website/pages/courses
Info 7    [22:16:45.337] For info: c:/Charicha Dev/Charicha Institute/ci-website/pages/courses/[id].js :: No config files found.
Info 8    [22:16:45.346] Starting updateGraphWorker: Project: /dev/null/inferredProject1*
Info 9    [22:16:49.126] Finishing updateGraphWorker: Project: /dev/null/inferredProject1* Version: 1 structureChanged: true structureIsReused:: Not Elapsed: 3780.5024000406265ms
Info 10   [22:16:49.127] Project '/dev/null/inferredProject1*' (Inferred)
Info 11   [22:16:49.127] 	Files (282)

Info 12   [22:16:49.127] -----------------------------------------------
Info 13   [22:16:49.218] AutoImportProviderProject: attempted to add more than 10 dependencies. Aborting.
Info 14   [22:16:58.948] Starting updateGraphWorker: Project: /dev/null/inferredProject1*
Info 15   [22:16:59.032] Finishing updateGraphWorker: Project: /dev/null/inferredProject1* Version: 2 structureChanged: false structureIsReused:: Completely Elapsed: 83.67400002479553ms
Info 16   [22:16:59.032] Different program with same set of files
Info 17   [22:16:59.363] Starting updateGraphWorker: Project: /dev/null/inferredProject1*
Info 18   [22:16:59.669] Finishing updateGraphWorker: Project: /dev/null/inferredProject1* Version: 3 structureChanged: false structureIsReused:: Completely Elapsed: 306.1871999502182ms
Info 19   [22:16:59.669] Different program with same set of files
Info 20   [22:16:59.841] Starting updateGraphWorker: Project: /dev/null/inferredProject1*
Info 21   [22:16:59.876] Finishing updateGraphWorker: Project: /dev/null/inferredProject1* Version: 4 structureChanged: false structureIsReused:: Completely Elapsed: 35.62379997968674ms
Info 22   [22:16:59.876] Different program with same set of files
Info 23   [22:16:59.879] getCompletionData: Get current token: 0.03850001096725464
Info 24   [22:16:59.880] getCompletionData: Is inside comment: 0.006399989128112793
Info 25   [22:16:59.880] getCompletionData: Get previous token: 0.09210002422332764
Info 26   [22:16:59.880] getCompletionsAtPosition: isCompletionListBlocker: 0.2493000030517578
Info 27   [22:16:59.913] AutoImportProviderProject: attempted to add more than 10 dependencies. Aborting.
Info 28   [22:16:59.914] getExportInfoMap: cache miss or empty; calculating new results
Info 29   [22:17:00.029] AutoImportProviderProject: attempted to add more than 10 dependencies. Aborting.
Info 30   [22:17:00.029] getExportInfoMap: done in 142.8905000090599 ms
Info 31   [22:17:00.032] AutoImportProviderProject: attempted to add more than 10 dependencies. Aborting.
Info 32   [22:17:00.074] collectAutoImports: resolved 3 module specifiers, plus 0 ambient and -10 from cache
Info 33   [22:17:00.074] collectAutoImports: response is complete
Info 34   [22:17:00.074] collectAutoImports: 42.02770000696182
Info 35   [22:17:00.074] getCompletionData: Semantic work: 194.18299996852875
Info 36   [22:17:00.164] getCompletionsAtPosition: getCompletionEntriesFromSymbols: 62.94590002298355
Info 37   [22:17:00.492] getCompletionData: Get current token: 0.054300010204315186
Info 38   [22:17:00.492] getCompletionData: Is inside comment: 0.00830000638961792
Info 39   [22:17:00.492] getCompletionData: Get previous token: 0.16309994459152222
Info 40   [22:17:00.492] getCompletionsAtPosition: isCompletionListBlocker: 0.00550001859664917
Info 41   [22:17:00.503] AutoImportProviderProject: attempted to add more than 10 dependencies. Aborting.
Info 42   [22:17:00.503] getExportInfoMap: cache hit
Info 43   [22:17:00.508] AutoImportProviderProject: attempted to add more than 10 dependencies. Aborting.
Info 44   [22:17:00.544] collectAutoImports: resolved 0 module specifiers, plus 0 ambient and 21 from cache
Info 45   [22:17:00.544] collectAutoImports: response is complete
Info 46   [22:17:00.544] collectAutoImports: 35.954699993133545
Info 47   [22:17:00.544] getCompletionData: Semantic work: 51.722100019454956
Info 48   [22:17:00.601] getCompletionsAtPosition: getCompletionEntriesFromSymbols: 55.80750000476837
Info 49   [22:17:00.609] Starting updateGraphWorker: Project: /dev/null/inferredProject1*
Info 50   [22:17:00.874] Finishing updateGraphWorker: Project: /dev/null/inferredProject1* Version: 5 structureChanged: false structureIsReused:: Completely Elapsed: 265.6075999736786ms
Info 51   [22:17:00.874] Different program with same set of files
Info 52   [22:17:00.875] getCompletionData: Get current token: 0.030699968338012695
Info 53   [22:17:00.875] getCompletionData: Is inside comment: 0.0051000118255615234
Info 54   [22:17:00.875] getCompletionData: Get previous token: 0.09139996767044067
Info 55   [22:17:00.875] getCompletionsAtPosition: isCompletionListBlocker: 0.004100024700164795
Info 56   [22:17:00.909] AutoImportProviderProject: attempted to add more than 10 dependencies. Aborting.
Info 57   [22:17:00.909] getExportInfoMap: cache hit
Info 58   [22:17:00.911] AutoImportProviderProject: attempted to add more than 10 dependencies. Aborting.
Info 59   [22:17:00.938] collectAutoImports: resolved 0 module specifiers, plus 0 ambient and 5 from cache
Info 60   [22:17:00.938] collectAutoImports: response is complete
Info 61   [22:17:00.938] collectAutoImports: 26.287999987602234
Info 62   [22:17:00.938] getCompletionData: Semantic work: 62.43300002813339
Info 63   [22:17:01.036] getCompletionsAtPosition: getCompletionEntriesFromSymbols: 40.15959995985031
Info 64   [22:17:01.042] getCompletionData: Get current token: 0.059500038623809814
Info 65   [22:17:01.042] getCompletionData: Is inside comment: 0.006900012493133545
Info 66   [22:17:01.042] getCompletionData: Get previous token: 0.13910001516342163
Info 67   [22:17:01.043] getCompletionsAtPosition: isCompletionListBlocker: 0.005299985408782959
Info 68   [22:17:01.052] AutoImportProviderProject: attempted to add more than 10 dependencies. Aborting.
Info 69   [22:17:01.052] getExportInfoMap: cache hit
Info 70   [22:17:01.054] AutoImportProviderProject: attempted to add more than 10 dependencies. Aborting.
Info 71   [22:17:01.063] collectAutoImports: resolved 0 module specifiers, plus 0 ambient and 5 from cache
Info 72   [22:17:01.063] collectAutoImports: response is complete
Info 73   [22:17:01.063] collectAutoImports: 9.142700016498566
Info 74   [22:17:01.064] getCompletionData: Semantic work: 20.90059995651245
Info 75   [22:17:01.103] getCompletionsAtPosition: getCompletionEntriesFromSymbols: 36.33780002593994
Info 76   [22:17:01.368] Starting updateGraphWorker: Project: /dev/null/inferredProject1*
Info 77   [22:17:01.404] Finishing updateGraphWorker: Project: /dev/null/inferredProject1* Version: 6 structureChanged: false structureIsReused:: Completely Elapsed: 35.86149996519089ms
Info 78   [22:17:01.404] Different program with same set of files
Info 79   [22:17:01.405] getCompletionData: Get current token: 0.02060002088546753
Info 80   [22:17:01.406] getCompletionData: Is inside comment: 0.03250002861022949
Info 81   [22:17:01.406] getCompletionData: Get previous token: 0.0648999810218811
Info 82   [22:17:01.406] getCompletionsAtPosition: isCompletionListBlocker: 0.004700005054473877
Info 83   [22:17:01.421] AutoImportProviderProject: attempted to add more than 10 dependencies. Aborting.
Info 84   [22:17:01.421] getExportInfoMap: cache hit
Info 85   [22:17:01.423] AutoImportProviderProject: attempted to add more than 10 dependencies. Aborting.
Info 86   [22:17:01.430] collectAutoImports: resolved 0 module specifiers, plus 0 ambient and 1 from cache
Info 87   [22:17:01.430] collectAutoImports: response is complete
Info 88   [22:17:01.430] collectAutoImports: 7.309000015258789
Info 89   [22:17:01.430] getCompletionData: Semantic work: 24.164400041103363
Info 90   [22:17:01.470] getCompletionsAtPosition: getCompletionEntriesFromSymbols: 20.176400005817413
Info 91   [22:17:02.691] Starting updateGraphWorker: Project: /dev/null/inferredProject1*
Info 92   [22:17:02.719] Finishing updateGraphWorker: Project: /dev/null/inferredProject1* Version: 7 structureChanged: false structureIsReused:: Completely Elapsed: 28.478799998760223ms
Info 93   [22:17:02.719] Different program with same set of files
Info 94   [22:17:02.916] Starting updateGraphWorker: Project: /dev/null/inferredProject1*
Info 95   [22:17:02.968] Finishing updateGraphWorker: Project: /dev/null/inferredProject1* Version: 8 structureChanged: false structureIsReused:: Completely Elapsed: 51.94470000267029ms
Info 96   [22:17:02.968] Different program with same set of files
Info 97   [22:17:03.707] Starting updateGraphWorker: Project: /dev/null/inferredProject1*
Info 98   [22:17:03.736] Finishing updateGraphWorker: Project: /dev/null/inferredProject1* Version: 9 structureChanged: false structureIsReused:: Completely Elapsed: 29.176200032234192ms
Info 99   [22:17:03.736] Different program with same set of files
Info 100  [22:17:03.737] getCompletionData: Get current token: 0.03569996356964111
Info 101  [22:17:03.737] getCompletionData: Is inside comment: 0.01380002498626709
Info 102  [22:17:03.737] getCompletionData: Get previous token: 0.22529995441436768
Info 103  [22:17:03.737] getCompletionsAtPosition: isCompletionListBlocker: 0.017100036144256592
Info 104  [22:17:03.738] getCompletionData: Semantic work: 0.5049999952316284
Info 105  [22:17:04.205] Starting updateGraphWorker: Project: /dev/null/inferredProject1*
Info 106  [22:17:04.234] Finishing updateGraphWorker: Project: /dev/null/inferredProject1* Version: 10 structureChanged: false structureIsReused:: Completely Elapsed: 28.31819999217987ms
Info 107  [22:17:04.234] Different program with same set of files
Info 108  [22:17:06.899] Starting updateGraphWorker: Project: /dev/null/inferredProject1*
Info 109  [22:17:06.940] Finishing updateGraphWorker: Project: /dev/null/inferredProject1* Version: 11 structureChanged: false structureIsReused:: Completely Elapsed: 40.62700003385544ms
Info 110  [22:17:06.940] Different program with same set of files
Info 111  [22:17:09.076] Starting updateGraphWorker: Project: /dev/null/inferredProject1*
Info 112  [22:17:09.115] Finishing updateGraphWorker: Project: /dev/null/inferredProject1* Version: 12 structureChanged: false structureIsReused:: Completely Elapsed: 39.41789996623993ms
Info 113  [22:17:09.115] Different program with same set of files
Info 114  [22:17:09.116] Starting updateGraphWorker: Project: /dev/null/inferredProject1*
Info 115  [22:17:09.156] Finishing updateGraphWorker: Project: /dev/null/inferredProject1* Version: 13 structureChanged: false structureIsReused:: Completely Elapsed: 39.608300030231476ms
Info 116  [22:17:09.156] Different program with same set of files
Info 117  [22:17:09.471] Starting updateGraphWorker: Project: /dev/null/inferredProject1*
Info 118  [22:17:09.508] Finishing updateGraphWorker: Project: /dev/null/inferredProject1* Version: 14 structureChanged: false structureIsReused:: Completely Elapsed: 37.097699999809265ms
Info 119  [22:17:09.508] Different program with same set of files
Info 120  [22:17:09.710] Starting updateGraphWorker: Project: /dev/null/inferredProject1*
Info 121  [22:17:09.743] Finishing updateGraphWorker: Project: /dev/null/inferredProject1* Version: 15 structureChanged: false structureIsReused:: Completely Elapsed: 33.362399995326996ms
Info 122  [22:17:09.743] Different program with same set of files
Info 123  [22:17:09.911] getCompletionData: Get current token: 0.01969999074935913
Info 124  [22:17:09.911] getCompletionData: Is inside comment: 0.0040000081062316895
Info 125  [22:17:09.911] getCompletionData: Get previous token: 0.06439995765686035
Info 126  [22:17:09.912] getCompletionsAtPosition: isCompletionListBlocker: 0.0031999945640563965
Info 127  [22:17:09.933] AutoImportProviderProject: attempted to add more than 10 dependencies. Aborting.
Info 128  [22:17:09.933] getExportInfoMap: cache hit
Info 129  [22:17:09.936] AutoImportProviderProject: attempted to add more than 10 dependencies. Aborting.
Info 130  [22:17:09.942] collectAutoImports: resolved 0 module specifiers, plus 0 ambient and 1 from cache
Info 131  [22:17:09.942] collectAutoImports: response is complete
Info 132  [22:17:09.942] collectAutoImports: 6.139999985694885
Info 133  [22:17:09.942] getCompletionData: Semantic work: 30.24310004711151
Info 134  [22:17:09.972] getCompletionsAtPosition: getCompletionEntriesFromSymbols: 19.70160001516342
Info 135  [22:17:10.234] Starting updateGraphWorker: Project: /dev/null/inferredProject1*
Info 136  [22:17:10.270] Finishing updateGraphWorker: Project: /dev/null/inferredProject1* Version: 16 structureChanged: false structureIsReused:: Completely Elapsed: 36.712000012397766ms
Info 137  [22:17:10.270] Different program with same set of files
Info 138  [22:17:10.271] getCompletionData: Get current token: 0.0196000337600708
Info 139  [22:17:10.271] getCompletionData: Is inside comment: 0.0037000179290771484
Info 140  [22:17:10.271] getCompletionData: Get previous token: 0.06029999256134033
Info 141  [22:17:10.271] getCompletionsAtPosition: isCompletionListBlocker: 0.003300011157989502
Info 142  [22:17:10.286] AutoImportProviderProject: attempted to add more than 10 dependencies. Aborting.
Info 143  [22:17:10.286] getExportInfoMap: cache hit
Info 144  [22:17:10.289] AutoImportProviderProject: attempted to add more than 10 dependencies. Aborting.
Info 145  [22:17:10.295] collectAutoImports: resolved 0 module specifiers, plus 0 ambient and 1 from cache
Info 146  [22:17:10.295] collectAutoImports: response is complete
Info 147  [22:17:10.295] collectAutoImports: 6.257799983024597
Info 148  [22:17:10.295] getCompletionData: Semantic work: 24.179199993610382
Info 149  [22:17:10.319] getCompletionsAtPosition: getCompletionEntriesFromSymbols: 12.46129995584488
Info 150  [22:17:10.815] Starting updateGraphWorker: Project: /dev/null/inferredProject1*
Info 151  [22:17:10.839] Finishing updateGraphWorker: Project: /dev/null/inferredProject1* Version: 17 structureChanged: false structureIsReused:: Completely Elapsed: 23.640300035476685ms
Info 152  [22:17:10.839] Different program with same set of files
Info 153  [22:17:11.956] Starting updateGraphWorker: Project: /dev/null/inferredProject1*
Info 154  [22:17:11.984] Finishing updateGraphWorker: Project: /dev/null/inferredProject1* Version: 18 structureChanged: false structureIsReused:: Completely Elapsed: 27.97160005569458ms
Info 155  [22:17:11.984] Different program with same set of files
Info 156  [22:17:14.798] Starting updateGraphWorker: Project: /dev/null/inferredProject1*
Info 157  [22:17:14.836] Finishing updateGraphWorker: Project: /dev/null/inferredProject1* Version: 19 structureChanged: false structureIsReused:: Completely Elapsed: 38.052699983119965ms
Info 158  [22:17:14.836] Different program with same set of files
Info 159  [22:17:15.002] Starting updateGraphWorker: Project: /dev/null/inferredProject1*
Info 160  [22:17:15.036] Finishing updateGraphWorker: Project: /dev/null/inferredProject1* Version: 20 structureChanged: false structureIsReused:: Completely Elapsed: 33.48820000886917ms
Info 161  [22:17:15.036] Different program with same set of files
Info 162  [22:17:15.172] getCompletionData: Get current token: 0.018800020217895508
Info 163  [22:17:15.172] getCompletionData: Is inside comment: 0.0037000179290771484
Info 164  [22:17:15.173] getCompletionData: Get previous token: 0.057300031185150146
Info 165  [22:17:15.173] getCompletionsAtPosition: isCompletionListBlocker: 0.012000024318695068
Info 166  [22:17:15.173] getCompletionData: Semantic work: 0.09549999237060547
Info 167  [22:17:15.872] Starting updateGraphWorker: Project: /dev/null/inferredProject1*
Info 168  [22:17:15.905] Finishing updateGraphWorker: Project: /dev/null/inferredProject1* Version: 21 structureChanged: false structureIsReused:: Completely Elapsed: 33.308399975299835ms
Info 169  [22:17:15.905] Different program with same set of files
Info 170  [22:17:28.782] Starting updateGraphWorker: Project: /dev/null/inferredProject1*
Info 171  [22:17:28.820] Finishing updateGraphWorker: Project: /dev/null/inferredProject1* Version: 22 structureChanged: false structureIsReused:: Completely Elapsed: 37.58889997005463ms
Info 172  [22:17:28.820] Different program with same set of files
Info 173  [22:17:28.821] Starting updateGraphWorker: Project: /dev/null/inferredProject1*
Info 174  [22:17:28.870] Finishing updateGraphWorker: Project: /dev/null/inferredProject1* Version: 23 structureChanged: false structureIsReused:: Completely Elapsed: 49.35530000925064ms
Info 175  [22:17:28.870] Different program with same set of files
Info 176  [22:17:29.050] Starting updateGraphWorker: Project: /dev/null/inferredProject1*
Info 177  [22:17:29.086] Finishing updateGraphWorker: Project: /dev/null/inferredProject1* Version: 24 structureChanged: false structureIsReused:: Completely Elapsed: 35.85769999027252ms
Info 178  [22:17:29.086] Different program with same set of files
Info 179  [22:17:29.223] Starting updateGraphWorker: Project: /dev/null/inferredProject1*
Info 180  [22:17:29.255] Finishing updateGraphWorker: Project: /dev/null/inferredProject1* Version: 25 structureChanged: false structureIsReused:: Completely Elapsed: 32.35240000486374ms
Info 181  [22:17:29.255] Different program with same set of files
Info 182  [22:17:29.415] getCompletionData: Get current token: 0.02039998769760132
Info 183  [22:17:29.415] getCompletionData: Is inside comment: 0.00950002670288086
Info 184  [22:17:29.415] getCompletionData: Get previous token: 0.080299973487854
Info 185  [22:17:29.415] getCompletionsAtPosition: isCompletionListBlocker: 0.023800015449523926
Info 186  [22:17:29.430] getCompletionData: Semantic work: 14.29280000925064
Info 187  [22:17:29.434] getCompletionsAtPosition: getCompletionEntriesFromSymbols: 0.37950003147125244
Info 188  [22:17:29.435] Starting updateGraphWorker: Project: /dev/null/inferredProject1*
Info 189  [22:17:29.480] Finishing updateGraphWorker: Project: /dev/null/inferredProject1* Version: 26 structureChanged: false structureIsReused:: Completely Elapsed: 45.083500027656555ms
Info 190  [22:17:29.480] Different program with same set of files
Info 191  [22:17:29.481] getCompletionData: Get current token: 0.05460000038146973
Info 192  [22:17:29.482] getCompletionData: Is inside comment: 0.01510000228881836
Info 193  [22:17:29.482] getCompletionData: Get previous token: 0.2046000361442566
Info 194  [22:17:29.483] getCompletionsAtPosition: isCompletionListBlocker: 0.12129998207092285
Info 195  [22:17:29.503] getCompletionData: Semantic work: 20.08560001850128
Info 196  [22:17:29.505] getCompletionsAtPosition: getCompletionEntriesFromSymbols: 1.1050000190734863
Info 197  [22:17:29.640] Starting updateGraphWorker: Project: /dev/null/inferredProject1*
Info 198  [22:17:29.670] Finishing updateGraphWorker: Project: /dev/null/inferredProject1* Version: 27 structureChanged: false structureIsReused:: Completely Elapsed: 29.304899990558624ms
Info 199  [22:17:29.670] Different program with same set of files
Info 200  [22:17:29.942] Starting updateGraphWorker: Project: /dev/null/inferredProject1*
Info 201  [22:17:30.009] Finishing updateGraphWorker: Project: /dev/null/inferredProject1* Version: 28 structureChanged: false structureIsReused:: Completely Elapsed: 67.0514999628067ms
Info 202  [22:17:30.009] Different program with same set of files
Info 203  [22:17:30.256] getCompletionData: Get current token: 0.019099950790405273
Info 204  [22:17:30.256] getCompletionData: Is inside comment: 0.003099977970123291
Info 205  [22:17:30.256] getCompletionData: Get previous token: 0.04069995880126953
Info 206  [22:17:30.256] getCompletionsAtPosition: isCompletionListBlocker: 0.010599970817565918
Info 207  [22:17:30.256] Returning an empty list because completion was requested in an invalid position.
Info 208  [22:17:30.257] Starting updateGraphWorker: Project: /dev/null/inferredProject1*
Info 209  [22:17:30.287] Finishing updateGraphWorker: Project: /dev/null/inferredProject1* Version: 29 structureChanged: false structureIsReused:: Completely Elapsed: 30.566600024700165ms
Info 210  [22:17:30.287] Different program with same set of files
Info 211  [22:17:30.536] Starting updateGraphWorker: Project: /dev/null/inferredProject1*
Info 212  [22:17:30.560] Finishing updateGraphWorker: Project: /dev/null/inferredProject1* Version: 30 structureChanged: false structureIsReused:: Completely Elapsed: 24.22869998216629ms
Info 213  [22:17:30.561] Different program with same set of files
Info 214  [22:17:30.842] Starting updateGraphWorker: Project: /dev/null/inferredProject1*
Info 215  [22:17:30.868] Finishing updateGraphWorker: Project: /dev/null/inferredProject1* Version: 31 structureChanged: false structureIsReused:: Completely Elapsed: 26.71799999475479ms
Info 216  [22:17:30.868] Different program with same set of files
Info 217  [22:17:31.177] Starting updateGraphWorker: Project: /dev/null/inferredProject1*
Info 218  [22:17:31.217] Finishing updateGraphWorker: Project: /dev/null/inferredProject1* Version: 32 structureChanged: false structureIsReused:: Completely Elapsed: 40.35470002889633ms
Info 219  [22:17:31.217] Different program with same set of files
Info 220  [22:17:31.236] Starting updateGraphWorker: Project: /dev/null/inferredProject1*
Info 221  [22:17:31.277] Finishing updateGraphWorker: Project: /dev/null/inferredProject1* Version: 33 structureChanged: false structureIsReused:: Completely Elapsed: 40.504600048065186ms
Info 222  [22:17:31.277] Different program with same set of files
Info 223  [22:17:32.062] Starting updateGraphWorker: Project: /dev/null/inferredProject1*
Info 224  [22:17:32.092] Finishing updateGraphWorker: Project: /dev/null/inferredProject1* Version: 34 structureChanged: false structureIsReused:: Completely Elapsed: 30.45420002937317ms
Info 225  [22:17:32.092] Different program with same set of files
Info 226  [22:17:32.506] Starting updateGraphWorker: Project: /dev/null/inferredProject1*
Info 227  [22:17:32.530] Finishing updateGraphWorker: Project: /dev/null/inferredProject1* Version: 35 structureChanged: false structureIsReused:: Completely Elapsed: 23.753099977970123ms
Info 228  [22:17:32.530] Different program with same set of files
Info 229  [22:17:33.347] Starting updateGraphWorker: Project: /dev/null/inferredProject1*
Info 230  [22:17:33.369] Finishing updateGraphWorker: Project: /dev/null/inferredProject1* Version: 36 structureChanged: false structureIsReused:: Completely Elapsed: 22.517199993133545ms
Info 231  [22:17:33.369] Different program with same set of files
Info 232  [22:17:34.249] Starting updateGraphWorker: Project: /dev/null/inferredProject1*
Info 233  [22:17:34.273] Finishing updateGraphWorker: Project: /dev/null/inferredProject1* Version: 37 structureChanged: false structureIsReused:: Completely Elapsed: 24.166899979114532ms
Info 234  [22:17:34.273] Different program with same set of files
Info 235  [22:17:35.277] Starting updateGraphWorker: Project: /dev/null/inferredProject1*
Info 236  [22:17:35.305] Finishing updateGraphWorker: Project: /dev/null/inferredProject1* Version: 38 structureChanged: false structureIsReused:: Completely Elapsed: 28.169099986553192ms
Info 237  [22:17:35.305] Different program with same set of files
Info 238  [22:19:39.720] Starting updateGraphWorker: Project: /dev/null/inferredProject1*
Info 239  [22:19:39.799] Finishing updateGraphWorker: Project: /dev/null/inferredProject1* Version: 39 structureChanged: false structureIsReused:: Completely Elapsed: 78.90369999408722ms
Info 240  [22:19:39.799] Different program with same set of files
Info 241  [22:19:39.996] Starting updateGraphWorker: Project: /dev/null/inferredProject1*
Info 242  [22:19:40.045] Finishing updateGraphWorker: Project: /dev/null/inferredProject1* Version: 40 structureChanged: false structureIsReused:: Completely Elapsed: 48.72139996290207ms
Info 243  [22:19:40.045] Different program with same set of files
Info 244  [22:19:40.409] Starting updateGraphWorker: Project: /dev/null/inferredProject1*
Info 245  [22:19:40.450] Finishing updateGraphWorker: Project: /dev/null/inferredProject1* Version: 41 structureChanged: false structureIsReused:: Completely Elapsed: 40.81840002536774ms
Info 246  [22:19:40.450] Different program with same set of files
Info 247  [22:19:40.452] getCompletionData: Get current token: 0.019999980926513672
Info 248  [22:19:40.452] getCompletionData: Is inside comment: 0.0045999884605407715
Info 249  [22:19:40.453] getCompletionData: Get previous token: 0.03810000419616699
Info 250  [22:19:40.453] getCompletionsAtPosition: isCompletionListBlocker: 0.23159998655319214
Info 251  [22:19:40.480] AutoImportProviderProject: attempted to add more than 10 dependencies. Aborting.
Info 252  [22:19:40.480] getExportInfoMap: cache hit
Info 253  [22:19:40.482] AutoImportProviderProject: attempted to add more than 10 dependencies. Aborting.
Info 254  [22:19:40.526] collectAutoImports: resolved 11 module specifiers, plus 0 ambient and 203 from cache
Info 255  [22:19:40.526] collectAutoImports: response is complete
Info 256  [22:19:40.526] collectAutoImports: 43.399900019168854
Info 257  [22:19:40.526] getCompletionData: Semantic work: 72.48849999904633
Info 258  [22:19:40.570] getCompletionsAtPosition: getCompletionEntriesFromSymbols: 30.095400035381317
Info 259  [22:19:40.738] getCompletionData: Get current token: 0.012400031089782715
Info 260  [22:19:40.738] getCompletionData: Is inside comment: 0.0031999945640563965
Info 261  [22:19:40.738] getCompletionData: Get previous token: 0.03720003366470337
Info 262  [22:19:40.738] getCompletionsAtPosition: isCompletionListBlocker: 0.006399989128112793
Info 263  [22:19:40.745] AutoImportProviderProject: attempted to add more than 10 dependencies. Aborting.
Info 264  [22:19:40.745] getExportInfoMap: cache hit
Info 265  [22:19:40.746] AutoImportProviderProject: attempted to add more than 10 dependencies. Aborting.
Info 266  [22:19:40.770] collectAutoImports: resolved 0 module specifiers, plus 0 ambient and 799 from cache
Info 267  [22:19:40.770] collectAutoImports: response is complete
Info 268  [22:19:40.770] collectAutoImports: 23.879199981689453
Info 269  [22:19:40.770] getCompletionData: Semantic work: 32.013899981975555
Info 270  [22:19:40.789] getCompletionsAtPosition: getCompletionEntriesFromSymbols: 17.46430003643036
Info 271  [22:19:40.794] Starting updateGraphWorker: Project: /dev/null/inferredProject1*
Info 272  [22:19:40.822] Finishing updateGraphWorker: Project: /dev/null/inferredProject1* Version: 42 structureChanged: false structureIsReused:: Completely Elapsed: 27.848299980163574ms
Info 273  [22:19:40.822] Different program with same set of files
Info 274  [22:19:40.981] getCompletionData: Get current token: 0.01230001449584961
Info 275  [22:19:40.981] getCompletionData: Is inside comment: 0.0029000043869018555
Info 276  [22:19:40.981] getCompletionData: Get previous token: 0.038699984550476074
Info 277  [22:19:40.981] getCompletionsAtPosition: isCompletionListBlocker: 0.0029000043869018555
Info 278  [22:19:40.997] AutoImportProviderProject: attempted to add more than 10 dependencies. Aborting.
Info 279  [22:19:40.997] getExportInfoMap: cache hit
Info 280  [22:19:41.000] AutoImportProviderProject: attempted to add more than 10 dependencies. Aborting.
Info 281  [22:19:41.006] collectAutoImports: resolved 0 module specifiers, plus 0 ambient and 58 from cache
Info 282  [22:19:41.007] collectAutoImports: response is complete
Info 283  [22:19:41.007] collectAutoImports: 6.9328999519348145
Info 284  [22:19:41.007] getCompletionData: Semantic work: 25.712000012397766
Info 285  [22:19:41.037] getCompletionsAtPosition: getCompletionEntriesFromSymbols: 13.685199975967407
Info 286  [22:19:41.041] getCompletionData: Get current token: 0.013999998569488525
Info 287  [22:19:41.041] getCompletionData: Is inside comment: 0.0034000277519226074
Info 288  [22:19:41.041] getCompletionData: Get previous token: 0.041499972343444824
Info 289  [22:19:41.041] getCompletionsAtPosition: isCompletionListBlocker: 0.0037000179290771484
Info 290  [22:19:41.050] AutoImportProviderProject: attempted to add more than 10 dependencies. Aborting.
Info 291  [22:19:41.050] getExportInfoMap: cache hit
Info 292  [22:19:41.052] AutoImportProviderProject: attempted to add more than 10 dependencies. Aborting.
Info 293  [22:19:41.063] collectAutoImports: resolved 0 module specifiers, plus 0 ambient and 58 from cache
Info 294  [22:19:41.063] collectAutoImports: response is complete
Info 295  [22:19:41.064] collectAutoImports: 10.882599949836731
Info 296  [22:19:41.064] getCompletionData: Semantic work: 22.57530003786087
Info 297  [22:19:41.074] getCompletionsAtPosition: getCompletionEntriesFromSymbols: 8.459299981594086
Info 298  [22:19:41.807] Starting updateGraphWorker: Project: /dev/null/inferredProject1*
Info 299  [22:19:41.834] Finishing updateGraphWorker: Project: /dev/null/inferredProject1* Version: 43 structureChanged: false structureIsReused:: Completely Elapsed: 26.754899978637695ms
Info 300  [22:19:41.834] Different program with same set of files
Info 301  [22:19:41.835] getCompletionData: Get current token: 0.01239997148513794
Info 302  [22:19:41.835] getCompletionData: Is inside comment: 0.00279998779296875
Info 303  [22:19:41.835] getCompletionData: Get previous token: 0.037799954414367676
Info 304  [22:19:41.835] getCompletionsAtPosition: isCompletionListBlocker: 0.003300011157989502
Info 305  [22:19:41.851] AutoImportProviderProject: attempted to add more than 10 dependencies. Aborting.
Info 306  [22:19:41.851] getExportInfoMap: cache hit
Info 307  [22:19:41.854] AutoImportProviderProject: attempted to add more than 10 dependencies. Aborting.
Info 308  [22:19:41.861] collectAutoImports: resolved 0 module specifiers, plus 0 ambient and 4 from cache
Info 309  [22:19:41.861] collectAutoImports: response is complete
Info 310  [22:19:41.861] collectAutoImports: 7.073099970817566
Info 311  [22:19:41.861] getCompletionData: Semantic work: 26.03939998149872
Info 312  [22:19:41.878] getCompletionsAtPosition: getCompletionEntriesFromSymbols: 6.504999995231628
Info 313  [22:19:52.510] Search path: c:/Charicha Dev/Charicha Institute/ci-website/pages
Info 314  [22:19:52.510] For info: c:/Charicha Dev/Charicha Institute/ci-website/pages/index.js :: No config files found.
Info 315  [22:19:52.514] Starting updateGraphWorker: Project: /dev/null/inferredProject2*
Info 316  [22:19:52.778] Finishing updateGraphWorker: Project: /dev/null/inferredProject2* Version: 1 structureChanged: true structureIsReused:: Not Elapsed: 263.565800011158ms
Info 317  [22:19:52.778] Project '/dev/null/inferredProject2*' (Inferred)
Info 318  [22:19:52.778] 	Files (283)

Info 319  [22:19:52.778] -----------------------------------------------
Info 320  [22:19:52.791] AutoImportProviderProject: attempted to add more than 10 dependencies. Aborting.
Info 321  [22:20:00.000] Starting updateGraphWorker: Project: /dev/null/inferredProject1*
Info 322  [22:20:00.042] Finishing updateGraphWorker: Project: /dev/null/inferredProject1* Version: 44 structureChanged: false structureIsReused:: Completely Elapsed: 42.47089999914169ms
Info 323  [22:20:00.042] Different program with same set of files
Info 324  [22:20:00.331] Starting updateGraphWorker: Project: /dev/null/inferredProject1*
Info 325  [22:20:00.403] Finishing updateGraphWorker: Project: /dev/null/inferredProject1* Version: 45 structureChanged: true structureIsReused:: SafeModules Elapsed: 71.19249999523163ms
Info 326  [22:20:00.403] Different program with same set of files
Info 327  [22:20:19.784] Starting updateGraphWorker: Project: /dev/null/inferredProject1*
Info 328  [22:20:19.886] Finishing updateGraphWorker: Project: /dev/null/inferredProject1* Version: 46 structureChanged: true structureIsReused:: SafeModules Elapsed: 101.87419998645782ms
Info 329  [22:20:19.886] Project '/dev/null/inferredProject1*' (Inferred)
Info 330  [22:20:19.886] 	Files (283)

Info 331  [22:20:19.886] -----------------------------------------------
Info 332  [22:26:17.167] Starting updateGraphWorker: Project: /dev/null/inferredProject1*
Info 333  [22:26:17.351] Finishing updateGraphWorker: Project: /dev/null/inferredProject1* Version: 47 structureChanged: false structureIsReused:: Completely Elapsed: 183.27569997310638ms
Info 334  [22:26:17.351] Different program with same set of files
Info 335  [22:26:33.781] Search path: c:/Charicha Dev/Charicha Institute/ci-website/styles/courses
Info 336  [22:26:33.782] For info: c:/Charicha Dev/Charicha Institute/ci-website/styles/courses/courses_page.module.css :: No config files found.
Info 337  [22:26:33.793] Starting updateGraphWorker: Project: /dev/null/inferredProject3*
Info 338  [22:26:35.393] Finishing updateGraphWorker: Project: /dev/null/inferredProject3* Version: 1 structureChanged: true structureIsReused:: Not Elapsed: 1600.0094999670982ms
Info 339  [22:26:35.393] Project '/dev/null/inferredProject3*' (Inferred)
Info 340  [22:26:35.394] 	Files (155)

Info 341  [22:26:35.394] -----------------------------------------------
Info 342  [22:26:35.443] AutoImportProviderProject: found 11 root files in 11 dependencies in 45.90369999408722 ms
Info 343  [22:26:35.449] Starting updateGraphWorker: Project: /dev/null/autoImportProviderProject1*
Info 344  [22:26:36.355] Finishing updateGraphWorker: Project: /dev/null/autoImportProviderProject1* Version: 1 structureChanged: true structureIsReused:: Not Elapsed: 905.2967000007629ms
Info 345  [22:26:36.355] Project '/dev/null/autoImportProviderProject1*' (AutoImportProvider)
Info 346  [22:26:36.355] 	Files (290)

Info 347  [22:26:36.355] -----------------------------------------------
Info 348  [22:27:16.501] FileWatcher:: Triggered with c:/Charicha Dev/Charicha Institute/ci-website/styles/courses/courses_page.module.css 1:: WatchInfo: c:/Charicha Dev/Charicha Institute/ci-website/styles/courses/courses_page.module.css 500 undefined WatchType: Closed Script info
Info 349  [22:27:16.501] Elapsed:: 0.4171000123023987ms FileWatcher:: Triggered with c:/Charicha Dev/Charicha Institute/ci-website/styles/courses/courses_page.module.css 1:: WatchInfo: c:/Charicha Dev/Charicha Institute/ci-website/styles/courses/courses_page.module.css 500 undefined WatchType: Closed Script info
Info 350  [22:27:34.560] FileWatcher:: Triggered with c:/Charicha Dev/Charicha Institute/ci-website/styles/courses/courses_page.module.css 1:: WatchInfo: c:/Charicha Dev/Charicha Institute/ci-website/styles/courses/courses_page.module.css 500 undefined WatchType: Closed Script info
Info 351  [22:27:34.560] Elapsed:: 0.023800015449523926ms FileWatcher:: Triggered with c:/Charicha Dev/Charicha Institute/ci-website/styles/courses/courses_page.module.css 1:: WatchInfo: c:/Charicha Dev/Charicha Institute/ci-website/styles/courses/courses_page.module.css 500 undefined WatchType: Closed Script info
Info 352  [22:28:04.708] FileWatcher:: Triggered with c:/Charicha Dev/Charicha Institute/ci-website/styles/courses/courses_page.module.css 1:: WatchInfo: c:/Charicha Dev/Charicha Institute/ci-website/styles/courses/courses_page.module.css 500 undefined WatchType: Closed Script info
Info 353  [22:28:04.718] Elapsed:: 3.7631999850273132ms FileWatcher:: Triggered with c:/Charicha Dev/Charicha Institute/ci-website/styles/courses/courses_page.module.css 1:: WatchInfo: c:/Charicha Dev/Charicha Institute/ci-website/styles/courses/courses_page.module.css 500 undefined WatchType: Closed Script info
Info 354  [22:28:10.740] FileWatcher:: Triggered with c:/Charicha Dev/Charicha Institute/ci-website/styles/courses/courses_page.module.css 1:: WatchInfo: c:/Charicha Dev/Charicha Institute/ci-website/styles/courses/courses_page.module.css 500 undefined WatchType: Closed Script info
Info 355  [22:28:10.740] Elapsed:: 0.024399995803833008ms FileWatcher:: Triggered with c:/Charicha Dev/Charicha Institute/ci-website/styles/courses/courses_page.module.css 1:: WatchInfo: c:/Charicha Dev/Charicha Institute/ci-website/styles/courses/courses_page.module.css 500 undefined WatchType: Closed Script info
Info 356  [22:28:12.754] FileWatcher:: Triggered with c:/Charicha Dev/Charicha Institute/ci-website/styles/courses/courses_page.module.css 1:: WatchInfo: c:/Charicha Dev/Charicha Institute/ci-website/styles/courses/courses_page.module.css 500 undefined WatchType: Closed Script info
Info 357  [22:28:12.754] Elapsed:: 0.030500054359436035ms FileWatcher:: Triggered with c:/Charicha Dev/Charicha Institute/ci-website/styles/courses/courses_page.module.css 1:: WatchInfo: c:/Charicha Dev/Charicha Institute/ci-website/styles/courses/courses_page.module.css 500 undefined WatchType: Closed Script info
Info 358  [22:28:26.835] FileWatcher:: Triggered with c:/Charicha Dev/Charicha Institute/ci-website/styles/courses/courses_page.module.css 1:: WatchInfo: c:/Charicha Dev/Charicha Institute/ci-website/styles/courses/courses_page.module.css 500 undefined WatchType: Closed Script info
Info 359  [22:28:26.835] Elapsed:: 0.019200026988983154ms FileWatcher:: Triggered with c:/Charicha Dev/Charicha Institute/ci-website/styles/courses/courses_page.module.css 1:: WatchInfo: c:/Charicha Dev/Charicha Institute/ci-website/styles/courses/courses_page.module.css 500 undefined WatchType: Closed Script info
Info 360  [22:29:41.506] Starting updateGraphWorker: Project: /dev/null/inferredProject1*
Info 361  [22:29:41.636] Finishing updateGraphWorker: Project: /dev/null/inferredProject1* Version: 48 structureChanged: false structureIsReused:: Completely Elapsed: 130.2111999988556ms
Info 362  [22:29:41.636] Different program with same set of files
Info 363  [22:29:41.861] Format host information updated
Info 364  [22:29:42.095] Starting updateGraphWorker: Project: /dev/null/inferredProject1*
Info 365  [22:29:42.132] Finishing updateGraphWorker: Project: /dev/null/inferredProject1* Version: 49 structureChanged: false structureIsReused:: Completely Elapsed: 36.81819999217987ms
Info 366  [22:29:42.132] Different program with same set of files
Info 367  [22:29:43.947] Starting updateGraphWorker: Project: /dev/null/inferredProject1*
Info 368  [22:29:43.990] Finishing updateGraphWorker: Project: /dev/null/inferredProject1* Version: 50 structureChanged: false structureIsReused:: Completely Elapsed: 42.439900040626526ms
Info 369  [22:29:43.990] Different program with same set of files
Info 370  [22:29:44.950] Starting updateGraphWorker: Project: /dev/null/inferredProject1*
Info 371  [22:29:44.989] Finishing updateGraphWorker: Project: /dev/null/inferredProject1* Version: 51 structureChanged: false structureIsReused:: Completely Elapsed: 38.731100022792816ms
Info 372  [22:29:44.989] Different program with same set of files
Info 373  [22:29:44.992] getCompletionData: Get current token: 0.031800031661987305
Info 374  [22:29:44.992] getCompletionData: Is inside comment: 0.004800021648406982
Info 375  [22:29:44.992] getCompletionData: Get previous token: 0.05059999227523804
Info 376  [22:29:44.992] getCompletionsAtPosition: isCompletionListBlocker: 0.2565000057220459
Info 377  [22:29:44.992] Returning an empty list because completion was requested in an invalid position.
Info 378  [22:29:45.130] getCompletionData: Get current token: 0.01819998025894165
Info 379  [22:29:45.130] getCompletionData: Is inside comment: 0.0031999945640563965
Info 380  [22:29:45.130] getCompletionData: Get previous token: 0.03149998188018799
Info 381  [22:29:45.130] getCompletionsAtPosition: isCompletionListBlocker: 0.016599953174591064
Info 382  [22:29:45.130] Returning an empty list because completion was requested in an invalid position.
Info 383  [22:29:46.855] Starting updateGraphWorker: Project: /dev/null/inferredProject1*
Info 384  [22:29:46.884] Finishing updateGraphWorker: Project: /dev/null/inferredProject1* Version: 52 structureChanged: false structureIsReused:: Completely Elapsed: 29.06650000810623ms
Info 385  [22:29:46.884] Different program with same set of files
Info 386  [22:29:47.938] Starting updateGraphWorker: Project: /dev/null/inferredProject1*
Info 387  [22:29:47.988] Finishing updateGraphWorker: Project: /dev/null/inferredProject1* Version: 53 structureChanged: false structureIsReused:: Completely Elapsed: 50.19300001859665ms
Info 388  [22:29:47.988] Different program with same set of files
Info 389  [22:29:48.884] Starting updateGraphWorker: Project: /dev/null/inferredProject1*
Info 390  [22:29:48.951] Finishing updateGraphWorker: Project: /dev/null/inferredProject1* Version: 54 structureChanged: false structureIsReused:: Completely Elapsed: 66.26219999790192ms
Info 391  [22:29:48.951] Different program with same set of files
Info 392  [22:29:49.288] Starting updateGraphWorker: Project: /dev/null/inferredProject1*
Info 393  [22:29:49.321] Finishing updateGraphWorker: Project: /dev/null/inferredProject1* Version: 55 structureChanged: false structureIsReused:: Completely Elapsed: 32.546400010585785ms
Info 394  [22:29:49.321] Different program with same set of files
Info 395  [22:29:49.965] Starting updateGraphWorker: Project: /dev/null/inferredProject1*
Info 396  [22:29:49.990] Finishing updateGraphWorker: Project: /dev/null/inferredProject1* Version: 56 structureChanged: false structureIsReused:: Completely Elapsed: 24.771200001239777ms
Info 397  [22:29:49.990] Different program with same set of files
Info 398  [22:29:49.990] getCompletionData: Get current token: 0.020799994468688965
Info 399  [22:29:49.990] getCompletionData: Is inside comment: 0.003099977970123291
Info 400  [22:29:49.990] getCompletionData: Get previous token: 0.04070001840591431
Info 401  [22:29:49.990] getCompletionsAtPosition: isCompletionListBlocker: 0.011399984359741211
Info 402  [22:29:49.990] Returning an empty list because completion was requested in an invalid position.
Info 403  [22:29:50.136] getCompletionData: Get current token: 0.033100008964538574
Info 404  [22:29:50.136] getCompletionData: Is inside comment: 0.005299985408782959
Info 405  [22:29:50.136] getCompletionData: Get previous token: 0.055800020694732666
Info 406  [22:29:50.136] getCompletionsAtPosition: isCompletionListBlocker: 0.013599991798400879
Info 407  [22:29:50.136] Returning an empty list because completion was requested in an invalid position.
Info 408  [22:29:50.354] Starting updateGraphWorker: Project: /dev/null/inferredProject1*
Info 409  [22:29:50.377] Finishing updateGraphWorker: Project: /dev/null/inferredProject1* Version: 57 structureChanged: false structureIsReused:: Completely Elapsed: 23.14359998703003ms
Info 410  [22:29:50.377] Different program with same set of files
Info 411  [22:29:50.602] Starting updateGraphWorker: Project: /dev/null/inferredProject1*
Info 412  [22:29:50.627] Finishing updateGraphWorker: Project: /dev/null/inferredProject1* Version: 58 structureChanged: false structureIsReused:: Completely Elapsed: 25.010399997234344ms
Info 413  [22:29:50.627] Different program with same set of files
Info 414  [22:29:51.867] Starting updateGraphWorker: Project: /dev/null/inferredProject1*
Info 415  [22:29:51.891] Finishing updateGraphWorker: Project: /dev/null/inferredProject1* Version: 59 structureChanged: false structureIsReused:: Completely Elapsed: 23.967400014400482ms
Info 416  [22:29:51.891] Different program with same set of files
Info 417  [22:29:51.892] getCompletionData: Get current token: 0.026899993419647217
Info 418  [22:29:51.892] getCompletionData: Is inside comment: 0.003000020980834961
Info 419  [22:29:51.892] getCompletionData: Get previous token: 0.039999961853027344
Info 420  [22:29:51.892] getCompletionsAtPosition: isCompletionListBlocker: 0.008400022983551025
Info 421  [22:29:51.892] Returning an empty list because completion was requested in an invalid position.
Info 422  [22:29:52.018] getCompletionData: Get current token: 0.019500017166137695
Info 423  [22:29:52.018] getCompletionData: Is inside comment: 0.00279998779296875
Info 424  [22:29:52.018] getCompletionData: Get previous token: 0.03139996528625488
Info 425  [22:29:52.018] getCompletionsAtPosition: isCompletionListBlocker: 0.008199989795684814
Info 426  [22:29:52.018] Returning an empty list because completion was requested in an invalid position.
Info 427  [22:30:27.784] DirectoryWatcher:: Triggered with c:/Charicha Dev/Charicha Institute/ci-website/styles/courses/#courses_page.module.css# :: WatchInfo: c:/Charicha Dev/Charicha Institute/ci-website/styles 1 undefined Project: /dev/null/inferredProject1* WatchType: Failed Lookup Locations
Info 428  [22:30:27.784] Elapsed:: 0.5201999545097351ms DirectoryWatcher:: Triggered with c:/Charicha Dev/Charicha Institute/ci-website/styles/courses/#courses_page.module.css# :: WatchInfo: c:/Charicha Dev/Charicha Institute/ci-website/styles 1 undefined Project: /dev/null/inferredProject1* WatchType: Failed Lookup Locations
Info 429  [22:30:27.785] DirectoryWatcher:: Triggered with c:/Charicha Dev/Charicha Institute/ci-website/styles/courses/#courses_page.module.css# :: WatchInfo: c:/Charicha Dev/Charicha Institute/ci-website/styles 1 undefined Project: /dev/null/inferredProject2* WatchType: Failed Lookup Locations
Info 430  [22:30:27.785] Elapsed:: 0.040100038051605225ms DirectoryWatcher:: Triggered with c:/Charicha Dev/Charicha Institute/ci-website/styles/courses/#courses_page.module.css# :: WatchInfo: c:/Charicha Dev/Charicha Institute/ci-website/styles 1 undefined Project: /dev/null/inferredProject2* WatchType: Failed Lookup Locations
Info 431  [22:30:29.662] Starting updateGraphWorker: Project: /dev/null/inferredProject1*
Info 432  [22:30:29.703] Finishing updateGraphWorker: Project: /dev/null/inferredProject1* Version: 60 structureChanged: false structureIsReused:: Completely Elapsed: 40.700299978256226ms
Info 433  [22:30:29.703] Different program with same set of files
Info 434  [22:30:36.907] DirectoryWatcher:: Triggered with c:/Charicha Dev/Charicha Institute/ci-website/styles/courses/#courses_page.module.css# :: WatchInfo: c:/Charicha Dev/Charicha Institute/ci-website/styles 1 undefined Project: /dev/null/inferredProject1* WatchType: Failed Lookup Locations
Info 435  [22:30:36.907] Elapsed:: 0.10460001230239868ms DirectoryWatcher:: Triggered with c:/Charicha Dev/Charicha Institute/ci-website/styles/courses/#courses_page.module.css# :: WatchInfo: c:/Charicha Dev/Charicha Institute/ci-website/styles 1 undefined Project: /dev/null/inferredProject1* WatchType: Failed Lookup Locations
Info 436  [22:30:36.907] DirectoryWatcher:: Triggered with c:/Charicha Dev/Charicha Institute/ci-website/styles/courses/#courses_page.module.css# :: WatchInfo: c:/Charicha Dev/Charicha Institute/ci-website/styles 1 undefined Project: /dev/null/inferredProject2* WatchType: Failed Lookup Locations
Info 437  [22:30:36.907] Elapsed:: 0.027599990367889404ms DirectoryWatcher:: Triggered with c:/Charicha Dev/Charicha Institute/ci-website/styles/courses/#courses_page.module.css# :: WatchInfo: c:/Charicha Dev/Charicha Institute/ci-website/styles 1 undefined Project: /dev/null/inferredProject2* WatchType: Failed Lookup Locations
Info 438  [22:30:37.352] FileWatcher:: Triggered with c:/Charicha Dev/Charicha Institute/ci-website/styles/courses/courses_page.module.css 1:: WatchInfo: c:/Charicha Dev/Charicha Institute/ci-website/styles/courses/courses_page.module.css 500 undefined WatchType: Closed Script info
Info 439  [22:30:37.353] Elapsed:: 0.3215000033378601ms FileWatcher:: Triggered with c:/Charicha Dev/Charicha Institute/ci-website/styles/courses/courses_page.module.css 1:: WatchInfo: c:/Charicha Dev/Charicha Institute/ci-website/styles/courses/courses_page.module.css 500 undefined WatchType: Closed Script info
Info 440  [22:30:41.369] FileWatcher:: Triggered with c:/Charicha Dev/Charicha Institute/ci-website/styles/courses/courses_page.module.css 1:: WatchInfo: c:/Charicha Dev/Charicha Institute/ci-website/styles/courses/courses_page.module.css 500 undefined WatchType: Closed Script info
Info 441  [22:30:41.369] Elapsed:: 0.07449996471405029ms FileWatcher:: Triggered with c:/Charicha Dev/Charicha Institute/ci-website/styles/courses/courses_page.module.css 1:: WatchInfo: c:/Charicha Dev/Charicha Institute/ci-website/styles/courses/courses_page.module.css 500 undefined WatchType: Closed Script info
Info 442  [22:30:43.380] FileWatcher:: Triggered with c:/Charicha Dev/Charicha Institute/ci-website/styles/courses/courses_page.module.css 1:: WatchInfo: c:/Charicha Dev/Charicha Institute/ci-website/styles/courses/courses_page.module.css 500 undefined WatchType: Closed Script info
Info 443  [22:30:43.381] Elapsed:: 0.13220000267028809ms FileWatcher:: Triggered with c:/Charicha Dev/Charicha Institute/ci-website/styles/courses/courses_page.module.css 1:: WatchInfo: c:/Charicha Dev/Charicha Institute/ci-website/styles/courses/courses_page.module.css 500 undefined WatchType: Closed Script info
Info 444  [22:31:03.490] FileWatcher:: Triggered with c:/Charicha Dev/Charicha Institute/ci-website/styles/courses/courses_page.module.css 1:: WatchInfo: c:/Charicha Dev/Charicha Institute/ci-website/styles/courses/courses_page.module.css 500 undefined WatchType: Closed Script info
Info 445  [22:31:03.490] Elapsed:: 0.04509997367858887ms FileWatcher:: Triggered with c:/Charicha Dev/Charicha Institute/ci-website/styles/courses/courses_page.module.css 1:: WatchInfo: c:/Charicha Dev/Charicha Institute/ci-website/styles/courses/courses_page.module.css 500 undefined WatchType: Closed Script info
Info 446  [22:31:13.529] FileWatcher:: Triggered with c:/Charicha Dev/Charicha Institute/ci-website/styles/courses/courses_page.module.css 1:: WatchInfo: c:/Charicha Dev/Charicha Institute/ci-website/styles/courses/courses_page.module.css 500 undefined WatchType: Closed Script info
Info 447  [22:31:13.529] Elapsed:: 0.047599971294403076ms FileWatcher:: Triggered with c:/Charicha Dev/Charicha Institute/ci-website/styles/courses/courses_page.module.css 1:: WatchInfo: c:/Charicha Dev/Charicha Institute/ci-website/styles/courses/courses_page.module.css 500 undefined WatchType: Closed Script info
Info 448  [22:31:19.543] FileWatcher:: Triggered with c:/Charicha Dev/Charicha Institute/ci-website/styles/courses/courses_page.module.css 1:: WatchInfo: c:/Charicha Dev/Charicha Institute/ci-website/styles/courses/courses_page.module.css 500 undefined WatchType: Closed Script info
Info 449  [22:31:19.543] Elapsed:: 0.04360002279281616ms FileWatcher:: Triggered with c:/Charicha Dev/Charicha Institute/ci-website/styles/courses/courses_page.module.css 1:: WatchInfo: c:/Charicha Dev/Charicha Institute/ci-website/styles/courses/courses_page.module.css 500 undefined WatchType: Closed Script info
Info 450  [22:31:21.551] FileWatcher:: Triggered with c:/Charicha Dev/Charicha Institute/ci-website/styles/courses/courses_page.module.css 1:: WatchInfo: c:/Charicha Dev/Charicha Institute/ci-website/styles/courses/courses_page.module.css 500 undefined WatchType: Closed Script info
Info 451  [22:31:21.552] Elapsed:: 0.45840001106262207ms FileWatcher:: Triggered with c:/Charicha Dev/Charicha Institute/ci-website/styles/courses/courses_page.module.css 1:: WatchInfo: c:/Charicha Dev/Charicha Institute/ci-website/styles/courses/courses_page.module.css 500 undefined WatchType: Closed Script info
Info 452  [22:31:39.620] FileWatcher:: Triggered with c:/Charicha Dev/Charicha Institute/ci-website/styles/courses/courses_page.module.css 1:: WatchInfo: c:/Charicha Dev/Charicha Institute/ci-website/styles/courses/courses_page.module.css 500 undefined WatchType: Closed Script info
Info 453  [22:31:39.620] Elapsed:: 0.020200014114379883ms FileWatcher:: Triggered with c:/Charicha Dev/Charicha Institute/ci-website/styles/courses/courses_page.module.css 1:: WatchInfo: c:/Charicha Dev/Charicha Institute/ci-website/styles/courses/courses_page.module.css 500 undefined WatchType: Closed Script info
Info 454  [22:31:47.650] FileWatcher:: Triggered with c:/Charicha Dev/Charicha Institute/ci-website/styles/courses/courses_page.module.css 1:: WatchInfo: c:/Charicha Dev/Charicha Institute/ci-website/styles/courses/courses_page.module.css 500 undefined WatchType: Closed Script info
Info 455  [22:31:47.650] Elapsed:: 0.16280001401901245ms FileWatcher:: Triggered with c:/Charicha Dev/Charicha Institute/ci-website/styles/courses/courses_page.module.css 1:: WatchInfo: c:/Charicha Dev/Charicha Institute/ci-website/styles/courses/courses_page.module.css 500 undefined WatchType: Closed Script info
Info 456  [22:31:53.680] FileWatcher:: Triggered with c:/Charicha Dev/Charicha Institute/ci-website/styles/courses/courses_page.module.css 1:: WatchInfo: c:/Charicha Dev/Charicha Institute/ci-website/styles/courses/courses_page.module.css 500 undefined WatchType: Closed Script info
Info 457  [22:31:53.681] Elapsed:: 0.033499956130981445ms FileWatcher:: Triggered with c:/Charicha Dev/Charicha Institute/ci-website/styles/courses/courses_page.module.css 1:: WatchInfo: c:/Charicha Dev/Charicha Institute/ci-website/styles/courses/courses_page.module.css 500 undefined WatchType: Closed Script info
Info 458  [22:31:59.692] FileWatcher:: Triggered with c:/Charicha Dev/Charicha Institute/ci-website/styles/courses/courses_page.module.css 1:: WatchInfo: c:/Charicha Dev/Charicha Institute/ci-website/styles/courses/courses_page.module.css 500 undefined WatchType: Closed Script info
Info 459  [22:31:59.692] Elapsed:: 0.03239995241165161ms FileWatcher:: Triggered with c:/Charicha Dev/Charicha Institute/ci-website/styles/courses/courses_page.module.css 1:: WatchInfo: c:/Charicha Dev/Charicha Institute/ci-website/styles/courses/courses_page.module.css 500 undefined WatchType: Closed Script info
Info 460  [22:32:03.628] Starting updateGraphWorker: Project: /dev/null/inferredProject1*
Info 461  [22:32:03.681] Finishing updateGraphWorker: Project: /dev/null/inferredProject1* Version: 61 structureChanged: false structureIsReused:: Completely Elapsed: 52.28179997205734ms
Info 462  [22:32:03.681] Different program with same set of files
Info 463  [22:32:13.865] FileWatcher:: Triggered with c:/Charicha Dev/Charicha Institute/ci-website/styles/courses/courses_page.module.css 1:: WatchInfo: c:/Charicha Dev/Charicha Institute/ci-website/styles/courses/courses_page.module.css 500 undefined WatchType: Closed Script info
Info 464  [22:32:13.865] Elapsed:: 0.019899964332580566ms FileWatcher:: Triggered with c:/Charicha Dev/Charicha Institute/ci-website/styles/courses/courses_page.module.css 1:: WatchInfo: c:/Charicha Dev/Charicha Institute/ci-website/styles/courses/courses_page.module.css 500 undefined WatchType: Closed Script info
Info 465  [22:32:14.846] Starting updateGraphWorker: Project: /dev/null/inferredProject1*
Info 466  [22:32:14.888] Finishing updateGraphWorker: Project: /dev/null/inferredProject1* Version: 62 structureChanged: false structureIsReused:: Completely Elapsed: 42.65869998931885ms
Info 467  [22:32:14.888] Different program with same set of files
Info 468  [22:32:14.889] getCompletionData: Get current token: 0.011500000953674316
Info 469  [22:32:14.889] getCompletionData: Is inside comment: 0.00270003080368042
Info 470  [22:32:14.889] getCompletionData: Get previous token: 0.22579997777938843
Info 471  [22:32:14.889] getCompletionsAtPosition: isCompletionListBlocker: 0.00989997386932373
Info 472  [22:32:14.889] Returning an empty list because completion was requested in an invalid position.
Info 473  [22:32:15.019] getCompletionData: Get current token: 0.009900033473968506
Info 474  [22:32:15.019] getCompletionData: Is inside comment: 0.002499997615814209
Info 475  [22:32:15.019] getCompletionData: Get previous token: 0.024199962615966797
Info 476  [22:32:15.019] getCompletionsAtPosition: isCompletionListBlocker: 0.007899999618530273
Info 477  [22:32:15.019] Returning an empty list because completion was requested in an invalid position.
Info 478  [22:32:15.898] Starting updateGraphWorker: Project: /dev/null/inferredProject1*
Info 479  [22:32:15.933] Finishing updateGraphWorker: Project: /dev/null/inferredProject1* Version: 63 structureChanged: false structureIsReused:: Completely Elapsed: 35.092599987983704ms
Info 480  [22:32:15.934] Different program with same set of files
Info 481  [22:32:15.935] getCompletionData: Get current token: 0.01260000467300415
Info 482  [22:32:15.935] getCompletionData: Is inside comment: 0.00270003080368042
Info 483  [22:32:15.935] getCompletionData: Get previous token: 0.03200000524520874
Info 484  [22:32:15.935] getCompletionsAtPosition: isCompletionListBlocker: 0.007899999618530273
Info 485  [22:32:15.935] Returning an empty list because completion was requested in an invalid position.
Info 486  [22:32:16.095] getCompletionData: Get current token: 0.019299983978271484
Info 487  [22:32:16.095] getCompletionData: Is inside comment: 0.005299985408782959
Info 488  [22:32:16.095] getCompletionData: Get previous token: 0.047200024127960205
Info 489  [22:32:16.095] getCompletionsAtPosition: isCompletionListBlocker: 0.014699995517730713
Info 490  [22:32:16.095] Returning an empty list because completion was requested in an invalid position.
Info 491  [22:32:16.492] Starting updateGraphWorker: Project: /dev/null/inferredProject1*
Info 492  [22:32:16.518] Finishing updateGraphWorker: Project: /dev/null/inferredProject1* Version: 64 structureChanged: false structureIsReused:: Completely Elapsed: 25.537000000476837ms
Info 493  [22:32:16.518] Different program with same set of files
Info 494  [22:32:16.519] getCompletionData: Get current token: 0.011399984359741211
Info 495  [22:32:16.519] getCompletionData: Is inside comment: 0.0026000142097473145
Info 496  [22:32:16.519] getCompletionData: Get previous token: 0.031800031661987305
Info 497  [22:32:16.519] getCompletionsAtPosition: isCompletionListBlocker: 0.008599996566772461
Info 498  [22:32:16.519] Returning an empty list because completion was requested in an invalid position.
Info 499  [22:32:16.646] getCompletionData: Get current token: 0.010299980640411377
Info 500  [22:32:16.646] getCompletionData: Is inside comment: 0.002499997615814209
Info 501  [22:32:16.646] getCompletionData: Get previous token: 0.024899959564208984
Info 502  [22:32:16.646] getCompletionsAtPosition: isCompletionListBlocker: 0.008499979972839355
Info 503  [22:32:16.646] Returning an empty list because completion was requested in an invalid position.
Info 504  [22:32:17.565] Starting updateGraphWorker: Project: /dev/null/inferredProject1*
Info 505  [22:32:17.600] Finishing updateGraphWorker: Project: /dev/null/inferredProject1* Version: 65 structureChanged: false structureIsReused:: Completely Elapsed: 35.03939998149872ms
Info 506  [22:32:17.600] Different program with same set of files
Info 507  [22:32:17.601] getCompletionData: Get current token: 0.011599957942962646
Info 508  [22:32:17.601] getCompletionData: Is inside comment: 0.0026000142097473145
Info 509  [22:32:17.601] getCompletionData: Get previous token: 0.031599998474121094
Info 510  [22:32:17.601] getCompletionsAtPosition: isCompletionListBlocker: 0.008599996566772461
Info 511  [22:32:17.601] Returning an empty list because completion was requested in an invalid position.
Info 512  [22:32:17.745] getCompletionData: Get current token: 0.010200023651123047
Info 513  [22:32:17.745] getCompletionData: Is inside comment: 0.0029999613761901855
Info 514  [22:32:17.745] getCompletionData: Get previous token: 0.025799989700317383
Info 515  [22:32:17.745] getCompletionsAtPosition: isCompletionListBlocker: 0.009199976921081543
Info 516  [22:32:17.745] Returning an empty list because completion was requested in an invalid position.
Info 517  [22:32:18.547] Starting updateGraphWorker: Project: /dev/null/inferredProject1*
Info 518  [22:32:18.576] Finishing updateGraphWorker: Project: /dev/null/inferredProject1* Version: 66 structureChanged: false structureIsReused:: Completely Elapsed: 28.61890000104904ms
Info 519  [22:32:18.576] Different program with same set of files
Info 520  [22:32:18.716] getCompletionData: Get current token: 0.012000024318695068
Info 521  [22:32:18.716] getCompletionData: Is inside comment: 0.0034999847412109375
Info 522  [22:32:18.716] getCompletionData: Get previous token: 0.044700026512145996
Info 523  [22:32:18.716] getCompletionsAtPosition: isCompletionListBlocker: 0.008400022983551025
Info 524  [22:32:18.716] Returning an empty list because completion was requested in an invalid position.
Info 525  [22:32:18.716] getCompletionData: Get current token: 0.01660001277923584
Info 526  [22:32:18.716] getCompletionData: Is inside comment: 0.0042999982833862305
Info 527  [22:32:18.717] getCompletionData: Get previous token: 0.0406000018119812
Info 528  [22:32:18.717] getCompletionsAtPosition: isCompletionListBlocker: 0.00830000638961792
Info 529  [22:32:18.717] Returning an empty list because completion was requested in an invalid position.
Info 530  [22:32:18.719] Format host information updated
Info 531  [22:32:18.719] Starting updateGraphWorker: Project: /dev/null/inferredProject1*
Info 532  [22:32:18.745] Finishing updateGraphWorker: Project: /dev/null/inferredProject1* Version: 67 structureChanged: false structureIsReused:: Completely Elapsed: 25.913500010967255ms
Info 533  [22:32:18.745] Different program with same set of files
Info 534  [22:32:18.875] Starting updateGraphWorker: Project: /dev/null/inferredProject1*
Info 535  [22:32:18.908] Finishing updateGraphWorker: Project: /dev/null/inferredProject1* Version: 68 structureChanged: false structureIsReused:: Completely Elapsed: 32.8342000246048ms
Info 536  [22:32:18.908] Different program with same set of files
Info 537  [22:32:19.716] Starting updateGraphWorker: Project: /dev/null/inferredProject1*
Info 538  [22:32:19.740] Finishing updateGraphWorker: Project: /dev/null/inferredProject1* Version: 69 structureChanged: false structureIsReused:: Completely Elapsed: 23.409699976444244ms
Info 539  [22:32:19.740] Different program with same set of files
Info 540  [22:32:21.369] Starting updateGraphWorker: Project: /dev/null/inferredProject1*
Info 541  [22:32:21.399] Finishing updateGraphWorker: Project: /dev/null/inferredProject1* Version: 70 structureChanged: false structureIsReused:: Completely Elapsed: 30.571200013160706ms
Info 542  [22:32:21.399] Different program with same set of files
Info 543  [22:32:24.045] Starting updateGraphWorker: Project: /dev/null/inferredProject1*
Info 544  [22:32:24.068] Finishing updateGraphWorker: Project: /dev/null/inferredProject1* Version: 71 structureChanged: false structureIsReused:: Completely Elapsed: 23.339900016784668ms
Info 545  [22:32:24.068] Different program with same set of files
Info 546  [22:32:24.308] Starting updateGraphWorker: Project: /dev/null/inferredProject1*
Info 547  [22:32:24.332] Finishing updateGraphWorker: Project: /dev/null/inferredProject1* Version: 72 structureChanged: false structureIsReused:: Completely Elapsed: 23.775499999523163ms
Info 548  [22:32:24.332] Different program with same set of files
Info 549  [22:32:24.463] Starting updateGraphWorker: Project: /dev/null/inferredProject1*
Info 550  [22:32:24.633] Finishing updateGraphWorker: Project: /dev/null/inferredProject1* Version: 73 structureChanged: false structureIsReused:: Completely Elapsed: 170.42849999666214ms
Info 551  [22:32:24.633] Different program with same set of files
Info 552  [22:32:25.201] Starting updateGraphWorker: Project: /dev/null/inferredProject1*
Info 553  [22:32:25.228] Finishing updateGraphWorker: Project: /dev/null/inferredProject1* Version: 74 structureChanged: false structureIsReused:: Completely Elapsed: 27.123400032520294ms
Info 554  [22:32:25.228] Different program with same set of files
Info 555  [22:32:25.229] getCompletionData: Get current token: 0.0176999568939209
Info 556  [22:32:25.229] getCompletionData: Is inside comment: 0.0029999613761901855
Info 557  [22:32:25.229] getCompletionData: Get previous token: 0.041900038719177246
Info 558  [22:32:25.229] getCompletionsAtPosition: isCompletionListBlocker: 0.00959998369216919
Info 559  [22:32:25.229] Returning an empty list because completion was requested in an invalid position.
Info 560  [22:32:25.404] getCompletionData: Get current token: 0.015799999237060547
Info 561  [22:32:25.404] getCompletionData: Is inside comment: 0.003600001335144043
Info 562  [22:32:25.404] getCompletionData: Get previous token: 0.026699960231781006
Info 563  [22:32:25.404] getCompletionsAtPosition: isCompletionListBlocker: 0.010100007057189941
Info 564  [22:32:25.404] Returning an empty list because completion was requested in an invalid position.
Info 565  [22:32:52.007] FileWatcher:: Triggered with c:/Charicha Dev/Charicha Institute/ci-website/styles/courses/courses_page.module.css 1:: WatchInfo: c:/Charicha Dev/Charicha Institute/ci-website/styles/courses/courses_page.module.css 500 undefined WatchType: Closed Script info
Info 566  [22:32:52.008] Elapsed:: 0.11779999732971191ms FileWatcher:: Triggered with c:/Charicha Dev/Charicha Institute/ci-website/styles/courses/courses_page.module.css 1:: WatchInfo: c:/Charicha Dev/Charicha Institute/ci-website/styles/courses/courses_page.module.css 500 undefined WatchType: Closed Script info
Info 567  [22:33:08.079] FileWatcher:: Triggered with c:/Charicha Dev/Charicha Institute/ci-website/styles/courses/courses_page.module.css 1:: WatchInfo: c:/Charicha Dev/Charicha Institute/ci-website/styles/courses/courses_page.module.css 500 undefined WatchType: Closed Script info
Info 568  [22:33:08.079] Elapsed:: 0.017300009727478027ms FileWatcher:: Triggered with c:/Charicha Dev/Charicha Institute/ci-website/styles/courses/courses_page.module.css 1:: WatchInfo: c:/Charicha Dev/Charicha Institute/ci-website/styles/courses/courses_page.module.css 500 undefined WatchType: Closed Script info
Info 569  [22:33:32.189] FileWatcher:: Triggered with c:/Charicha Dev/Charicha Institute/ci-website/styles/courses/courses_page.module.css 1:: WatchInfo: c:/Charicha Dev/Charicha Institute/ci-website/styles/courses/courses_page.module.css 500 undefined WatchType: Closed Script info
Info 570  [22:33:32.189] Elapsed:: 0.024200022220611572ms FileWatcher:: Triggered with c:/Charicha Dev/Charicha Institute/ci-website/styles/courses/courses_page.module.css 1:: WatchInfo: c:/Charicha Dev/Charicha Institute/ci-website/styles/courses/courses_page.module.css 500 undefined WatchType: Closed Script info
Info 571  [22:33:46.720] DirectoryWatcher:: Triggered with c:/Charicha Dev/Charicha Institute/ci-website/styles/courses/#courses_page.module.css# :: WatchInfo: c:/Charicha Dev/Charicha Institute/ci-website/styles 1 undefined Project: /dev/null/inferredProject1* WatchType: Failed Lookup Locations
Info 572  [22:33:46.721] Elapsed:: 0.38599997758865356ms DirectoryWatcher:: Triggered with c:/Charicha Dev/Charicha Institute/ci-website/styles/courses/#courses_page.module.css# :: WatchInfo: c:/Charicha Dev/Charicha Institute/ci-website/styles 1 undefined Project: /dev/null/inferredProject1* WatchType: Failed Lookup Locations
Info 573  [22:33:46.721] DirectoryWatcher:: Triggered with c:/Charicha Dev/Charicha Institute/ci-website/styles/courses/#courses_page.module.css# :: WatchInfo: c:/Charicha Dev/Charicha Institute/ci-website/styles 1 undefined Project: /dev/null/inferredProject2* WatchType: Failed Lookup Locations
Info 574  [22:33:46.721] Elapsed:: 0.03419995307922363ms DirectoryWatcher:: Triggered with c:/Charicha Dev/Charicha Institute/ci-website/styles/courses/#courses_page.module.css# :: WatchInfo: c:/Charicha Dev/Charicha Institute/ci-website/styles 1 undefined Project: /dev/null/inferredProject2* WatchType: Failed Lookup Locations
Info 575  [22:33:54.189] DirectoryWatcher:: Triggered with c:/Charicha Dev/Charicha Institute/ci-website/styles/courses/#courses_page.module.css# :: WatchInfo: c:/Charicha Dev/Charicha Institute/ci-website/styles 1 undefined Project: /dev/null/inferredProject1* WatchType: Failed Lookup Locations
Info 576  [22:33:54.190] Elapsed:: 0.07770001888275146ms DirectoryWatcher:: Triggered with c:/Charicha Dev/Charicha Institute/ci-website/styles/courses/#courses_page.module.css# :: WatchInfo: c:/Charicha Dev/Charicha Institute/ci-website/styles 1 undefined Project: /dev/null/inferredProject1* WatchType: Failed Lookup Locations
Info 577  [22:33:54.190] DirectoryWatcher:: Triggered with c:/Charicha Dev/Charicha Institute/ci-website/styles/courses/#courses_page.module.css# :: WatchInfo: c:/Charicha Dev/Charicha Institute/ci-website/styles 1 undefined Project: /dev/null/inferredProject2* WatchType: Failed Lookup Locations
Info 578  [22:33:54.190] Elapsed:: 0.02640002965927124ms DirectoryWatcher:: Triggered with c:/Charicha Dev/Charicha Institute/ci-website/styles/courses/#courses_page.module.css# :: WatchInfo: c:/Charicha Dev/Charicha Institute/ci-website/styles 1 undefined Project: /dev/null/inferredProject2* WatchType: Failed Lookup Locations
Info 579  [22:33:54.293] FileWatcher:: Triggered with c:/Charicha Dev/Charicha Institute/ci-website/styles/courses/courses_page.module.css 1:: WatchInfo: c:/Charicha Dev/Charicha Institute/ci-website/styles/courses/courses_page.module.css 500 undefined WatchType: Closed Script info
Info 580  [22:33:54.294] Elapsed:: 0.055299997329711914ms FileWatcher:: Triggered with c:/Charicha Dev/Charicha Institute/ci-website/styles/courses/courses_page.module.css 1:: WatchInfo: c:/Charicha Dev/Charicha Institute/ci-website/styles/courses/courses_page.module.css 500 undefined WatchType: Closed Script info
Info 581  [22:34:00.312] FileWatcher:: Triggered with c:/Charicha Dev/Charicha Institute/ci-website/styles/courses/courses_page.module.css 1:: WatchInfo: c:/Charicha Dev/Charicha Institute/ci-website/styles/courses/courses_page.module.css 500 undefined WatchType: Closed Script info
Info 582  [22:34:00.312] Elapsed:: 0.016000032424926758ms FileWatcher:: Triggered with c:/Charicha Dev/Charicha Institute/ci-website/styles/courses/courses_page.module.css 1:: WatchInfo: c:/Charicha Dev/Charicha Institute/ci-website/styles/courses/courses_page.module.css 500 undefined WatchType: Closed Script info
Info 583  [22:34:14.375] FileWatcher:: Triggered with c:/Charicha Dev/Charicha Institute/ci-website/styles/courses/courses_page.module.css 1:: WatchInfo: c:/Charicha Dev/Charicha Institute/ci-website/styles/courses/courses_page.module.css 500 undefined WatchType: Closed Script info
Info 584  [22:34:14.375] Elapsed:: 0.031599998474121094ms FileWatcher:: Triggered with c:/Charicha Dev/Charicha Institute/ci-website/styles/courses/courses_page.module.css 1:: WatchInfo: c:/Charicha Dev/Charicha Institute/ci-website/styles/courses/courses_page.module.css 500 undefined WatchType: Closed Script info
Info 585  [22:34:32.451] FileWatcher:: Triggered with c:/Charicha Dev/Charicha Institute/ci-website/styles/courses/courses_page.module.css 1:: WatchInfo: c:/Charicha Dev/Charicha Institute/ci-website/styles/courses/courses_page.module.css 500 undefined WatchType: Closed Script info
Info 586  [22:34:32.451] Elapsed:: 0.03350001573562622ms FileWatcher:: Triggered with c:/Charicha Dev/Charicha Institute/ci-website/styles/courses/courses_page.module.css 1:: WatchInfo: c:/Charicha Dev/Charicha Institute/ci-website/styles/courses/courses_page.module.css 500 undefined WatchType: Closed Script info
Info 587  [22:34:38.478] FileWatcher:: Triggered with c:/Charicha Dev/Charicha Institute/ci-website/styles/courses/courses_page.module.css 1:: WatchInfo: c:/Charicha Dev/Charicha Institute/ci-website/styles/courses/courses_page.module.css 500 undefined WatchType: Closed Script info
Info 588  [22:34:38.478] Elapsed:: 0.01949995756149292ms FileWatcher:: Triggered with c:/Charicha Dev/Charicha Institute/ci-website/styles/courses/courses_page.module.css 1:: WatchInfo: c:/Charicha Dev/Charicha Institute/ci-website/styles/courses/courses_page.module.css 500 undefined WatchType: Closed Script info
Info 589  [22:34:44.492] FileWatcher:: Triggered with c:/Charicha Dev/Charicha Institute/ci-website/styles/courses/courses_page.module.css 1:: WatchInfo: c:/Charicha Dev/Charicha Institute/ci-website/styles/courses/courses_page.module.css 500 undefined WatchType: Closed Script info
Info 590  [22:34:44.492] Elapsed:: 0.014800012111663818ms FileWatcher:: Triggered with c:/Charicha Dev/Charicha Institute/ci-website/styles/courses/courses_page.module.css 1:: WatchInfo: c:/Charicha Dev/Charicha Institute/ci-website/styles/courses/courses_page.module.css 500 undefined WatchType: Closed Script info
Info 591  [22:34:52.526] FileWatcher:: Triggered with c:/Charicha Dev/Charicha Institute/ci-website/styles/courses/courses_page.module.css 1:: WatchInfo: c:/Charicha Dev/Charicha Institute/ci-website/styles/courses/courses_page.module.css 500 undefined WatchType: Closed Script info
Info 592  [22:34:52.526] Elapsed:: 0.01510000228881836ms FileWatcher:: Triggered with c:/Charicha Dev/Charicha Institute/ci-website/styles/courses/courses_page.module.css 1:: WatchInfo: c:/Charicha Dev/Charicha Institute/ci-website/styles/courses/courses_page.module.css 500 undefined WatchType: Closed Script info
Info 593  [22:35:08.588] FileWatcher:: Triggered with c:/Charicha Dev/Charicha Institute/ci-website/styles/courses/courses_page.module.css 1:: WatchInfo: c:/Charicha Dev/Charicha Institute/ci-website/styles/courses/courses_page.module.css 500 undefined WatchType: Closed Script info
Info 594  [22:35:08.588] Elapsed:: 0.021399974822998047ms FileWatcher:: Triggered with c:/Charicha Dev/Charicha Institute/ci-website/styles/courses/courses_page.module.css 1:: WatchInfo: c:/Charicha Dev/Charicha Institute/ci-website/styles/courses/courses_page.module.css 500 undefined WatchType: Closed Script info
Info 595  [22:46:00.924] FileWatcher:: Triggered with c:/Charicha Dev/Charicha Institute/ci-website/styles/courses/courses_page.module.css 1:: WatchInfo: c:/Charicha Dev/Charicha Institute/ci-website/styles/courses/courses_page.module.css 500 undefined WatchType: Closed Script info
Info 596  [22:46:00.924] Elapsed:: 0.0382000207901001ms FileWatcher:: Triggered with c:/Charicha Dev/Charicha Institute/ci-website/styles/courses/courses_page.module.css 1:: WatchInfo: c:/Charicha Dev/Charicha Institute/ci-website/styles/courses/courses_page.module.css 500 undefined WatchType: Closed Script info
Info 597  [22:46:10.969] FileWatcher:: Triggered with c:/Charicha Dev/Charicha Institute/ci-website/styles/courses/courses_page.module.css 1:: WatchInfo: c:/Charicha Dev/Charicha Institute/ci-website/styles/courses/courses_page.module.css 500 undefined WatchType: Closed Script info
Info 598  [22:46:10.969] Elapsed:: 0.016499996185302734ms FileWatcher:: Triggered with c:/Charicha Dev/Charicha Institute/ci-website/styles/courses/courses_page.module.css 1:: WatchInfo: c:/Charicha Dev/Charicha Institute/ci-website/styles/courses/courses_page.module.css 500 undefined WatchType: Closed Script info
Info 599  [22:46:21.032] FileWatcher:: Triggered with c:/Charicha Dev/Charicha Institute/ci-website/styles/courses/courses_page.module.css 1:: WatchInfo: c:/Charicha Dev/Charicha Institute/ci-website/styles/courses/courses_page.module.css 500 undefined WatchType: Closed Script info
Info 600  [22:46:21.033] Elapsed:: 0.1406000256538391ms FileWatcher:: Triggered with c:/Charicha Dev/Charicha Institute/ci-website/styles/courses/courses_page.module.css 1:: WatchInfo: c:/Charicha Dev/Charicha Institute/ci-website/styles/courses/courses_page.module.css 500 undefined WatchType: Closed Script info
Info 601  [22:46:28.181] Starting updateGraphWorker: Project: /dev/null/inferredProject1*
Info 602  [22:46:28.329] Finishing updateGraphWorker: Project: /dev/null/inferredProject1* Version: 75 structureChanged: false structureIsReused:: Completely Elapsed: 147.35390001535416ms
Info 603  [22:46:28.329] Different program with same set of files
Info 604  [22:46:28.574] Starting updateGraphWorker: Project: /dev/null/inferredProject1*
Info 605  [22:46:28.609] Finishing updateGraphWorker: Project: /dev/null/inferredProject1* Version: 76 structureChanged: false structureIsReused:: Completely Elapsed: 34.690500020980835ms
Info 606  [22:46:28.609] Different program with same set of files
Info 607  [22:46:29.974] Starting updateGraphWorker: Project: /dev/null/inferredProject1*
Info 608  [22:46:30.006] Finishing updateGraphWorker: Project: /dev/null/inferredProject1* Version: 77 structureChanged: false structureIsReused:: Completely Elapsed: 31.871399998664856ms
Info 609  [22:46:30.006] Different program with same set of files
Info 610  [22:46:30.009] getCompletionData: Get current token: 0.026699960231781006
Info 611  [22:46:30.009] getCompletionData: Is inside comment: 0.0042999982833862305
Info 612  [22:46:30.009] getCompletionData: Get previous token: 0.05460000038146973
Info 613  [22:46:30.009] getCompletionsAtPosition: isCompletionListBlocker: 0.25029999017715454
Info 614  [22:46:30.009] Returning an empty list because completion was requested in an invalid position.
Info 615  [22:46:30.161] getCompletionData: Get current token: 0.015999972820281982
Info 616  [22:46:30.161] getCompletionData: Is inside comment: 0.0029000043869018555
Info 617  [22:46:30.161] getCompletionData: Get previous token: 0.026899993419647217
Info 618  [22:46:30.161] getCompletionsAtPosition: isCompletionListBlocker: 0.00850003957748413
Info 619  [22:46:30.161] Returning an empty list because completion was requested in an invalid position.
Info 620  [22:48:01.380] FileWatcher:: Triggered with c:/Charicha Dev/Charicha Institute/ci-website/styles/courses/courses_page.module.css 1:: WatchInfo: c:/Charicha Dev/Charicha Institute/ci-website/styles/courses/courses_page.module.css 500 undefined WatchType: Closed Script info
Info 621  [22:48:01.380] Elapsed:: 0.026000022888183594ms FileWatcher:: Triggered with c:/Charicha Dev/Charicha Institute/ci-website/styles/courses/courses_page.module.css 1:: WatchInfo: c:/Charicha Dev/Charicha Institute/ci-website/styles/courses/courses_page.module.css 500 undefined WatchType: Closed Script info
Info 622  [22:48:47.609] FileWatcher:: Triggered with c:/Charicha Dev/Charicha Institute/ci-website/styles/courses/courses_page.module.css 1:: WatchInfo: c:/Charicha Dev/Charicha Institute/ci-website/styles/courses/courses_page.module.css 500 undefined WatchType: Closed Script info
Info 623  [22:48:47.609] Elapsed:: 0.03509998321533203ms FileWatcher:: Triggered with c:/Charicha Dev/Charicha Institute/ci-website/styles/courses/courses_page.module.css 1:: WatchInfo: c:/Charicha Dev/Charicha Institute/ci-website/styles/courses/courses_page.module.css 500 undefined WatchType: Closed Script info
Info 624  [22:49:09.676] FileWatcher:: Triggered with c:/Charicha Dev/Charicha Institute/ci-website/styles/courses/courses_page.module.css 1:: WatchInfo: c:/Charicha Dev/Charicha Institute/ci-website/styles/courses/courses_page.module.css 500 undefined WatchType: Closed Script info
Info 625  [22:49:09.676] Elapsed:: 0.028599977493286133ms FileWatcher:: Triggered with c:/Charicha Dev/Charicha Institute/ci-website/styles/courses/courses_page.module.css 1:: WatchInfo: c:/Charicha Dev/Charicha Institute/ci-website/styles/courses/courses_page.module.css 500 undefined WatchType: Closed Script info
Info 626  [22:49:13.695] FileWatcher:: Triggered with c:/Charicha Dev/Charicha Institute/ci-website/styles/courses/courses_page.module.css 1:: WatchInfo: c:/Charicha Dev/Charicha Institute/ci-website/styles/courses/courses_page.module.css 500 undefined WatchType: Closed Script info
Info 627  [22:49:13.695] Elapsed:: 0.029900014400482178ms FileWatcher:: Triggered with c:/Charicha Dev/Charicha Institute/ci-website/styles/courses/courses_page.module.css 1:: WatchInfo: c:/Charicha Dev/Charicha Institute/ci-website/styles/courses/courses_page.module.css 500 undefined WatchType: Closed Script info
